[ 2018-09-06T09:32:52+08:00 ] 127.0.0.1 /favicon.ico
INFO: [ app_init ] --START--
INFO: Run Behavior\BuildLiteBehavior [ RunTime:0.000009s ]
INFO: [ app_init ] --END-- [ RunTime:0.000045s ]
ERR: 无法加载模块:Favicon

[ 2018-09-06T09:32:57+08:00 ] 127.0.0.1 /Public/home/js/swiper.min.js.map
INFO: [ app_init ] --START--
INFO: Run Behavior\BuildLiteBehavior [ RunTime:0.000009s ]
INFO: [ app_init ] --END-- [ RunTime:0.000042s ]
ERR: 无法加载模块:Public

[ 2018-09-06T09:34:31+08:00 ] 127.0.0.1 /Public/Images/login-bg-1.jpg
INFO: [ app_init ] --START--
INFO: Run Behavior\BuildLiteBehavior [ RunTime:0.000009s ]
INFO: [ app_init ] --END-- [ RunTime:0.000042s ]
ERR: 无法加载模块:Public

[ 2018-09-06T09:36:13+08:00 ] 127.0.0.1 /Public/Images/login-bg-1.jpg
INFO: [ app_init ] --START--
INFO: Run Behavior\BuildLiteBehavior [ RunTime:0.000011s ]
INFO: [ app_init ] --END-- [ RunTime:0.000048s ]
ERR: 无法加载模块:Public

[ 2018-09-06T09:41:00+08:00 ] 127.0.0.1 /Public/Images/login-bg-1.jpg
INFO: [ app_init ] --START--
INFO: Run Behavior\BuildLiteBehavior [ RunTime:0.000009s ]
INFO: [ app_init ] --END-- [ RunTime:0.000062s ]
ERR: 无法加载模块:Public

[ 2018-09-06T09:41:28+08:00 ] 127.0.0.1 /Public/Images/login-bg-1.jpg
INFO: [ app_init ] --START--
INFO: Run Behavior\BuildLiteBehavior [ RunTime:0.000145s ]
INFO: [ app_init ] --END-- [ RunTime:0.000514s ]
ERR: 无法加载模块:Public

[ 2018-09-06T09:42:12+08:00 ] 127.0.0.1 /Public/Images/login-bg-1.jpg
INFO: [ app_init ] --START--
INFO: Run Behavior\BuildLiteBehavior [ RunTime:0.000010s ]
INFO: [ app_init ] --END-- [ RunTime:0.000044s ]
ERR: 无法加载模块:Public

[ 2018-09-06T09:52:10+08:00 ] 127.0.0.1 /favicon.ico
INFO: [ app_init ] --START--
INFO: Run Behavior\BuildLiteBehavior [ RunTime:0.000007s ]
INFO: [ app_init ] --END-- [ RunTime:0.000040s ]
ERR: 无法加载模块:Favicon

[ 2018-09-06T10:03:00+08:00 ] 127.0.0.1 /Public/Images/login-bg-1.jpg
INFO: [ app_init ] --START--
INFO: Run Behavior\BuildLiteBehavior [ RunTime:0.000009s ]
INFO: [ app_init ] --END-- [ RunTime:0.000044s ]
ERR: 无法加载模块:Public

[ 2018-09-06T10:03:59+08:00 ] 127.0.0.1 /Public//Public/upload/2018-06-19/5b28c3511ae20.jpg
INFO: [ app_init ] --START--
INFO: Run Behavior\BuildLiteBehavior [ RunTime:0.000008s ]
INFO: [ app_init ] --END-- [ RunTime:0.000042s ]
ERR: 无法加载模块:Public

[ 2018-09-06T10:03:59+08:00 ] 127.0.0.1 /Public//Public/upload/2018-06-19/5b28c28b594ea.jpg
INFO: [ app_init ] --START--
INFO: Run Behavior\BuildLiteBehavior [ RunTime:0.000009s ]
INFO: [ app_init ] --END-- [ RunTime:0.000048s ]
ERR: 无法加载模块:Public

[ 2018-09-06T10:04:54+08:00 ] 127.0.0.1 /Public//Public/upload/2018-06-19/5b28c3511ae20.jpg
INFO: [ app_init ] --START--
INFO: Run Behavior\BuildLiteBehavior [ RunTime:0.000010s ]
INFO: [ app_init ] --END-- [ RunTime:0.000048s ]
ERR: 无法加载模块:Public

[ 2018-09-06T10:04:54+08:00 ] 127.0.0.1 /Public//Public/upload/2018-06-19/5b28c28b594ea.jpg
INFO: [ app_init ] --START--
INFO: Run Behavior\BuildLiteBehavior [ RunTime:0.000009s ]
INFO: [ app_init ] --END-- [ RunTime:0.000042s ]
ERR: 无法加载模块:Public

[ 2018-09-06T10:05:02+08:00 ] 127.0.0.1 /Public//Public/upload/2018-06-19/5b28c3511ae20.jpg
INFO: [ app_init ] --START--
INFO: Run Behavior\BuildLiteBehavior [ RunTime:0.000010s ]
INFO: [ app_init ] --END-- [ RunTime:0.000049s ]
ERR: 无法加载模块:Public

[ 2018-09-06T10:05:02+08:00 ] 127.0.0.1 /Public//Public/upload/2018-06-19/5b28c28b594ea.jpg
INFO: [ app_init ] --START--
INFO: Run Behavior\BuildLiteBehavior [ RunTime:0.000008s ]
INFO: [ app_init ] --END-- [ RunTime:0.000042s ]
ERR: 无法加载模块:Public

[ 2018-09-06T10:58:33+08:00 ] 127.0.0.1 /Public//Public/upload/2018-06-19/5b28c3511ae20.jpg
INFO: [ app_init ] --START--
INFO: Run Behavior\BuildLiteBehavior [ RunTime:0.000012s ]
INFO: [ app_init ] --END-- [ RunTime:0.000049s ]
ERR: 无法加载模块:Public

[ 2018-09-06T10:58:33+08:00 ] 127.0.0.1 /Public//Public/upload/2018-06-19/5b28c28b594ea.jpg
INFO: [ app_init ] --START--
INFO: Run Behavior\BuildLiteBehavior [ RunTime:0.000013s ]
INFO: [ app_init ] --END-- [ RunTime:0.000127s ]
ERR: 无法加载模块:Public

[ 2018-09-06T11:04:12+08:00 ] 127.0.0.1 /Public//Public/upload/2018-06-19/5b28c3511ae20.jpg
INFO: [ app_init ] --START--
INFO: Run Behavior\BuildLiteBehavior [ RunTime:0.000009s ]
INFO: [ app_init ] --END-- [ RunTime:0.000046s ]
ERR: 无法加载模块:Public

[ 2018-09-06T11:04:12+08:00 ] 127.0.0.1 /Public//Public/upload/2018-06-19/5b28c28b594ea.jpg
INFO: [ app_init ] --START--
INFO: Run Behavior\BuildLiteBehavior [ RunTime:0.000009s ]
INFO: [ app_init ] --END-- [ RunTime:0.000041s ]
ERR: 无法加载模块:Public

[ 2018-09-06T11:11:58+08:00 ] 127.0.0.1 /Public//Public/upload/2018-06-19/5b28c3511ae20.jpg
INFO: [ app_init ] --START--
INFO: Run Behavior\BuildLiteBehavior [ RunTime:0.000009s ]
INFO: [ app_init ] --END-- [ RunTime:0.000044s ]
ERR: 无法加载模块:Public

[ 2018-09-06T11:11:58+08:00 ] 127.0.0.1 /Public//Public/upload/2018-06-19/5b28c28b594ea.jpg
INFO: [ app_init ] --START--
INFO: Run Behavior\BuildLiteBehavior [ RunTime:0.000009s ]
INFO: [ app_init ] --END-- [ RunTime:0.000043s ]
ERR: 无法加载模块:Public

[ 2018-09-06T11:17:46+08:00 ] 127.0.0.1 /Public//Public/upload/2018-06-19/5b28c3511ae20.jpg
INFO: [ app_init ] --START--
INFO: Run Behavior\BuildLiteBehavior [ RunTime:0.000009s ]
INFO: [ app_init ] --END-- [ RunTime:0.000046s ]
ERR: 无法加载模块:Public

[ 2018-09-06T11:17:46+08:00 ] 127.0.0.1 /Public//Public/upload/2018-06-19/5b28c28b594ea.jpg
INFO: [ app_init ] --START--
INFO: Run Behavior\BuildLiteBehavior [ RunTime:0.000010s ]
INFO: [ app_init ] --END-- [ RunTime:0.000047s ]
ERR: 无法加载模块:Public

[ 2018-09-06T11:20:59+08:00 ] 127.0.0.1 /Public//Public/upload/2018-06-19/5b28c3511ae20.jpg
INFO: [ app_init ] --START--
INFO: Run Behavior\BuildLiteBehavior [ RunTime:0.000009s ]
INFO: [ app_init ] --END-- [ RunTime:0.000042s ]
ERR: 无法加载模块:Public

[ 2018-09-06T11:20:59+08:00 ] 127.0.0.1 /Public//Public/upload/2018-06-19/5b28c28b594ea.jpg
INFO: [ app_init ] --START--
INFO: Run Behavior\BuildLiteBehavior [ RunTime:0.000008s ]
INFO: [ app_init ] --END-- [ RunTime:0.000042s ]
ERR: 无法加载模块:Public

[ 2018-09-06T11:23:47+08:00 ] 127.0.0.1 /Public//Public/upload/2018-06-19/5b28c3511ae20.jpg
INFO: [ app_init ] --START--
INFO: Run Behavior\BuildLiteBehavior [ RunTime:0.000008s ]
INFO: [ app_init ] --END-- [ RunTime:0.000039s ]
ERR: 无法加载模块:Public

[ 2018-09-06T11:23:47+08:00 ] 127.0.0.1 /Public//Public/upload/2018-06-19/5b28c28b594ea.jpg
INFO: [ app_init ] --START--
INFO: Run Behavior\BuildLiteBehavior [ RunTime:0.000007s ]
INFO: [ app_init ] --END-- [ RunTime:0.000038s ]
ERR: 无法加载模块:Public

[ 2018-09-06T11:24:05+08:00 ] 127.0.0.1 /Public//Public/upload/2018-06-19/5b28c3511ae20.jpg
INFO: [ app_init ] --START--
INFO: Run Behavior\BuildLiteBehavior [ RunTime:0.000010s ]
INFO: [ app_init ] --END-- [ RunTime:0.000049s ]
ERR: 无法加载模块:Public

[ 2018-09-06T11:24:05+08:00 ] 127.0.0.1 /Public//Public/upload/2018-06-19/5b28c28b594ea.jpg
INFO: [ app_init ] --START--
INFO: Run Behavior\BuildLiteBehavior [ RunTime:0.000008s ]
INFO: [ app_init ] --END-- [ RunTime:0.000039s ]
ERR: 无法加载模块:Public

[ 2018-09-06T11:25:34+08:00 ] 127.0.0.1 /Public//Public/upload/2018-06-19/5b28c3511ae20.jpg
INFO: [ app_init ] --START--
INFO: Run Behavior\BuildLiteBehavior [ RunTime:0.000009s ]
INFO: [ app_init ] --END-- [ RunTime:0.000044s ]
ERR: 无法加载模块:Public

[ 2018-09-06T11:25:34+08:00 ] 127.0.0.1 /Public//Public/upload/2018-06-19/5b28c28b594ea.jpg
INFO: [ app_init ] --START--
INFO: Run Behavior\BuildLiteBehavior [ RunTime:0.000009s ]
INFO: [ app_init ] --END-- [ RunTime:0.000066s ]
ERR: 无法加载模块:Public

[ 2018-09-06T11:53:18+08:00 ] 127.0.0.1 /Public//Public/upload/2018-06-19/5b28c3511ae20.jpg
INFO: [ app_init ] --START--
INFO: Run Behavior\BuildLiteBehavior [ RunTime:0.000009s ]
INFO: [ app_init ] --END-- [ RunTime:0.000048s ]
ERR: 无法加载模块:Public

[ 2018-09-06T11:53:18+08:00 ] 127.0.0.1 /Public//Public/upload/2018-06-19/5b28c28b594ea.jpg
INFO: [ app_init ] --START--
INFO: Run Behavior\BuildLiteBehavior [ RunTime:0.000009s ]
INFO: [ app_init ] --END-- [ RunTime:0.000043s ]
ERR: 无法加载模块:Public

[ 2018-09-06T12:00:51+08:00 ] 127.0.0.1 /Public//Public/upload/2018-06-19/5b28c3511ae20.jpg
INFO: [ app_init ] --START--
INFO: Run Behavior\BuildLiteBehavior [ RunTime:0.000008s ]
INFO: [ app_init ] --END-- [ RunTime:0.000042s ]
ERR: 无法加载模块:Public

[ 2018-09-06T12:00:51+08:00 ] 127.0.0.1 /Public//Public/upload/2018-06-19/5b28c28b594ea.jpg
INFO: [ app_init ] --START--
INFO: Run Behavior\BuildLiteBehavior [ RunTime:0.000009s ]
INFO: [ app_init ] --END-- [ RunTime:0.000040s ]
ERR: 无法加载模块:Public

[ 2018-09-06T13:20:26+08:00 ] 127.0.0.1 /Public//Public/upload/2018-06-19/5b28c3511ae20.jpg
INFO: [ app_init ] --START--
INFO: Run Behavior\BuildLiteBehavior [ RunTime:0.000008s ]
INFO: [ app_init ] --END-- [ RunTime:0.000041s ]
ERR: 无法加载模块:Public

[ 2018-09-06T13:20:26+08:00 ] 127.0.0.1 /Public//Public/upload/2018-06-19/5b28c28b594ea.jpg
INFO: [ app_init ] --START--
INFO: Run Behavior\BuildLiteBehavior [ RunTime:0.000012s ]
INFO: [ app_init ] --END-- [ RunTime:0.000062s ]
ERR: 无法加载模块:Public

[ 2018-09-06T13:22:25+08:00 ] 127.0.0.1 /Public//Public/upload/2018-06-19/5b28c3511ae20.jpg
INFO: [ app_init ] --START--
INFO: Run Behavior\BuildLiteBehavior [ RunTime:0.000010s ]
INFO: [ app_init ] --END-- [ RunTime:0.000046s ]
ERR: 无法加载模块:Public

[ 2018-09-06T13:22:25+08:00 ] 127.0.0.1 /Public//Public/upload/2018-06-19/5b28c28b594ea.jpg
INFO: [ app_init ] --START--
INFO: Run Behavior\BuildLiteBehavior [ RunTime:0.000025s ]
INFO: [ app_init ] --END-- [ RunTime:0.000064s ]
ERR: 无法加载模块:Public

[ 2018-09-06T13:23:03+08:00 ] 127.0.0.1 /Public//Public/upload/2018-06-19/5b28c3511ae20.jpg
INFO: [ app_init ] --START--
INFO: Run Behavior\BuildLiteBehavior [ RunTime:0.000024s ]
INFO: [ app_init ] --END-- [ RunTime:0.000061s ]
ERR: 无法加载模块:Public

[ 2018-09-06T13:23:03+08:00 ] 127.0.0.1 /Public//Public/upload/2018-06-19/5b28c28b594ea.jpg
INFO: [ app_init ] --START--
INFO: Run Behavior\BuildLiteBehavior [ RunTime:0.000010s ]
INFO: [ app_init ] --END-- [ RunTime:0.000048s ]
ERR: 无法加载模块:Public

[ 2018-09-06T13:23:31+08:00 ] 127.0.0.1 /Public//Public/upload/2018-06-19/5b28c3511ae20.jpg
INFO: [ app_init ] --START--
INFO: Run Behavior\BuildLiteBehavior [ RunTime:0.000009s ]
INFO: [ app_init ] --END-- [ RunTime:0.000041s ]
ERR: 无法加载模块:Public

[ 2018-09-06T13:23:31+08:00 ] 127.0.0.1 /Public//Public/upload/2018-06-19/5b28c28b594ea.jpg
INFO: [ app_init ] --START--
INFO: Run Behavior\BuildLiteBehavior [ RunTime:0.000008s ]
INFO: [ app_init ] --END-- [ RunTime:0.000041s ]
ERR: 无法加载模块:Public

[ 2018-09-06T13:23:56+08:00 ] 127.0.0.1 /Public//Public/upload/2018-06-19/5b28c3511ae20.jpg
INFO: [ app_init ] --START--
INFO: Run Behavior\BuildLiteBehavior [ RunTime:0.000009s ]
INFO: [ app_init ] --END-- [ RunTime:0.000046s ]
ERR: 无法加载模块:Public

[ 2018-09-06T13:23:56+08:00 ] 127.0.0.1 /Public//Public/upload/2018-06-19/5b28c28b594ea.jpg
INFO: [ app_init ] --START--
INFO: Run Behavior\BuildLiteBehavior [ RunTime:0.000008s ]
INFO: [ app_init ] --END-- [ RunTime:0.000059s ]
ERR: 无法加载模块:Public

[ 2018-09-06T13:27:21+08:00 ] 127.0.0.1 /Public//Public/upload/2018-06-19/5b28c3511ae20.jpg
INFO: [ app_init ] --START--
INFO: Run Behavior\BuildLiteBehavior [ RunTime:0.000010s ]
INFO: [ app_init ] --END-- [ RunTime:0.000052s ]
ERR: 无法加载模块:Public

[ 2018-09-06T13:27:21+08:00 ] 127.0.0.1 /Public//Public/upload/2018-06-19/5b28c28b594ea.jpg
INFO: [ app_init ] --START--
INFO: Run Behavior\BuildLiteBehavior [ RunTime:0.000008s ]
INFO: [ app_init ] --END-- [ RunTime:0.000040s ]
ERR: 无法加载模块:Public

[ 2018-09-06T13:28:27+08:00 ] 127.0.0.1 /Public//Public/upload/2018-06-19/5b28c3511ae20.jpg
INFO: [ app_init ] --START--
INFO: Run Behavior\BuildLiteBehavior [ RunTime:0.000007s ]
INFO: [ app_init ] --END-- [ RunTime:0.000039s ]
ERR: 无法加载模块:Public

[ 2018-09-06T13:28:27+08:00 ] 127.0.0.1 /Public//Public/upload/2018-06-19/5b28c28b594ea.jpg
INFO: [ app_init ] --START--
INFO: Run Behavior\BuildLiteBehavior [ RunTime:0.000011s ]
INFO: [ app_init ] --END-- [ RunTime:0.000053s ]
ERR: 无法加载模块:Public

[ 2018-09-06T13:28:51+08:00 ] 127.0.0.1 /Public//Public/upload/2018-06-19/5b28c3511ae20.jpg
INFO: [ app_init ] --START--
INFO: Run Behavior\BuildLiteBehavior [ RunTime:0.000008s ]
INFO: [ app_init ] --END-- [ RunTime:0.000040s ]
ERR: 无法加载模块:Public

[ 2018-09-06T13:28:51+08:00 ] 127.0.0.1 /Public//Public/upload/2018-06-19/5b28c28b594ea.jpg
INFO: [ app_init ] --START--
INFO: Run Behavior\BuildLiteBehavior [ RunTime:0.000010s ]
INFO: [ app_init ] --END-- [ RunTime:0.000050s ]
ERR: 无法加载模块:Public

[ 2018-09-06T13:35:23+08:00 ] 127.0.0.1 /Public//Public/upload/2018-06-19/5b28c3511ae20.jpg
INFO: [ app_init ] --START--
INFO: Run Behavior\BuildLiteBehavior [ RunTime:0.000011s ]
INFO: [ app_init ] --END-- [ RunTime:0.000055s ]
ERR: 无法加载模块:Public

[ 2018-09-06T13:35:23+08:00 ] 127.0.0.1 /Public//Public/upload/2018-06-19/5b28c28b594ea.jpg
INFO: [ app_init ] --START--
INFO: Run Behavior\BuildLiteBehavior [ RunTime:0.000009s ]
INFO: [ app_init ] --END-- [ RunTime:0.000042s ]
ERR: 无法加载模块:Public

[ 2018-09-06T13:36:08+08:00 ] 127.0.0.1 /Public//Public/upload/2018-06-19/5b28c3511ae20.jpg
INFO: [ app_init ] --START--
INFO: Run Behavior\BuildLiteBehavior [ RunTime:0.000009s ]
INFO: [ app_init ] --END-- [ RunTime:0.000047s ]
ERR: 无法加载模块:Public

[ 2018-09-06T13:36:08+08:00 ] 127.0.0.1 /Public//Public/upload/2018-06-19/5b28c28b594ea.jpg
INFO: [ app_init ] --START--
INFO: Run Behavior\BuildLiteBehavior [ RunTime:0.000021s ]
INFO: [ app_init ] --END-- [ RunTime:0.000058s ]
ERR: 无法加载模块:Public

[ 2018-09-06T13:36:43+08:00 ] 127.0.0.1 /Public//Public/upload/2018-06-19/5b28c3511ae20.jpg
INFO: [ app_init ] --START--
INFO: Run Behavior\BuildLiteBehavior [ RunTime:0.000023s ]
INFO: [ app_init ] --END-- [ RunTime:0.000098s ]
ERR: 无法加载模块:Public

[ 2018-09-06T13:36:43+08:00 ] 127.0.0.1 /Public//Public/upload/2018-06-19/5b28c28b594ea.jpg
INFO: [ app_init ] --START--
INFO: Run Behavior\BuildLiteBehavior [ RunTime:0.000041s ]
INFO: [ app_init ] --END-- [ RunTime:0.000171s ]
ERR: 无法加载模块:Public

[ 2018-09-06T13:36:53+08:00 ] 127.0.0.1 /Public//Public/upload/2018-06-19/5b28c3511ae20.jpg
INFO: [ app_init ] --START--
INFO: Run Behavior\BuildLiteBehavior [ RunTime:0.000010s ]
INFO: [ app_init ] --END-- [ RunTime:0.000045s ]
ERR: 无法加载模块:Public

[ 2018-09-06T13:36:53+08:00 ] 127.0.0.1 /Public//Public/upload/2018-06-19/5b28c28b594ea.jpg
INFO: [ app_init ] --START--
INFO: Run Behavior\BuildLiteBehavior [ RunTime:0.000009s ]
INFO: [ app_init ] --END-- [ RunTime:0.000045s ]
ERR: 无法加载模块:Public

[ 2018-09-06T13:44:27+08:00 ] 127.0.0.1 /Public//Public/upload/2018-06-19/5b28c3511ae20.jpg
INFO: [ app_init ] --START--
INFO: Run Behavior\BuildLiteBehavior [ RunTime:0.000008s ]
INFO: [ app_init ] --END-- [ RunTime:0.000059s ]
ERR: 无法加载模块:Public

[ 2018-09-06T13:44:27+08:00 ] 127.0.0.1 /Public//Public/upload/2018-06-19/5b28c28b594ea.jpg
INFO: [ app_init ] --START--
INFO: Run Behavior\BuildLiteBehavior [ RunTime:0.000009s ]
INFO: [ app_init ] --END-- [ RunTime:0.000046s ]
ERR: 无法加载模块:Public

[ 2018-09-06T13:44:54+08:00 ] 127.0.0.1 /Public//Public/upload/2018-06-19/5b28c3511ae20.jpg
INFO: [ app_init ] --START--
INFO: Run Behavior\BuildLiteBehavior [ RunTime:0.000010s ]
INFO: [ app_init ] --END-- [ RunTime:0.000064s ]
ERR: 无法加载模块:Public

[ 2018-09-06T13:44:54+08:00 ] 127.0.0.1 /Public//Public/upload/2018-06-19/5b28c28b594ea.jpg
INFO: [ app_init ] --START--
INFO: Run Behavior\BuildLiteBehavior [ RunTime:0.000009s ]
INFO: [ app_init ] --END-- [ RunTime:0.000042s ]
ERR: 无法加载模块:Public

[ 2018-09-06T13:45:49+08:00 ] 127.0.0.1 /Public//Public/upload/2018-06-19/5b28c3511ae20.jpg
INFO: [ app_init ] --START--
INFO: Run Behavior\BuildLiteBehavior [ RunTime:0.000009s ]
INFO: [ app_init ] --END-- [ RunTime:0.000041s ]
ERR: 无法加载模块:Public

[ 2018-09-06T13:45:49+08:00 ] 127.0.0.1 /Public//Public/upload/2018-06-19/5b28c28b594ea.jpg
INFO: [ app_init ] --START--
INFO: Run Behavior\BuildLiteBehavior [ RunTime:0.000008s ]
INFO: [ app_init ] --END-- [ RunTime:0.000037s ]
ERR: 无法加载模块:Public

[ 2018-09-06T13:46:27+08:00 ] 127.0.0.1 /Public//Public/upload/2018-06-19/5b28c3511ae20.jpg
INFO: [ app_init ] --START--
INFO: Run Behavior\BuildLiteBehavior [ RunTime:0.000008s ]
INFO: [ app_init ] --END-- [ RunTime:0.000040s ]
ERR: 无法加载模块:Public

[ 2018-09-06T13:46:27+08:00 ] 127.0.0.1 /Public//Public/upload/2018-06-19/5b28c28b594ea.jpg
INFO: [ app_init ] --START--
INFO: Run Behavior\BuildLiteBehavior [ RunTime:0.000010s ]
INFO: [ app_init ] --END-- [ RunTime:0.000091s ]
ERR: 无法加载模块:Public

[ 2018-09-06T13:47:43+08:00 ] 127.0.0.1 /Public//Public/upload/2018-06-19/5b28c3511ae20.jpg
INFO: [ app_init ] --START--
INFO: Run Behavior\BuildLiteBehavior [ RunTime:0.000009s ]
INFO: [ app_init ] --END-- [ RunTime:0.000047s ]
ERR: 无法加载模块:Public

[ 2018-09-06T13:47:43+08:00 ] 127.0.0.1 /Public//Public/upload/2018-06-19/5b28c28b594ea.jpg
INFO: [ app_init ] --START--
INFO: Run Behavior\BuildLiteBehavior [ RunTime:0.000009s ]
INFO: [ app_init ] --END-- [ RunTime:0.000046s ]
ERR: 无法加载模块:Public

[ 2018-09-06T13:56:39+08:00 ] 127.0.0.1 /Public//Public/upload/2018-06-19/5b28c3511ae20.jpg
INFO: [ app_init ] --START--
INFO: Run Behavior\BuildLiteBehavior [ RunTime:0.000009s ]
INFO: [ app_init ] --END-- [ RunTime:0.000043s ]
ERR: 无法加载模块:Public

[ 2018-09-06T13:56:39+08:00 ] 127.0.0.1 /Public//Public/upload/2018-06-19/5b28c28b594ea.jpg
INFO: [ app_init ] --START--
INFO: Run Behavior\BuildLiteBehavior [ RunTime:0.000009s ]
INFO: [ app_init ] --END-- [ RunTime:0.000041s ]
ERR: 无法加载模块:Public

[ 2018-09-06T13:57:26+08:00 ] 127.0.0.1 /Public//Public/upload/2018-06-19/5b28c3511ae20.jpg
INFO: [ app_init ] --START--
INFO: Run Behavior\BuildLiteBehavior [ RunTime:0.000008s ]
INFO: [ app_init ] --END-- [ RunTime:0.000040s ]
ERR: 无法加载模块:Public

[ 2018-09-06T13:57:27+08:00 ] 127.0.0.1 /Public//Public/upload/2018-06-19/5b28c28b594ea.jpg
INFO: [ app_init ] --START--
INFO: Run Behavior\BuildLiteBehavior [ RunTime:0.000010s ]
INFO: [ app_init ] --END-- [ RunTime:0.000053s ]
ERR: 无法加载模块:Public

[ 2018-09-06T13:57:35+08:00 ] 127.0.0.1 /Public//Public/upload/2018-06-19/5b28c3511ae20.jpg
INFO: [ app_init ] --START--
INFO: Run Behavior\BuildLiteBehavior [ RunTime:0.000009s ]
INFO: [ app_init ] --END-- [ RunTime:0.000077s ]
ERR: 无法加载模块:Public

[ 2018-09-06T13:57:35+08:00 ] 127.0.0.1 /Public//Public/upload/2018-06-19/5b28c28b594ea.jpg
INFO: [ app_init ] --START--
INFO: Run Behavior\BuildLiteBehavior [ RunTime:0.000009s ]
INFO: [ app_init ] --END-- [ RunTime:0.000043s ]
ERR: 无法加载模块:Public

[ 2018-09-06T13:58:13+08:00 ] 127.0.0.1 /Public//Public/upload/2018-06-19/5b28c3511ae20.jpg
INFO: [ app_init ] --START--
INFO: Run Behavior\BuildLiteBehavior [ RunTime:0.000010s ]
INFO: [ app_init ] --END-- [ RunTime:0.000046s ]
ERR: 无法加载模块:Public

[ 2018-09-06T13:58:13+08:00 ] 127.0.0.1 /Public//Public/upload/2018-06-19/5b28c28b594ea.jpg
INFO: [ app_init ] --START--
INFO: Run Behavior\BuildLiteBehavior [ RunTime:0.000009s ]
INFO: [ app_init ] --END-- [ RunTime:0.000064s ]
ERR: 无法加载模块:Public

[ 2018-09-06T13:58:31+08:00 ] 127.0.0.1 /Public//Public/upload/2018-06-19/5b28c3511ae20.jpg
INFO: [ app_init ] --START--
INFO: Run Behavior\BuildLiteBehavior [ RunTime:0.000008s ]
INFO: [ app_init ] --END-- [ RunTime:0.000047s ]
ERR: 无法加载模块:Public

[ 2018-09-06T13:58:31+08:00 ] 127.0.0.1 /Public//Public/upload/2018-06-19/5b28c28b594ea.jpg
INFO: [ app_init ] --START--
INFO: Run Behavior\BuildLiteBehavior [ RunTime:0.000009s ]
INFO: [ app_init ] --END-- [ RunTime:0.000041s ]
ERR: 无法加载模块:Public

[ 2018-09-06T14:00:00+08:00 ] 127.0.0.1 /Public//Public/upload/2018-06-19/5b28c3511ae20.jpg
INFO: [ app_init ] --START--
INFO: Run Behavior\BuildLiteBehavior [ RunTime:0.000011s ]
INFO: [ app_init ] --END-- [ RunTime:0.000049s ]
ERR: 无法加载模块:Public

[ 2018-09-06T14:00:00+08:00 ] 127.0.0.1 /Public//Public/upload/2018-06-19/5b28c28b594ea.jpg
INFO: [ app_init ] --START--
INFO: Run Behavior\BuildLiteBehavior [ RunTime:0.000011s ]
INFO: [ app_init ] --END-- [ RunTime:0.000053s ]
ERR: 无法加载模块:Public

[ 2018-09-06T14:00:20+08:00 ] 127.0.0.1 /Public//Public/upload/2018-06-19/5b28c3511ae20.jpg
INFO: [ app_init ] --START--
INFO: Run Behavior\BuildLiteBehavior [ RunTime:0.000022s ]
INFO: [ app_init ] --END-- [ RunTime:0.000058s ]
ERR: 无法加载模块:Public

[ 2018-09-06T14:00:20+08:00 ] 127.0.0.1 /Public//Public/upload/2018-06-19/5b28c28b594ea.jpg
INFO: [ app_init ] --START--
INFO: Run Behavior\BuildLiteBehavior [ RunTime:0.000010s ]
INFO: [ app_init ] --END-- [ RunTime:0.000091s ]
ERR: 无法加载模块:Public

[ 2018-09-06T14:00:37+08:00 ] 127.0.0.1 /Public//Public/upload/2018-06-19/5b28c3511ae20.jpg
INFO: [ app_init ] --START--
INFO: Run Behavior\BuildLiteBehavior [ RunTime:0.000008s ]
INFO: [ app_init ] --END-- [ RunTime:0.000041s ]
ERR: 无法加载模块:Public

[ 2018-09-06T14:00:37+08:00 ] 127.0.0.1 /Public//Public/upload/2018-06-19/5b28c28b594ea.jpg
INFO: [ app_init ] --START--
INFO: Run Behavior\BuildLiteBehavior [ RunTime:0.000017s ]
INFO: [ app_init ] --END-- [ RunTime:0.000078s ]
ERR: 无法加载模块:Public

[ 2018-09-06T14:12:41+08:00 ] 127.0.0.1 /Public//Public/upload/2018-06-19/5b28c3511ae20.jpg
INFO: [ app_init ] --START--
INFO: Run Behavior\BuildLiteBehavior [ RunTime:0.000007s ]
INFO: [ app_init ] --END-- [ RunTime:0.000041s ]
ERR: 无法加载模块:Public

[ 2018-09-06T14:12:41+08:00 ] 127.0.0.1 /Public//Public/upload/2018-06-19/5b28c28b594ea.jpg
INFO: [ app_init ] --START--
INFO: Run Behavior\BuildLiteBehavior [ RunTime:0.000009s ]
INFO: [ app_init ] --END-- [ RunTime:0.000082s ]
ERR: 无法加载模块:Public

[ 2018-09-06T14:27:09+08:00 ] 127.0.0.1 /Public//Public/upload/2018-06-19/5b28c3511ae20.jpg
INFO: [ app_init ] --START--
INFO: Run Behavior\BuildLiteBehavior [ RunTime:0.000010s ]
INFO: [ app_init ] --END-- [ RunTime:0.000046s ]
ERR: 无法加载模块:Public

[ 2018-09-06T14:27:09+08:00 ] 127.0.0.1 /Public//Public/upload/2018-06-19/5b28c28b594ea.jpg
INFO: [ app_init ] --START--
INFO: Run Behavior\BuildLiteBehavior [ RunTime:0.000050s ]
INFO: [ app_init ] --END-- [ RunTime:0.000261s ]
ERR: 无法加载模块:Public

[ 2018-09-06T14:28:01+08:00 ] 127.0.0.1 /Public/Images/login-bg-1.jpg
INFO: [ app_init ] --START--
INFO: Run Behavior\BuildLiteBehavior [ RunTime:0.000008s ]
INFO: [ app_init ] --END-- [ RunTime:0.000041s ]
ERR: 无法加载模块:Public

[ 2018-09-06T14:28:20+08:00 ] 127.0.0.1 /Public//Public/upload/2018-06-19/5b28c3511ae20.jpg
INFO: [ app_init ] --START--
INFO: Run Behavior\BuildLiteBehavior [ RunTime:0.000011s ]
INFO: [ app_init ] --END-- [ RunTime:0.000081s ]
ERR: 无法加载模块:Public

[ 2018-09-06T14:28:20+08:00 ] 127.0.0.1 /Public//Public/upload/2018-06-19/5b28c28b594ea.jpg
INFO: [ app_init ] --START--
INFO: Run Behavior\BuildLiteBehavior [ RunTime:0.000009s ]
INFO: [ app_init ] --END-- [ RunTime:0.000067s ]
ERR: 无法加载模块:Public

[ 2018-09-06T14:28:37+08:00 ] 127.0.0.1 /Public/Images/login-bg-1.jpg
INFO: [ app_init ] --START--
INFO: Run Behavior\BuildLiteBehavior [ RunTime:0.000009s ]
INFO: [ app_init ] --END-- [ RunTime:0.000045s ]
ERR: 无法加载模块:Public

[ 2018-09-06T14:28:55+08:00 ] 127.0.0.1 /Public//Public/upload/2018-06-19/5b28c3511ae20.jpg
INFO: [ app_init ] --START--
INFO: Run Behavior\BuildLiteBehavior [ RunTime:0.000009s ]
INFO: [ app_init ] --END-- [ RunTime:0.000058s ]
ERR: 无法加载模块:Public

[ 2018-09-06T14:28:55+08:00 ] 127.0.0.1 /Public//Public/upload/2018-06-19/5b28c28b594ea.jpg
INFO: [ app_init ] --START--
INFO: Run Behavior\BuildLiteBehavior [ RunTime:0.000010s ]
INFO: [ app_init ] --END-- [ RunTime:0.000045s ]
ERR: 无法加载模块:Public

[ 2018-09-06T14:32:50+08:00 ] 127.0.0.1 /Public//Public/upload/2018-06-19/5b28c3511ae20.jpg
INFO: [ app_init ] --START--
INFO: Run Behavior\BuildLiteBehavior [ RunTime:0.000009s ]
INFO: [ app_init ] --END-- [ RunTime:0.000041s ]
ERR: 无法加载模块:Public

[ 2018-09-06T14:32:50+08:00 ] 127.0.0.1 /Public//Public/upload/2018-06-19/5b28c28b594ea.jpg
INFO: [ app_init ] --START--
INFO: Run Behavior\BuildLiteBehavior [ RunTime:0.000010s ]
INFO: [ app_init ] --END-- [ RunTime:0.000044s ]
ERR: 无法加载模块:Public

[ 2018-09-06T14:36:09+08:00 ] 127.0.0.1 /Public/Images/login-bg-1.jpg
INFO: [ app_init ] --START--
INFO: Run Behavior\BuildLiteBehavior [ RunTime:0.000007s ]
INFO: [ app_init ] --END-- [ RunTime:0.000040s ]
ERR: 无法加载模块:Public

[ 2018-09-06T14:38:38+08:00 ] 127.0.0.1 /Public//Public/upload/2018-06-19/5b28c3511ae20.jpg
INFO: [ app_init ] --START--
INFO: Run Behavior\BuildLiteBehavior [ RunTime:0.000010s ]
INFO: [ app_init ] --END-- [ RunTime:0.000046s ]
ERR: 无法加载模块:Public

[ 2018-09-06T14:38:38+08:00 ] 127.0.0.1 /Public//Public/upload/2018-06-19/5b28c28b594ea.jpg
INFO: [ app_init ] --START--
INFO: Run Behavior\BuildLiteBehavior [ RunTime:0.000009s ]
INFO: [ app_init ] --END-- [ RunTime:0.000044s ]
ERR: 无法加载模块:Public

[ 2018-09-06T14:43:16+08:00 ] 127.0.0.1 /Public//Public/upload/2018-06-19/5b28c3511ae20.jpg
INFO: [ app_init ] --START--
INFO: Run Behavior\BuildLiteBehavior [ RunTime:0.000010s ]
INFO: [ app_init ] --END-- [ RunTime:0.000046s ]
ERR: 无法加载模块:Public

[ 2018-09-06T14:43:16+08:00 ] 127.0.0.1 /Public//Public/upload/2018-06-19/5b28c28b594ea.jpg
INFO: [ app_init ] --START--
INFO: Run Behavior\BuildLiteBehavior [ RunTime:0.000009s ]
INFO: [ app_init ] --END-- [ RunTime:0.000047s ]
ERR: 无法加载模块:Public

[ 2018-09-06T14:43:54+08:00 ] 127.0.0.1 /Public//Public/upload/2018-06-19/5b28c3511ae20.jpg
INFO: [ app_init ] --START--
INFO: Run Behavior\BuildLiteBehavior [ RunTime:0.000009s ]
INFO: [ app_init ] --END-- [ RunTime:0.000042s ]
ERR: 无法加载模块:Public

[ 2018-09-06T14:43:54+08:00 ] 127.0.0.1 /Public//Public/upload/2018-06-19/5b28c28b594ea.jpg
INFO: [ app_init ] --START--
INFO: Run Behavior\BuildLiteBehavior [ RunTime:0.000009s ]
INFO: [ app_init ] --END-- [ RunTime:0.000043s ]
ERR: 无法加载模块:Public

[ 2018-09-06T15:02:16+08:00 ] 127.0.0.1 /Public//Public/upload/2018-06-19/5b28c3511ae20.jpg
INFO: [ app_init ] --START--
INFO: Run Behavior\BuildLiteBehavior [ RunTime:0.000009s ]
INFO: [ app_init ] --END-- [ RunTime:0.000042s ]
ERR: 无法加载模块:Public

[ 2018-09-06T15:02:16+08:00 ] 127.0.0.1 /Public//Public/upload/2018-06-19/5b28c28b594ea.jpg
INFO: [ app_init ] --START--
INFO: Run Behavior\BuildLiteBehavior [ RunTime:0.000009s ]
INFO: [ app_init ] --END-- [ RunTime:0.000046s ]
ERR: 无法加载模块:Public

[ 2018-09-06T15:05:39+08:00 ] 127.0.0.1 /Public//Public/upload/2018-06-19/5b28c3511ae20.jpg
INFO: [ app_init ] --START--
INFO: Run Behavior\BuildLiteBehavior [ RunTime:0.000008s ]
INFO: [ app_init ] --END-- [ RunTime:0.000040s ]
ERR: 无法加载模块:Public

[ 2018-09-06T15:05:39+08:00 ] 127.0.0.1 /Public//Public/upload/2018-06-19/5b28c28b594ea.jpg
INFO: [ app_init ] --START--
INFO: Run Behavior\BuildLiteBehavior [ RunTime:0.000010s ]
INFO: [ app_init ] --END-- [ RunTime:0.000058s ]
ERR: 无法加载模块:Public

[ 2018-09-06T15:12:22+08:00 ] 127.0.0.1 /Public//Public/upload/2018-06-19/5b28c3511ae20.jpg
INFO: [ app_init ] --START--
INFO: Run Behavior\BuildLiteBehavior [ RunTime:0.000022s ]
INFO: [ app_init ] --END-- [ RunTime:0.000075s ]
ERR: 无法加载模块:Public

[ 2018-09-06T15:12:22+08:00 ] 127.0.0.1 /Public//Public/upload/2018-06-19/5b28c28b594ea.jpg
INFO: [ app_init ] --START--
INFO: Run Behavior\BuildLiteBehavior [ RunTime:0.000009s ]
INFO: [ app_init ] --END-- [ RunTime:0.000059s ]
ERR: 无法加载模块:Public

[ 2018-09-06T15:16:59+08:00 ] 127.0.0.1 /Public//Public/upload/2018-06-19/5b28c3511ae20.jpg
INFO: [ app_init ] --START--
INFO: Run Behavior\BuildLiteBehavior [ RunTime:0.000009s ]
INFO: [ app_init ] --END-- [ RunTime:0.000041s ]
ERR: 无法加载模块:Public

[ 2018-09-06T15:16:59+08:00 ] 127.0.0.1 /Public//Public/upload/2018-06-19/5b28c28b594ea.jpg
INFO: [ app_init ] --START--
INFO: Run Behavior\BuildLiteBehavior [ RunTime:0.000010s ]
INFO: [ app_init ] --END-- [ RunTime:0.000052s ]
ERR: 无法加载模块:Public

[ 2018-09-06T15:17:26+08:00 ] 127.0.0.1 /Public//Public/upload/2018-06-19/5b28c3511ae20.jpg
INFO: [ app_init ] --START--
INFO: Run Behavior\BuildLiteBehavior [ RunTime:0.000008s ]
INFO: [ app_init ] --END-- [ RunTime:0.000040s ]
ERR: 无法加载模块:Public

[ 2018-09-06T15:17:26+08:00 ] 127.0.0.1 /Public//Public/upload/2018-06-19/5b28c28b594ea.jpg
INFO: [ app_init ] --START--
INFO: Run Behavior\BuildLiteBehavior [ RunTime:0.000010s ]
INFO: [ app_init ] --END-- [ RunTime:0.000048s ]
ERR: 无法加载模块:Public

[ 2018-09-06T15:17:53+08:00 ] 127.0.0.1 /Public//Public/upload/2018-06-19/5b28c3511ae20.jpg
INFO: [ app_init ] --START--
INFO: Run Behavior\BuildLiteBehavior [ RunTime:0.000008s ]
INFO: [ app_init ] --END-- [ RunTime:0.000041s ]
ERR: 无法加载模块:Public

[ 2018-09-06T15:17:53+08:00 ] 127.0.0.1 /Public//Public/upload/2018-06-19/5b28c28b594ea.jpg
INFO: [ app_init ] --START--
INFO: Run Behavior\BuildLiteBehavior [ RunTime:0.000009s ]
INFO: [ app_init ] --END-- [ RunTime:0.000044s ]
ERR: 无法加载模块:Public

[ 2018-09-06T15:20:48+08:00 ] 127.0.0.1 /Public//Public/upload/2018-06-19/5b28c3511ae20.jpg
INFO: [ app_init ] --START--
INFO: Run Behavior\BuildLiteBehavior [ RunTime:0.000009s ]
INFO: [ app_init ] --END-- [ RunTime:0.000043s ]
ERR: 无法加载模块:Public

[ 2018-09-06T15:20:48+08:00 ] 127.0.0.1 /Public//Public/upload/2018-06-19/5b28c28b594ea.jpg
INFO: [ app_init ] --START--
INFO: Run Behavior\BuildLiteBehavior [ RunTime:0.000014s ]
INFO: [ app_init ] --END-- [ RunTime:0.000057s ]
ERR: 无法加载模块:Public

[ 2018-09-06T15:22:15+08:00 ] 127.0.0.1 /Public//Public/upload/2018-06-19/5b28c3511ae20.jpg
INFO: [ app_init ] --START--
INFO: Run Behavior\BuildLiteBehavior [ RunTime:0.000008s ]
INFO: [ app_init ] --END-- [ RunTime:0.000042s ]
ERR: 无法加载模块:Public

[ 2018-09-06T15:22:15+08:00 ] 127.0.0.1 /Public//Public/upload/2018-06-19/5b28c28b594ea.jpg
INFO: [ app_init ] --START--
INFO: Run Behavior\BuildLiteBehavior [ RunTime:0.000010s ]
INFO: [ app_init ] --END-- [ RunTime:0.000052s ]
ERR: 无法加载模块:Public

[ 2018-09-06T15:25:35+08:00 ] 127.0.0.1 /Public//Public/upload/2018-06-19/5b28c3511ae20.jpg
INFO: [ app_init ] --START--
INFO: Run Behavior\BuildLiteBehavior [ RunTime:0.000009s ]
INFO: [ app_init ] --END-- [ RunTime:0.000043s ]
ERR: 无法加载模块:Public

[ 2018-09-06T15:25:35+08:00 ] 127.0.0.1 /Public//Public/upload/2018-06-19/5b28c28b594ea.jpg
INFO: [ app_init ] --START--
INFO: Run Behavior\BuildLiteBehavior [ RunTime:0.000009s ]
INFO: [ app_init ] --END-- [ RunTime:0.000047s ]
ERR: 无法加载模块:Public

[ 2018-09-06T15:27:18+08:00 ] 127.0.0.1 /Public//Public/upload/2018-06-19/5b28c3511ae20.jpg
INFO: [ app_init ] --START--
INFO: Run Behavior\BuildLiteBehavior [ RunTime:0.000008s ]
INFO: [ app_init ] --END-- [ RunTime:0.000040s ]
ERR: 无法加载模块:Public

[ 2018-09-06T15:27:18+08:00 ] 127.0.0.1 /Public//Public/upload/2018-06-19/5b28c28b594ea.jpg
INFO: [ app_init ] --START--
INFO: Run Behavior\BuildLiteBehavior [ RunTime:0.000011s ]
INFO: [ app_init ] --END-- [ RunTime:0.000048s ]
ERR: 无法加载模块:Public

[ 2018-09-06T15:27:42+08:00 ] 127.0.0.1 /Public//Public/upload/2018-06-19/5b28c3511ae20.jpg
INFO: [ app_init ] --START--
INFO: Run Behavior\BuildLiteBehavior [ RunTime:0.000010s ]
INFO: [ app_init ] --END-- [ RunTime:0.000043s ]
ERR: 无法加载模块:Public

[ 2018-09-06T15:27:42+08:00 ] 127.0.0.1 /Public//Public/upload/2018-06-19/5b28c28b594ea.jpg
INFO: [ app_init ] --START--
INFO: Run Behavior\BuildLiteBehavior [ RunTime:0.000009s ]
INFO: [ app_init ] --END-- [ RunTime:0.000045s ]
ERR: 无法加载模块:Public

[ 2018-09-06T15:28:33+08:00 ] 127.0.0.1 /Public//Public/upload/2018-06-19/5b28c3511ae20.jpg
INFO: [ app_init ] --START--
INFO: Run Behavior\BuildLiteBehavior [ RunTime:0.000010s ]
INFO: [ app_init ] --END-- [ RunTime:0.000047s ]
ERR: 无法加载模块:Public

[ 2018-09-06T15:28:33+08:00 ] 127.0.0.1 /Public//Public/upload/2018-06-19/5b28c28b594ea.jpg
INFO: [ app_init ] --START--
INFO: Run Behavior\BuildLiteBehavior [ RunTime:0.000010s ]
INFO: [ app_init ] --END-- [ RunTime:0.000051s ]
ERR: 无法加载模块:Public

[ 2018-09-06T15:29:02+08:00 ] 127.0.0.1 /Public//Public/upload/2018-06-19/5b28c3511ae20.jpg
INFO: [ app_init ] --START--
INFO: Run Behavior\BuildLiteBehavior [ RunTime:0.000009s ]
INFO: [ app_init ] --END-- [ RunTime:0.000043s ]
ERR: 无法加载模块:Public

[ 2018-09-06T15:29:02+08:00 ] 127.0.0.1 /Public//Public/upload/2018-06-19/5b28c28b594ea.jpg
INFO: [ app_init ] --START--
INFO: Run Behavior\BuildLiteBehavior [ RunTime:0.000010s ]
INFO: [ app_init ] --END-- [ RunTime:0.000046s ]
ERR: 无法加载模块:Public

[ 2018-09-06T15:29:54+08:00 ] 127.0.0.1 /Public//Public/upload/2018-06-19/5b28c3511ae20.jpg
INFO: [ app_init ] --START--
INFO: Run Behavior\BuildLiteBehavior [ RunTime:0.000009s ]
INFO: [ app_init ] --END-- [ RunTime:0.000043s ]
ERR: 无法加载模块:Public

[ 2018-09-06T15:29:54+08:00 ] 127.0.0.1 /Public//Public/upload/2018-06-19/5b28c28b594ea.jpg
INFO: [ app_init ] --START--
INFO: Run Behavior\BuildLiteBehavior [ RunTime:0.000010s ]
INFO: [ app_init ] --END-- [ RunTime:0.000046s ]
ERR: 无法加载模块:Public

[ 2018-09-06T15:39:27+08:00 ] 127.0.0.1 /Public//Public/upload/2018-06-19/5b28c3511ae20.jpg
INFO: [ app_init ] --START--
INFO: Run Behavior\BuildLiteBehavior [ RunTime:0.000009s ]
INFO: [ app_init ] --END-- [ RunTime:0.000043s ]
ERR: 无法加载模块:Public

[ 2018-09-06T15:39:27+08:00 ] 127.0.0.1 /Public//Public/upload/2018-06-19/5b28c28b594ea.jpg
INFO: [ app_init ] --START--
INFO: Run Behavior\BuildLiteBehavior [ RunTime:0.000023s ]
INFO: [ app_init ] --END-- [ RunTime:0.000105s ]
ERR: 无法加载模块:Public

[ 2018-09-06T15:40:34+08:00 ] 127.0.0.1 /Public//Public/upload/2018-06-19/5b28c3511ae20.jpg
INFO: [ app_init ] --START--
INFO: Run Behavior\BuildLiteBehavior [ RunTime:0.000010s ]
INFO: [ app_init ] --END-- [ RunTime:0.000044s ]
ERR: 无法加载模块:Public

[ 2018-09-06T15:40:34+08:00 ] 127.0.0.1 /Public//Public/upload/2018-06-19/5b28c28b594ea.jpg
INFO: [ app_init ] --START--
INFO: Run Behavior\BuildLiteBehavior [ RunTime:0.000008s ]
INFO: [ app_init ] --END-- [ RunTime:0.000040s ]
ERR: 无法加载模块:Public

[ 2018-09-06T18:23:29+08:00 ] 127.0.0.1 /Public//Public/upload/2018-06-19/5b28c3511ae20.jpg
INFO: [ app_init ] --START--
INFO: Run Behavior\BuildLiteBehavior [ RunTime:0.000010s ]
INFO: [ app_init ] --END-- [ RunTime:0.000046s ]
ERR: 无法加载模块:Public

[ 2018-09-06T18:23:39+08:00 ] 127.0.0.1 /Public//Public/upload/2018-06-19/5b28c3511ae20.jpg
INFO: [ app_init ] --START--
INFO: Run Behavior\BuildLiteBehavior [ RunTime:0.000022s ]
INFO: [ app_init ] --END-- [ RunTime:0.000055s ]
ERR: 无法加载模块:Public

[ 2018-09-06T18:24:33+08:00 ] 127.0.0.1 /Public//Public/upload/2018-06-19/5b28c3511ae20.jpg
INFO: [ app_init ] --START--
INFO: Run Behavior\BuildLiteBehavior [ RunTime:0.000007s ]
INFO: [ app_init ] --END-- [ RunTime:0.000041s ]
ERR: 无法加载模块:Public

[ 2018-09-06T18:25:02+08:00 ] 127.0.0.1 /Public//Public/upload/2018-06-19/5b28c3511ae20.jpg
INFO: [ app_init ] --START--
INFO: Run Behavior\BuildLiteBehavior [ RunTime:0.000015s ]
INFO: [ app_init ] --END-- [ RunTime:0.000088s ]
ERR: 无法加载模块:Public

[ 2018-09-06T18:32:15+08:00 ] 127.0.0.1 /Public//Public/upload/2018-06-19/5b28c3511ae20.jpg
INFO: [ app_init ] --START--
INFO: Run Behavior\BuildLiteBehavior [ RunTime:0.000009s ]
INFO: [ app_init ] --END-- [ RunTime:0.000046s ]
ERR: 无法加载模块:Public

