[ 2018-09-05T09:55:24+08:00 ] 127.0.0.1 /admin
INFO: [ app_init ] --START--
INFO: Run Behavior\BuildLiteBehavior [ RunTime:0.000007s ]
INFO: [ app_init ] --END-- [ RunTime:0.000041s ]
INFO: [ app_begin ] --START--
INFO: Run Behavior\ReadHtmlCacheBehavior [ RunTime:0.000343s ]
INFO: [ app_begin ] --END-- [ RunTime:0.000381s ]

[ 2018-09-05T09:55:24+08:00 ] 127.0.0.1 /Admin/Login/login.html
INFO: [ app_init ] --START--
INFO: Run Behavior\BuildLiteBehavior [ RunTime:0.000007s ]
INFO: [ app_init ] --END-- [ RunTime:0.000038s ]
INFO: [ app_begin ] --START--
INFO: Run Behavior\ReadHtmlCacheBehavior [ RunTime:0.000273s ]
INFO: [ app_begin ] --END-- [ RunTime:0.000306s ]
INFO: [ view_parse ] --START--
INFO: [ template_filter ] --START--
INFO: Run Behavior\ContentReplaceBehavior [ RunTime:0.000041s ]
INFO: [ template_filter ] --END-- [ RunTime:0.000076s ]
INFO: Run Behavior\ParseTemplateBehavior [ RunTime:0.029900s ]
INFO: [ view_parse ] --END-- [ RunTime:0.029942s ]
INFO: [ view_filter ] --START--
INFO: Run Behavior\WriteHtmlCacheBehavior [ RunTime:0.000165s ]
INFO: [ view_filter ] --END-- [ RunTime:0.000191s ]
INFO: [ app_end ] --START--
INFO: Run Behavior\ShowPageTraceBehavior [ RunTime:0.000291s ]
INFO: [ app_end ] --END-- [ RunTime:0.000318s ]

[ 2018-09-05T09:55:24+08:00 ] 127.0.0.1 /Admin/Login/verify.html
INFO: [ app_init ] --START--
INFO: Run Behavior\BuildLiteBehavior [ RunTime:0.000009s ]
INFO: [ app_init ] --END-- [ RunTime:0.000045s ]
INFO: [ app_begin ] --START--
INFO: Run Behavior\ReadHtmlCacheBehavior [ RunTime:0.000523s ]
INFO: [ app_begin ] --END-- [ RunTime:0.000608s ]
INFO: [ app_end ] --START--
INFO: Run Behavior\ShowPageTraceBehavior [ RunTime:0.000573s ]
INFO: [ app_end ] --END-- [ RunTime:0.000640s ]

[ 2018-09-05T09:55:44+08:00 ] 127.0.0.1 /Admin/Login/doLogin.html
INFO: [ app_init ] --START--
INFO: Run Behavior\BuildLiteBehavior [ RunTime:0.000007s ]
INFO: [ app_init ] --END-- [ RunTime:0.000036s ]
INFO: [ app_begin ] --START--
INFO: Run Behavior\ReadHtmlCacheBehavior [ RunTime:0.000380s ]
INFO: [ app_begin ] --END-- [ RunTime:0.000519s ]
ERR: SQLSTATE[HY000] [1049] Unknown database 'zhuowang'

[ 2018-09-05T09:55:47+08:00 ] 127.0.0.1 /Admin/Login/doLogin.html
INFO: [ app_init ] --START--
INFO: Run Behavior\BuildLiteBehavior [ RunTime:0.000007s ]
INFO: [ app_init ] --END-- [ RunTime:0.000039s ]
INFO: [ app_begin ] --START--
INFO: Run Behavior\ReadHtmlCacheBehavior [ RunTime:0.000778s ]
INFO: [ app_begin ] --END-- [ RunTime:0.000870s ]

[ 2018-09-05T09:55:47+08:00 ] 127.0.0.1 /Admin/Login/verify.html?0.13531577681102736
INFO: [ app_init ] --START--
INFO: Run Behavior\BuildLiteBehavior [ RunTime:0.000013s ]
INFO: [ app_init ] --END-- [ RunTime:0.000093s ]
INFO: [ app_begin ] --START--
INFO: Run Behavior\ReadHtmlCacheBehavior [ RunTime:0.000302s ]
INFO: [ app_begin ] --END-- [ RunTime:0.000424s ]
INFO: [ app_end ] --START--
INFO: Run Behavior\ShowPageTraceBehavior [ RunTime:0.000444s ]
INFO: [ app_end ] --END-- [ RunTime:0.000497s ]

[ 2018-09-05T10:28:24+08:00 ] 127.0.0.1 /Admin/Login/login.html
INFO: [ app_init ] --START--
INFO: Run Behavior\BuildLiteBehavior [ RunTime:0.000010s ]
INFO: [ app_init ] --END-- [ RunTime:0.000060s ]
INFO: [ app_begin ] --START--
INFO: Run Behavior\ReadHtmlCacheBehavior [ RunTime:0.018304s ]
INFO: [ app_begin ] --END-- [ RunTime:0.018383s ]
INFO: [ view_parse ] --START--
INFO: [ template_filter ] --START--
INFO: Run Behavior\ContentReplaceBehavior [ RunTime:0.000039s ]
INFO: [ template_filter ] --END-- [ RunTime:0.000091s ]
INFO: Run Behavior\ParseTemplateBehavior [ RunTime:0.103266s ]
INFO: [ view_parse ] --END-- [ RunTime:0.103311s ]
INFO: [ view_filter ] --START--
INFO: Run Behavior\WriteHtmlCacheBehavior [ RunTime:0.010989s ]
INFO: [ view_filter ] --END-- [ RunTime:0.011027s ]
INFO: [ app_end ] --START--
INFO: Run Behavior\ShowPageTraceBehavior [ RunTime:0.008637s ]
INFO: [ app_end ] --END-- [ RunTime:0.008674s ]

[ 2018-09-05T10:28:25+08:00 ] 127.0.0.1 /Admin/Login/verify.html
INFO: [ app_init ] --START--
INFO: Run Behavior\BuildLiteBehavior [ RunTime:0.000009s ]
INFO: [ app_init ] --END-- [ RunTime:0.000046s ]
INFO: [ app_begin ] --START--
INFO: Run Behavior\ReadHtmlCacheBehavior [ RunTime:0.000434s ]
INFO: [ app_begin ] --END-- [ RunTime:0.000477s ]
INFO: [ app_end ] --START--
INFO: Run Behavior\ShowPageTraceBehavior [ RunTime:0.000930s ]
INFO: [ app_end ] --END-- [ RunTime:0.001014s ]

[ 2018-09-05T10:28:45+08:00 ] 127.0.0.1 /Admin/Login/doLogin.html
INFO: [ app_init ] --START--
INFO: Run Behavior\BuildLiteBehavior [ RunTime:0.000008s ]
INFO: [ app_init ] --END-- [ RunTime:0.000043s ]
INFO: [ app_begin ] --START--
INFO: Run Behavior\ReadHtmlCacheBehavior [ RunTime:0.000430s ]
INFO: [ app_begin ] --END-- [ RunTime:0.000467s ]
SQL: SHOW COLUMNS FROM `db_user` [ RunTime:0.0144s ]
SQL: SELECT * FROM `db_user` WHERE `user_name` = 'admin' AND `password` = 'e10adc3949ba59abbe56e057f20f883e' AND `status` = 1 LIMIT 1   [ RunTime:0.0002s ]
SQL: UPDATE `db_user` SET `lastlogin_time`='1536114525' WHERE `id` = 1 [ RunTime:0.0013s ]

[ 2018-09-05T10:28:46+08:00 ] 127.0.0.1 /Admin/Index/index.html
INFO: [ app_init ] --START--
INFO: Run Behavior\BuildLiteBehavior [ RunTime:0.000009s ]
INFO: [ app_init ] --END-- [ RunTime:0.000049s ]
INFO: [ app_begin ] --START--
INFO: Run Behavior\ReadHtmlCacheBehavior [ RunTime:0.000658s ]
INFO: [ app_begin ] --END-- [ RunTime:0.000724s ]
SQL: SHOW COLUMNS FROM `db_auth_group_access` [ RunTime:0.0100s ]
NOTIC: [8] Use of undefined constant DB_PREFIX - assumed 'DB_PREFIX' D:\phpstudy\PHPTutorial\WWW\guang\xindai\Apps\Admin\Model\AuthGroupAccessModel.class.php 第 17 行.
SQL: SELECT b.rules FROM db_auth_group_access a LEFT JOIN db_auth_group b ON b.id=a.group_id  WHERE a.uid = '1'  [ RunTime:0.0003s ]
SQL: SHOW COLUMNS FROM `db_auth_rule` [ RunTime:0.0108s ]
SQL: SELECT * FROM `db_auth_rule` WHERE `id` IN ('1','2','5','6','7','8','3','9','10','11','12','4','13','14','15','16','48','49','50','51','52','53','54','55','56','65','57','58','59','60','61','62','63') AND `is_menu` = 1 AND `status` = 1  [ RunTime:0.0004s ]
INFO: [ view_parse ] --START--
INFO: [ template_filter ] --START--
INFO: Run Behavior\ContentReplaceBehavior [ RunTime:0.000041s ]
INFO: [ template_filter ] --END-- [ RunTime:0.000075s ]
INFO: Run Behavior\ParseTemplateBehavior [ RunTime:0.053840s ]
INFO: [ view_parse ] --END-- [ RunTime:0.053879s ]
INFO: [ view_filter ] --START--
INFO: Run Behavior\WriteHtmlCacheBehavior [ RunTime:0.000310s ]
INFO: [ view_filter ] --END-- [ RunTime:0.000363s ]
INFO: [ app_end ] --START--
INFO: Run Behavior\ShowPageTraceBehavior [ RunTime:0.000640s ]
INFO: [ app_end ] --END-- [ RunTime:0.000670s ]

[ 2018-09-05T10:28:46+08:00 ] 127.0.0.1 /Admin/Index/main.html
INFO: [ app_init ] --START--
INFO: Run Behavior\BuildLiteBehavior [ RunTime:0.000010s ]
INFO: [ app_init ] --END-- [ RunTime:0.000047s ]
INFO: [ app_begin ] --START--
INFO: Run Behavior\ReadHtmlCacheBehavior [ RunTime:0.000417s ]
INFO: [ app_begin ] --END-- [ RunTime:0.000456s ]
INFO: [ view_parse ] --START--
INFO: [ template_filter ] --START--
INFO: Run Behavior\ContentReplaceBehavior [ RunTime:0.000029s ]
INFO: [ template_filter ] --END-- [ RunTime:0.000074s ]
INFO: Run Behavior\ParseTemplateBehavior [ RunTime:0.022297s ]
INFO: [ view_parse ] --END-- [ RunTime:0.022345s ]
INFO: [ view_filter ] --START--
INFO: Run Behavior\WriteHtmlCacheBehavior [ RunTime:0.000351s ]
INFO: [ view_filter ] --END-- [ RunTime:0.000378s ]
INFO: [ app_end ] --START--
INFO: Run Behavior\ShowPageTraceBehavior [ RunTime:0.000602s ]
INFO: [ app_end ] --END-- [ RunTime:0.000631s ]

[ 2018-09-05T11:35:33+08:00 ] 127.0.0.1 /Admin/User/index.html
INFO: [ app_init ] --START--
INFO: Run Behavior\BuildLiteBehavior [ RunTime:0.000024s ]
INFO: [ app_init ] --END-- [ RunTime:0.000132s ]
INFO: [ app_begin ] --START--
INFO: Run Behavior\ReadHtmlCacheBehavior [ RunTime:0.000382s ]
INFO: [ app_begin ] --END-- [ RunTime:0.000418s ]
SQL: SHOW COLUMNS FROM `db_auth_group_access` [ RunTime:0.0133s ]
SQL: SELECT `uid`,`group_id`,`title`,`rules` FROM db_auth_group_access a INNER JOIN db_auth_group g on a.group_id=g.id  WHERE ( a.uid='1' and g.status='1' )  [ RunTime:0.0011s ]
SQL: SHOW COLUMNS FROM `db_auth_rule` [ RunTime:0.0099s ]
SQL: SELECT `condition`,`menu_name` FROM `db_auth_rule` WHERE `id` IN ('1','2','5','6','7','8','3','9','10','11','12','4','13','14','15','16','48','49','50','51','52','53','54','55','56','65','57','58','59','60','61','62','63') AND `type` = 1 AND `status` = 1  [ RunTime:0.0003s ]
SQL: SHOW COLUMNS FROM `db_user` [ RunTime:0.0111s ]
SQL: SELECT COUNT(*) AS tp_count FROM `db_user` WHERE `status` = 1 LIMIT 1   [ RunTime:0.0006s ]
SQL: SELECT * FROM `db_user` WHERE `status` = 1 LIMIT 0,10   [ RunTime:0.0002s ]
INFO: [ view_parse ] --START--
INFO: [ template_filter ] --START--
INFO: Run Behavior\ContentReplaceBehavior [ RunTime:0.000038s ]
INFO: [ template_filter ] --END-- [ RunTime:0.000071s ]
INFO: Run Behavior\ParseTemplateBehavior [ RunTime:0.048889s ]
INFO: [ view_parse ] --END-- [ RunTime:0.048927s ]
INFO: [ view_filter ] --START--
INFO: Run Behavior\WriteHtmlCacheBehavior [ RunTime:0.000272s ]
INFO: [ view_filter ] --END-- [ RunTime:0.000297s ]
INFO: [ app_end ] --START--
INFO: Run Behavior\ShowPageTraceBehavior [ RunTime:0.000681s ]
INFO: [ app_end ] --END-- [ RunTime:0.000710s ]

[ 2018-09-05T11:35:37+08:00 ] 127.0.0.1 /Admin/AuthGroup/giveRole.html?user_id=1
INFO: [ app_init ] --START--
INFO: Run Behavior\BuildLiteBehavior [ RunTime:0.000007s ]
INFO: [ app_init ] --END-- [ RunTime:0.000039s ]
INFO: [ app_begin ] --START--
INFO: Run Behavior\ReadHtmlCacheBehavior [ RunTime:0.000467s ]
INFO: [ app_begin ] --END-- [ RunTime:0.000502s ]
SQL: SHOW COLUMNS FROM `db_auth_group_access` [ RunTime:0.0109s ]
SQL: SELECT `uid`,`group_id`,`title`,`rules` FROM db_auth_group_access a INNER JOIN db_auth_group g on a.group_id=g.id  WHERE ( a.uid='1' and g.status='1' )  [ RunTime:0.0003s ]
SQL: SHOW COLUMNS FROM `db_auth_rule` [ RunTime:0.0101s ]
SQL: SELECT `condition`,`menu_name` FROM `db_auth_rule` WHERE `id` IN ('1','2','5','6','7','8','3','9','10','11','12','4','13','14','15','16','48','49','50','51','52','53','54','55','56','65','57','58','59','60','61','62','63') AND `type` = 1 AND `status` = 1  [ RunTime:0.0003s ]
SQL: SHOW COLUMNS FROM `db_auth_group` [ RunTime:0.0112s ]
SQL: SELECT COUNT(*) AS tp_count FROM `db_auth_group` WHERE `status` = 1 LIMIT 1   [ RunTime:0.0002s ]
NOTIC: [8] Use of undefined constant DB_PREFIX - assumed 'DB_PREFIX' D:\phpstudy\PHPTutorial\WWW\guang\xindai\Apps\Admin\Model\AuthGroupModel.class.php 第 29 行.
SQL: SELECT a.*,b.uid FROM db_auth_group a LEFT JOIN db_auth_group_access b ON a.id=b.group_id AND b.uid=1  WHERE a.status = 1 ORDER BY a.is_manage DESC,a.id DESC  [ RunTime:0.0012s ]
INFO: [ view_parse ] --START--
INFO: [ template_filter ] --START--
INFO: Run Behavior\ContentReplaceBehavior [ RunTime:0.000029s ]
INFO: [ template_filter ] --END-- [ RunTime:0.000067s ]
INFO: Run Behavior\ParseTemplateBehavior [ RunTime:0.027760s ]
INFO: [ view_parse ] --END-- [ RunTime:0.027797s ]
INFO: [ view_filter ] --START--
INFO: Run Behavior\WriteHtmlCacheBehavior [ RunTime:0.000251s ]
INFO: [ view_filter ] --END-- [ RunTime:0.000271s ]
INFO: [ app_end ] --START--
INFO: Run Behavior\ShowPageTraceBehavior [ RunTime:0.000314s ]
INFO: [ app_end ] --END-- [ RunTime:0.000337s ]

[ 2018-09-05T11:35:50+08:00 ] 127.0.0.1 /Admin/AuthGroup/giveRole.html
INFO: [ app_init ] --START--
INFO: Run Behavior\BuildLiteBehavior [ RunTime:0.000008s ]
INFO: [ app_init ] --END-- [ RunTime:0.000040s ]
INFO: [ app_begin ] --START--
INFO: Run Behavior\ReadHtmlCacheBehavior [ RunTime:0.000375s ]
INFO: [ app_begin ] --END-- [ RunTime:0.000407s ]
SQL: SHOW COLUMNS FROM `db_auth_group_access` [ RunTime:0.0120s ]
SQL: SELECT `uid`,`group_id`,`title`,`rules` FROM db_auth_group_access a INNER JOIN db_auth_group g on a.group_id=g.id  WHERE ( a.uid='1' and g.status='1' )  [ RunTime:0.0003s ]
SQL: SHOW COLUMNS FROM `db_auth_rule` [ RunTime:0.0085s ]
SQL: SELECT `condition`,`menu_name` FROM `db_auth_rule` WHERE `id` IN ('1','2','5','6','7','8','3','9','10','11','12','4','13','14','15','16','48','49','50','51','52','53','54','55','56','65','57','58','59','60','61','62','63') AND `type` = 1 AND `status` = 1  [ RunTime:0.0003s ]
NOTIC: [8] Undefined index: group_id D:\phpstudy\PHPTutorial\WWW\guang\xindai\Apps\Admin\Controller\AuthGroupController.class.php 第 122 行.
SQL: SHOW COLUMNS FROM `db_auth_group_access` [ RunTime:0.0046s ]

[ 2018-09-05T11:35:53+08:00 ] 127.0.0.1 /Admin/User/index.html
INFO: [ app_init ] --START--
INFO: Run Behavior\BuildLiteBehavior [ RunTime:0.000007s ]
INFO: [ app_init ] --END-- [ RunTime:0.000039s ]
INFO: [ app_begin ] --START--
INFO: Run Behavior\ReadHtmlCacheBehavior [ RunTime:0.000329s ]
INFO: [ app_begin ] --END-- [ RunTime:0.000362s ]
SQL: SHOW COLUMNS FROM `db_auth_group_access` [ RunTime:0.0197s ]
SQL: SELECT `uid`,`group_id`,`title`,`rules` FROM db_auth_group_access a INNER JOIN db_auth_group g on a.group_id=g.id  WHERE ( a.uid='1' and g.status='1' )  [ RunTime:0.0003s ]
SQL: SHOW COLUMNS FROM `db_auth_rule` [ RunTime:0.0082s ]
SQL: SELECT `condition`,`menu_name` FROM `db_auth_rule` WHERE `id` IN ('1','2','5','6','7','8','3','9','10','11','12','4','13','14','15','16','48','49','50','51','52','53','54','55','56','65','57','58','59','60','61','62','63') AND `type` = 1 AND `status` = 1  [ RunTime:0.0003s ]
SQL: SHOW COLUMNS FROM `db_user` [ RunTime:0.0069s ]
SQL: SELECT COUNT(*) AS tp_count FROM `db_user` WHERE `status` = 1 LIMIT 1   [ RunTime:0.0002s ]
SQL: SELECT * FROM `db_user` WHERE `status` = 1 LIMIT 0,10   [ RunTime:0.0004s ]
INFO: [ view_parse ] --START--
INFO: [ template_filter ] --START--
INFO: Run Behavior\ContentReplaceBehavior [ RunTime:0.000034s ]
INFO: [ template_filter ] --END-- [ RunTime:0.000065s ]
INFO: Run Behavior\ParseTemplateBehavior [ RunTime:0.005825s ]
INFO: [ view_parse ] --END-- [ RunTime:0.005871s ]
INFO: [ view_filter ] --START--
INFO: Run Behavior\WriteHtmlCacheBehavior [ RunTime:0.000212s ]
INFO: [ view_filter ] --END-- [ RunTime:0.000234s ]
INFO: [ app_end ] --START--
INFO: Run Behavior\ShowPageTraceBehavior [ RunTime:0.000279s ]
INFO: [ app_end ] --END-- [ RunTime:0.000302s ]

[ 2018-09-05T11:35:57+08:00 ] 127.0.0.1 /Admin/AuthGroup/giveRole.html?user_id=1
INFO: [ app_init ] --START--
INFO: Run Behavior\BuildLiteBehavior [ RunTime:0.000010s ]
INFO: [ app_init ] --END-- [ RunTime:0.000043s ]
INFO: [ app_begin ] --START--
INFO: Run Behavior\ReadHtmlCacheBehavior [ RunTime:0.000334s ]
INFO: [ app_begin ] --END-- [ RunTime:0.000365s ]
SQL: SHOW COLUMNS FROM `db_auth_group_access` [ RunTime:0.0105s ]
SQL: SELECT `uid`,`group_id`,`title`,`rules` FROM db_auth_group_access a INNER JOIN db_auth_group g on a.group_id=g.id  WHERE ( a.uid='1' and g.status='1' )  [ RunTime:0.0003s ]
SQL: SHOW COLUMNS FROM `db_auth_rule` [ RunTime:0.0085s ]
SQL: SELECT `condition`,`menu_name` FROM `db_auth_rule` WHERE `id` IN ('1','2','5','6','7','8','3','9','10','11','12','4','13','14','15','16','48','49','50','51','52','53','54','55','56','65','57','58','59','60','61','62','63') AND `type` = 1 AND `status` = 1  [ RunTime:0.0003s ]
SQL: SHOW COLUMNS FROM `db_auth_group` [ RunTime:0.0079s ]
SQL: SELECT COUNT(*) AS tp_count FROM `db_auth_group` WHERE `status` = 1 LIMIT 1   [ RunTime:0.0003s ]
NOTIC: [8] Use of undefined constant DB_PREFIX - assumed 'DB_PREFIX' D:\phpstudy\PHPTutorial\WWW\guang\xindai\Apps\Admin\Model\AuthGroupModel.class.php 第 29 行.
SQL: SELECT a.*,b.uid FROM db_auth_group a LEFT JOIN db_auth_group_access b ON a.id=b.group_id AND b.uid=1  WHERE a.status = 1 ORDER BY a.is_manage DESC,a.id DESC  [ RunTime:0.0003s ]
INFO: [ view_parse ] --START--
INFO: [ template_filter ] --START--
INFO: Run Behavior\ContentReplaceBehavior [ RunTime:0.000025s ]
INFO: [ template_filter ] --END-- [ RunTime:0.000052s ]
INFO: Run Behavior\ParseTemplateBehavior [ RunTime:0.004764s ]
INFO: [ view_parse ] --END-- [ RunTime:0.004796s ]
INFO: [ view_filter ] --START--
INFO: Run Behavior\WriteHtmlCacheBehavior [ RunTime:0.000210s ]
INFO: [ view_filter ] --END-- [ RunTime:0.000230s ]
INFO: [ app_end ] --START--
INFO: Run Behavior\ShowPageTraceBehavior [ RunTime:0.000275s ]
INFO: [ app_end ] --END-- [ RunTime:0.000298s ]

[ 2018-09-05T11:36:28+08:00 ] 127.0.0.1 /Admin/AuthGroup/giveRole.html
INFO: [ app_init ] --START--
INFO: Run Behavior\BuildLiteBehavior [ RunTime:0.000008s ]
INFO: [ app_init ] --END-- [ RunTime:0.000039s ]
INFO: [ app_begin ] --START--
INFO: Run Behavior\ReadHtmlCacheBehavior [ RunTime:0.000366s ]
INFO: [ app_begin ] --END-- [ RunTime:0.000397s ]
SQL: SHOW COLUMNS FROM `db_auth_group_access` [ RunTime:0.0131s ]
SQL: SELECT `uid`,`group_id`,`title`,`rules` FROM db_auth_group_access a INNER JOIN db_auth_group g on a.group_id=g.id  WHERE ( a.uid='1' and g.status='1' )  [ RunTime:0.0005s ]
SQL: SHOW COLUMNS FROM `db_auth_rule` [ RunTime:0.0085s ]
SQL: SELECT `condition`,`menu_name` FROM `db_auth_rule` WHERE `id` IN ('1','2','5','6','7','8','3','9','10','11','12','4','13','14','15','16','48','49','50','51','52','53','54','55','56','65','57','58','59','60','61','62','63') AND `type` = 1 AND `status` = 1  [ RunTime:0.0003s ]
SQL: SHOW COLUMNS FROM `db_auth_group_access` [ RunTime:0.0055s ]
NOTIC: [2] Illegal offset type in isset or empty D:\phpstudy\PHPTutorial\WWW\guang\xindai\ThinkPHP\Library\Think\Model.class.php 第 511 行.
SQL: DELETE FROM `db_auth_group_access` WHERE `uid` = 1 [ RunTime:0.0005s ]
SQL: INSERT INTO `db_auth_group_access` (`uid`,`group_id`) VALUES ('1','1') [ RunTime:0.0001s ]

[ 2018-09-05T11:36:30+08:00 ] 127.0.0.1 /Admin/AuthGroup/giveRole.html
INFO: [ app_init ] --START--
INFO: Run Behavior\BuildLiteBehavior [ RunTime:0.000007s ]
INFO: [ app_init ] --END-- [ RunTime:0.000041s ]
INFO: [ app_begin ] --START--
INFO: Run Behavior\ReadHtmlCacheBehavior [ RunTime:0.000338s ]
INFO: [ app_begin ] --END-- [ RunTime:0.000370s ]
SQL: SHOW COLUMNS FROM `db_auth_group_access` [ RunTime:0.0105s ]
SQL: SELECT `uid`,`group_id`,`title`,`rules` FROM db_auth_group_access a INNER JOIN db_auth_group g on a.group_id=g.id  WHERE ( a.uid='1' and g.status='1' )  [ RunTime:0.0003s ]
SQL: SHOW COLUMNS FROM `db_auth_rule` [ RunTime:0.0081s ]
SQL: SELECT `condition`,`menu_name` FROM `db_auth_rule` WHERE `id` IN ('1','2','5','6','7','8','3','9','10','11','12','4','13','14','15','16','48','49','50','51','52','53','54','55','56','65','57','58','59','60','61','62','63') AND `type` = 1 AND `status` = 1  [ RunTime:0.0003s ]
SQL: SHOW COLUMNS FROM `db_auth_group_access` [ RunTime:0.0041s ]
NOTIC: [2] Illegal offset type in isset or empty D:\phpstudy\PHPTutorial\WWW\guang\xindai\ThinkPHP\Library\Think\Model.class.php 第 511 行.
SQL: DELETE FROM `db_auth_group_access` WHERE `uid` = 1 [ RunTime:0.0002s ]
SQL: INSERT INTO `db_auth_group_access` (`uid`,`group_id`) VALUES ('1','1') [ RunTime:0.0001s ]

[ 2018-09-05T11:36:31+08:00 ] 127.0.0.1 /Admin/User/index.html
INFO: [ app_init ] --START--
INFO: Run Behavior\BuildLiteBehavior [ RunTime:0.000008s ]
INFO: [ app_init ] --END-- [ RunTime:0.000040s ]
INFO: [ app_begin ] --START--
INFO: Run Behavior\ReadHtmlCacheBehavior [ RunTime:0.000357s ]
INFO: [ app_begin ] --END-- [ RunTime:0.000392s ]
SQL: SHOW COLUMNS FROM `db_auth_group_access` [ RunTime:0.0093s ]
SQL: SELECT `uid`,`group_id`,`title`,`rules` FROM db_auth_group_access a INNER JOIN db_auth_group g on a.group_id=g.id  WHERE ( a.uid='1' and g.status='1' )  [ RunTime:0.0004s ]
SQL: SHOW COLUMNS FROM `db_auth_rule` [ RunTime:0.0092s ]
SQL: SELECT `condition`,`menu_name` FROM `db_auth_rule` WHERE `id` IN ('1','2','5','6','7','8','3','9','10','11','12','4','13','14','15','16','48','49','50','51','52','53','54','55','56','65','57','58','59','60','61','62','63') AND `type` = 1 AND `status` = 1  [ RunTime:0.0002s ]
SQL: SHOW COLUMNS FROM `db_user` [ RunTime:0.0067s ]
SQL: SELECT COUNT(*) AS tp_count FROM `db_user` WHERE `status` = 1 LIMIT 1   [ RunTime:0.0002s ]
SQL: SELECT * FROM `db_user` WHERE `status` = 1 LIMIT 0,10   [ RunTime:0.0002s ]
INFO: [ view_parse ] --START--
INFO: [ template_filter ] --START--
INFO: Run Behavior\ContentReplaceBehavior [ RunTime:0.000036s ]
INFO: [ template_filter ] --END-- [ RunTime:0.000066s ]
INFO: Run Behavior\ParseTemplateBehavior [ RunTime:0.006272s ]
INFO: [ view_parse ] --END-- [ RunTime:0.006306s ]
INFO: [ view_filter ] --START--
INFO: Run Behavior\WriteHtmlCacheBehavior [ RunTime:0.000345s ]
INFO: [ view_filter ] --END-- [ RunTime:0.000404s ]
INFO: [ app_end ] --START--
INFO: Run Behavior\ShowPageTraceBehavior [ RunTime:0.000415s ]
INFO: [ app_end ] --END-- [ RunTime:0.000444s ]

[ 2018-09-05T11:36:34+08:00 ] 127.0.0.1 /Admin/AuthGroup/authGroupList.html
INFO: [ app_init ] --START--
INFO: Run Behavior\BuildLiteBehavior [ RunTime:0.000010s ]
INFO: [ app_init ] --END-- [ RunTime:0.000052s ]
INFO: [ app_begin ] --START--
INFO: Run Behavior\ReadHtmlCacheBehavior [ RunTime:0.000451s ]
INFO: [ app_begin ] --END-- [ RunTime:0.000497s ]
SQL: SHOW COLUMNS FROM `db_auth_group_access` [ RunTime:0.0140s ]
SQL: SELECT `uid`,`group_id`,`title`,`rules` FROM db_auth_group_access a INNER JOIN db_auth_group g on a.group_id=g.id  WHERE ( a.uid='1' and g.status='1' )  [ RunTime:0.0003s ]
SQL: SHOW COLUMNS FROM `db_auth_rule` [ RunTime:0.0080s ]
SQL: SELECT `condition`,`menu_name` FROM `db_auth_rule` WHERE `id` IN ('1','2','5','6','7','8','3','9','10','11','12','4','13','14','15','16','48','49','50','51','52','53','54','55','56','65','57','58','59','60','61','62','63') AND `type` = 1 AND `status` = 1  [ RunTime:0.0003s ]
SQL: SHOW COLUMNS FROM `db_auth_group` [ RunTime:0.0078s ]
SQL: SELECT COUNT(*) AS tp_count FROM `db_auth_group` WHERE `status` = 1 LIMIT 1   [ RunTime:0.0001s ]
SQL: SELECT * FROM `db_auth_group` WHERE `status` = 1 ORDER BY is_manage DESC,id DESC LIMIT 0,15   [ RunTime:0.0001s ]
INFO: [ view_parse ] --START--
INFO: [ template_filter ] --START--
INFO: Run Behavior\ContentReplaceBehavior [ RunTime:0.000035s ]
INFO: [ template_filter ] --END-- [ RunTime:0.000069s ]
INFO: Run Behavior\ParseTemplateBehavior [ RunTime:0.039341s ]
INFO: [ view_parse ] --END-- [ RunTime:0.039378s ]
INFO: [ view_filter ] --START--
INFO: Run Behavior\WriteHtmlCacheBehavior [ RunTime:0.000217s ]
INFO: [ view_filter ] --END-- [ RunTime:0.000240s ]
INFO: [ app_end ] --START--
INFO: Run Behavior\ShowPageTraceBehavior [ RunTime:0.000285s ]
INFO: [ app_end ] --END-- [ RunTime:0.000310s ]

[ 2018-09-05T11:36:39+08:00 ] 127.0.0.1 /Admin/AuthGroup/ruleGroup/role_id/1.html
INFO: [ app_init ] --START--
INFO: Run Behavior\BuildLiteBehavior [ RunTime:0.000007s ]
INFO: [ app_init ] --END-- [ RunTime:0.000037s ]
INFO: [ app_begin ] --START--
INFO: Run Behavior\ReadHtmlCacheBehavior [ RunTime:0.000335s ]
INFO: [ app_begin ] --END-- [ RunTime:0.000368s ]
SQL: SHOW COLUMNS FROM `db_auth_group_access` [ RunTime:0.0107s ]
SQL: SELECT `uid`,`group_id`,`title`,`rules` FROM db_auth_group_access a INNER JOIN db_auth_group g on a.group_id=g.id  WHERE ( a.uid='1' and g.status='1' )  [ RunTime:0.0003s ]
SQL: SHOW COLUMNS FROM `db_auth_rule` [ RunTime:0.0084s ]
SQL: SELECT `condition`,`menu_name` FROM `db_auth_rule` WHERE `id` IN ('1','2','5','6','7','8','3','9','10','11','12','4','13','14','15','16','48','49','50','51','52','53','54','55','56','65','57','58','59','60','61','62','63') AND `type` = 1 AND `status` = 1  [ RunTime:0.0002s ]
SQL: SHOW COLUMNS FROM `db_auth_group` [ RunTime:0.0073s ]
SQL: SHOW COLUMNS FROM `db_auth_rule` [ RunTime:0.0052s ]
SQL: SELECT * FROM `db_auth_rule` WHERE `status` = 1  [ RunTime:0.0003s ]
SQL: SELECT * FROM `db_auth_group` WHERE `id` = 1 AND `status` = 1 LIMIT 1   [ RunTime:0.0002s ]
INFO: [ view_parse ] --START--
INFO: [ template_filter ] --START--
INFO: Run Behavior\ContentReplaceBehavior [ RunTime:0.000034s ]
INFO: [ template_filter ] --END-- [ RunTime:0.000066s ]
INFO: Run Behavior\ParseTemplateBehavior [ RunTime:0.054578s ]
INFO: [ view_parse ] --END-- [ RunTime:0.054614s ]
INFO: [ view_filter ] --START--
INFO: Run Behavior\WriteHtmlCacheBehavior [ RunTime:0.000224s ]
INFO: [ view_filter ] --END-- [ RunTime:0.000247s ]
INFO: [ app_end ] --START--
INFO: Run Behavior\ShowPageTraceBehavior [ RunTime:0.000513s ]
INFO: [ app_end ] --END-- [ RunTime:0.000571s ]

[ 2018-09-05T11:36:48+08:00 ] 127.0.0.1 /Admin/AuthGroup/ruleGroup.html
INFO: [ app_init ] --START--
INFO: Run Behavior\BuildLiteBehavior [ RunTime:0.000009s ]
INFO: [ app_init ] --END-- [ RunTime:0.000061s ]
INFO: [ app_begin ] --START--
INFO: Run Behavior\ReadHtmlCacheBehavior [ RunTime:0.000328s ]
INFO: [ app_begin ] --END-- [ RunTime:0.000358s ]
SQL: SHOW COLUMNS FROM `db_auth_group_access` [ RunTime:0.0097s ]
SQL: SELECT `uid`,`group_id`,`title`,`rules` FROM db_auth_group_access a INNER JOIN db_auth_group g on a.group_id=g.id  WHERE ( a.uid='1' and g.status='1' )  [ RunTime:0.0003s ]
SQL: SHOW COLUMNS FROM `db_auth_rule` [ RunTime:0.0076s ]
SQL: SELECT `condition`,`menu_name` FROM `db_auth_rule` WHERE `id` IN ('1','2','5','6','7','8','3','9','10','11','12','4','13','14','15','16','48','49','50','51','52','53','54','55','56','65','57','58','59','60','61','62','63') AND `type` = 1 AND `status` = 1  [ RunTime:0.0002s ]
SQL: SHOW COLUMNS FROM `db_auth_group` [ RunTime:0.0070s ]
SQL: UPDATE `db_auth_group` SET `rules`='1,2,5,6,7,8,3,9,10,11,12,4,13,14,15,16,48,49,50,51,52,53,54,55,56,65' WHERE `id` = 1 [ RunTime:0.0015s ]

[ 2018-09-05T11:36:54+08:00 ] 127.0.0.1 /Admin/Index/index.html
INFO: [ app_init ] --START--
INFO: Run Behavior\BuildLiteBehavior [ RunTime:0.000007s ]
INFO: [ app_init ] --END-- [ RunTime:0.000059s ]
INFO: [ app_begin ] --START--
INFO: Run Behavior\ReadHtmlCacheBehavior [ RunTime:0.000351s ]
INFO: [ app_begin ] --END-- [ RunTime:0.000386s ]
SQL: SHOW COLUMNS FROM `db_auth_group_access` [ RunTime:0.0109s ]
NOTIC: [8] Use of undefined constant DB_PREFIX - assumed 'DB_PREFIX' D:\phpstudy\PHPTutorial\WWW\guang\xindai\Apps\Admin\Model\AuthGroupAccessModel.class.php 第 17 行.
SQL: SELECT b.rules FROM db_auth_group_access a LEFT JOIN db_auth_group b ON b.id=a.group_id  WHERE a.uid = '1'  [ RunTime:0.0004s ]
SQL: SHOW COLUMNS FROM `db_auth_rule` [ RunTime:0.0076s ]
SQL: SELECT * FROM `db_auth_rule` WHERE `id` IN ('1','2','5','6','7','8','3','9','10','11','12','4','13','14','15','16','48','49','50','51','52','53','54','55','56','65') AND `is_menu` = 1 AND `status` = 1  [ RunTime:0.0003s ]
INFO: [ view_parse ] --START--
INFO: [ template_filter ] --START--
INFO: Run Behavior\ContentReplaceBehavior [ RunTime:0.000042s ]
INFO: [ template_filter ] --END-- [ RunTime:0.000079s ]
INFO: Run Behavior\ParseTemplateBehavior [ RunTime:0.007814s ]
INFO: [ view_parse ] --END-- [ RunTime:0.007847s ]
INFO: [ view_filter ] --START--
INFO: Run Behavior\WriteHtmlCacheBehavior [ RunTime:0.000222s ]
INFO: [ view_filter ] --END-- [ RunTime:0.000246s ]
INFO: [ app_end ] --START--
INFO: Run Behavior\ShowPageTraceBehavior [ RunTime:0.000465s ]
INFO: [ app_end ] --END-- [ RunTime:0.000508s ]

[ 2018-09-05T11:36:55+08:00 ] 127.0.0.1 /Admin/Index/main.html
INFO: [ app_init ] --START--
INFO: Run Behavior\BuildLiteBehavior [ RunTime:0.000009s ]
INFO: [ app_init ] --END-- [ RunTime:0.000051s ]
INFO: [ app_begin ] --START--
INFO: Run Behavior\ReadHtmlCacheBehavior [ RunTime:0.000418s ]
INFO: [ app_begin ] --END-- [ RunTime:0.000459s ]
INFO: [ view_parse ] --START--
INFO: [ template_filter ] --START--
INFO: Run Behavior\ContentReplaceBehavior [ RunTime:0.000095s ]
INFO: [ template_filter ] --END-- [ RunTime:0.000242s ]
INFO: Run Behavior\ParseTemplateBehavior [ RunTime:0.014904s ]
INFO: [ view_parse ] --END-- [ RunTime:0.014953s ]
INFO: [ view_filter ] --START--
INFO: Run Behavior\WriteHtmlCacheBehavior [ RunTime:0.000308s ]
INFO: [ view_filter ] --END-- [ RunTime:0.000339s ]
INFO: [ app_end ] --START--
INFO: Run Behavior\ShowPageTraceBehavior [ RunTime:0.000416s ]
INFO: [ app_end ] --END-- [ RunTime:0.000449s ]

[ 2018-09-05T11:37:23+08:00 ] 127.0.0.1 /Admin/AuthGroup/authGroupList.html
INFO: [ app_init ] --START--
INFO: Run Behavior\BuildLiteBehavior [ RunTime:0.000010s ]
INFO: [ app_init ] --END-- [ RunTime:0.000091s ]
INFO: [ app_begin ] --START--
INFO: Run Behavior\ReadHtmlCacheBehavior [ RunTime:0.000399s ]
INFO: [ app_begin ] --END-- [ RunTime:0.000472s ]
SQL: SHOW COLUMNS FROM `db_auth_group_access` [ RunTime:0.0189s ]
SQL: SELECT `uid`,`group_id`,`title`,`rules` FROM db_auth_group_access a INNER JOIN db_auth_group g on a.group_id=g.id  WHERE ( a.uid='1' and g.status='1' )  [ RunTime:0.0003s ]
SQL: SHOW COLUMNS FROM `db_auth_rule` [ RunTime:0.0073s ]
SQL: SELECT `condition`,`menu_name` FROM `db_auth_rule` WHERE `id` IN ('1','2','5','6','7','8','3','9','10','11','12','4','13','14','15','16','48','49','50','51','52','53','54','55','56','65') AND `type` = 1 AND `status` = 1  [ RunTime:0.0005s ]
SQL: SHOW COLUMNS FROM `db_auth_group` [ RunTime:0.0084s ]
SQL: SELECT COUNT(*) AS tp_count FROM `db_auth_group` WHERE `status` = 1 LIMIT 1   [ RunTime:0.0002s ]
SQL: SELECT * FROM `db_auth_group` WHERE `status` = 1 ORDER BY is_manage DESC,id DESC LIMIT 0,15   [ RunTime:0.0002s ]
INFO: [ view_parse ] --START--
INFO: [ template_filter ] --START--
INFO: Run Behavior\ContentReplaceBehavior [ RunTime:0.000034s ]
INFO: [ template_filter ] --END-- [ RunTime:0.000068s ]
INFO: Run Behavior\ParseTemplateBehavior [ RunTime:0.006731s ]
INFO: [ view_parse ] --END-- [ RunTime:0.006769s ]
INFO: [ view_filter ] --START--
INFO: Run Behavior\WriteHtmlCacheBehavior [ RunTime:0.000221s ]
INFO: [ view_filter ] --END-- [ RunTime:0.000245s ]
INFO: [ app_end ] --START--
INFO: Run Behavior\ShowPageTraceBehavior [ RunTime:0.000299s ]
INFO: [ app_end ] --END-- [ RunTime:0.000324s ]

[ 2018-09-05T11:37:27+08:00 ] 127.0.0.1 /Admin/AuthGroup/ruleGroup/role_id/1.html
INFO: [ app_init ] --START--
INFO: Run Behavior\BuildLiteBehavior [ RunTime:0.000007s ]
INFO: [ app_init ] --END-- [ RunTime:0.000039s ]
INFO: [ app_begin ] --START--
INFO: Run Behavior\ReadHtmlCacheBehavior [ RunTime:0.000331s ]
INFO: [ app_begin ] --END-- [ RunTime:0.000363s ]
SQL: SHOW COLUMNS FROM `db_auth_group_access` [ RunTime:0.0133s ]
SQL: SELECT `uid`,`group_id`,`title`,`rules` FROM db_auth_group_access a INNER JOIN db_auth_group g on a.group_id=g.id  WHERE ( a.uid='1' and g.status='1' )  [ RunTime:0.0002s ]
SQL: SHOW COLUMNS FROM `db_auth_rule` [ RunTime:0.0076s ]
SQL: SELECT `condition`,`menu_name` FROM `db_auth_rule` WHERE `id` IN ('1','2','5','6','7','8','3','9','10','11','12','4','13','14','15','16','48','49','50','51','52','53','54','55','56','65') AND `type` = 1 AND `status` = 1  [ RunTime:0.0002s ]
SQL: SHOW COLUMNS FROM `db_auth_group` [ RunTime:0.0067s ]
SQL: SHOW COLUMNS FROM `db_auth_rule` [ RunTime:0.0044s ]
SQL: SELECT * FROM `db_auth_rule` WHERE `status` = 1  [ RunTime:0.0003s ]
SQL: SELECT * FROM `db_auth_group` WHERE `id` = 1 AND `status` = 1 LIMIT 1   [ RunTime:0.0002s ]
INFO: [ view_parse ] --START--
INFO: [ template_filter ] --START--
INFO: Run Behavior\ContentReplaceBehavior [ RunTime:0.000035s ]
INFO: [ template_filter ] --END-- [ RunTime:0.000065s ]
INFO: Run Behavior\ParseTemplateBehavior [ RunTime:0.033162s ]
INFO: [ view_parse ] --END-- [ RunTime:0.033229s ]
INFO: [ view_filter ] --START--
INFO: Run Behavior\WriteHtmlCacheBehavior [ RunTime:0.000504s ]
INFO: [ view_filter ] --END-- [ RunTime:0.000568s ]
INFO: [ app_end ] --START--
INFO: Run Behavior\ShowPageTraceBehavior [ RunTime:0.000643s ]
INFO: [ app_end ] --END-- [ RunTime:0.000686s ]

[ 2018-09-05T11:37:33+08:00 ] 127.0.0.1 /Admin/AuthGroup/ruleGroup.html
INFO: [ app_init ] --START--
INFO: Run Behavior\BuildLiteBehavior [ RunTime:0.000007s ]
INFO: [ app_init ] --END-- [ RunTime:0.000039s ]
INFO: [ app_begin ] --START--
INFO: Run Behavior\ReadHtmlCacheBehavior [ RunTime:0.000398s ]
INFO: [ app_begin ] --END-- [ RunTime:0.000429s ]
SQL: SHOW COLUMNS FROM `db_auth_group_access` [ RunTime:0.0117s ]
SQL: SELECT `uid`,`group_id`,`title`,`rules` FROM db_auth_group_access a INNER JOIN db_auth_group g on a.group_id=g.id  WHERE ( a.uid='1' and g.status='1' )  [ RunTime:0.0003s ]
SQL: SHOW COLUMNS FROM `db_auth_rule` [ RunTime:0.0085s ]
SQL: SELECT `condition`,`menu_name` FROM `db_auth_rule` WHERE `id` IN ('1','2','5','6','7','8','3','9','10','11','12','4','13','14','15','16','48','49','50','51','52','53','54','55','56','65') AND `type` = 1 AND `status` = 1  [ RunTime:0.0003s ]
SQL: SHOW COLUMNS FROM `db_auth_group` [ RunTime:0.0083s ]
SQL: UPDATE `db_auth_group` SET `rules`='1,2,5,6,7,8,3,9,10,11,12,4,13,14,15,16,48,49,50,51,52,53,54,55,56,65,57,58,59,60,61,62,63' WHERE `id` = 1 [ RunTime:0.0011s ]

[ 2018-09-05T11:37:46+08:00 ] 127.0.0.1 /Admin/Index/index.html
INFO: [ app_init ] --START--
INFO: Run Behavior\BuildLiteBehavior [ RunTime:0.000008s ]
INFO: [ app_init ] --END-- [ RunTime:0.000040s ]
INFO: [ app_begin ] --START--
INFO: Run Behavior\ReadHtmlCacheBehavior [ RunTime:0.000332s ]
INFO: [ app_begin ] --END-- [ RunTime:0.000366s ]
SQL: SHOW COLUMNS FROM `db_auth_group_access` [ RunTime:0.0104s ]
NOTIC: [8] Use of undefined constant DB_PREFIX - assumed 'DB_PREFIX' D:\phpstudy\PHPTutorial\WWW\guang\xindai\Apps\Admin\Model\AuthGroupAccessModel.class.php 第 17 行.
SQL: SELECT b.rules FROM db_auth_group_access a LEFT JOIN db_auth_group b ON b.id=a.group_id  WHERE a.uid = '1'  [ RunTime:0.0003s ]
SQL: SHOW COLUMNS FROM `db_auth_rule` [ RunTime:0.0073s ]
SQL: SELECT * FROM `db_auth_rule` WHERE `id` IN ('1','2','5','6','7','8','3','9','10','11','12','4','13','14','15','16','48','49','50','51','52','53','54','55','56','65','57','58','59','60','61','62','63') AND `is_menu` = 1 AND `status` = 1  [ RunTime:0.0003s ]
INFO: [ view_parse ] --START--
INFO: [ template_filter ] --START--
INFO: Run Behavior\ContentReplaceBehavior [ RunTime:0.000040s ]
INFO: [ template_filter ] --END-- [ RunTime:0.000072s ]
INFO: Run Behavior\ParseTemplateBehavior [ RunTime:0.006917s ]
INFO: [ view_parse ] --END-- [ RunTime:0.006948s ]
INFO: [ view_filter ] --START--
INFO: Run Behavior\WriteHtmlCacheBehavior [ RunTime:0.000212s ]
INFO: [ view_filter ] --END-- [ RunTime:0.000237s ]
INFO: [ app_end ] --START--
INFO: Run Behavior\ShowPageTraceBehavior [ RunTime:0.000561s ]
INFO: [ app_end ] --END-- [ RunTime:0.000589s ]

[ 2018-09-05T11:37:46+08:00 ] 127.0.0.1 /Admin/Index/main.html
INFO: [ app_init ] --START--
INFO: Run Behavior\BuildLiteBehavior [ RunTime:0.000012s ]
INFO: [ app_init ] --END-- [ RunTime:0.000054s ]
INFO: [ app_begin ] --START--
INFO: Run Behavior\ReadHtmlCacheBehavior [ RunTime:0.000424s ]
INFO: [ app_begin ] --END-- [ RunTime:0.000469s ]
INFO: [ view_parse ] --START--
INFO: [ template_filter ] --START--
INFO: Run Behavior\ContentReplaceBehavior [ RunTime:0.000026s ]
INFO: [ template_filter ] --END-- [ RunTime:0.000066s ]
INFO: Run Behavior\ParseTemplateBehavior [ RunTime:0.005217s ]
INFO: [ view_parse ] --END-- [ RunTime:0.005285s ]
INFO: [ view_filter ] --START--
INFO: Run Behavior\WriteHtmlCacheBehavior [ RunTime:0.000354s ]
INFO: [ view_filter ] --END-- [ RunTime:0.000390s ]
INFO: [ app_end ] --START--
INFO: Run Behavior\ShowPageTraceBehavior [ RunTime:0.000442s ]
INFO: [ app_end ] --END-- [ RunTime:0.000477s ]

