[ 2018-09-25T09:41:55+08:00 ] 10.8.66.111 /index/Api/UserCenter/userinfo
INFO: [ app_init ] --START--
INFO: Run Behavior\BuildLiteBehavior [ RunTime:0.000023s ]
INFO: [ app_init ] --END-- [ RunTime:0.001006s ]
INFO: [ app_begin ] --START--
INFO: Run Behavior\ReadHtmlCacheBehavior [ RunTime:0.000795s ]
INFO: [ app_begin ] --END-- [ RunTime:0.000906s ]
SQL: SHOW COLUMNS FROM `zw_admin` [ RunTime:0.0163s ]
NOTIC: [4096] Argument 1 passed to Api\Model\AdminModel::getUserinfo() must be an instance of Api\Model\int, integer given, called in D:\www1\wang\Apps\Api\Controller\UserCenterController.class.php on line 55 and defined D:\www1\wang\Apps\Api\Model\AdminModel.class.php 第 110 行.
SQL: SELECT `id`,`user_name`,`lastlogin_time`,`status` FROM `zw_admin` WHERE ( `id`='0' ) LIMIT 1   [ RunTime:0.0037s ]

[ 2018-09-25T09:51:33+08:00 ] 10.8.66.111 /index/Api/UserCenter/userinfo
INFO: [ app_init ] --START--
INFO: Run Behavior\BuildLiteBehavior [ RunTime:0.000020s ]
INFO: [ app_init ] --END-- [ RunTime:0.000119s ]
INFO: [ app_begin ] --START--
INFO: Run Behavior\ReadHtmlCacheBehavior [ RunTime:0.000437s ]
INFO: [ app_begin ] --END-- [ RunTime:0.000552s ]
SQL: SHOW COLUMNS FROM `zw_admin` [ RunTime:0.0014s ]
NOTIC: [4096] Argument 1 passed to Api\Model\AdminModel::getUserinfo() must be an instance of Api\Model\int, integer given, called in D:\www1\wang\Apps\Api\Controller\UserCenterController.class.php on line 55 and defined D:\www1\wang\Apps\Api\Model\AdminModel.class.php 第 110 行.
SQL: SELECT `id`,`user_name`,`lastlogin_time`,`status` FROM `zw_admin` WHERE ( `id`='0' ) LIMIT 1   [ RunTime:0.0003s ]

[ 2018-09-25T09:51:46+08:00 ] 10.8.66.111 /index/Api/UserCenter/
INFO: [ app_init ] --START--
INFO: Run Behavior\BuildLiteBehavior [ RunTime:0.000020s ]
INFO: [ app_init ] --END-- [ RunTime:0.000117s ]
INFO: [ app_begin ] --START--
INFO: Run Behavior\ReadHtmlCacheBehavior [ RunTime:0.000415s ]
INFO: [ app_begin ] --END-- [ RunTime:0.000513s ]
SQL: SHOW COLUMNS FROM `zw_admin` [ RunTime:0.0020s ]
SQL: SELECT `id` FROM `zw_admin` WHERE ( `user_name`='admin' AND `password`='e10adc3949ba59abbe56e057f20f883e' ) LIMIT 1   [ RunTime:0.0018s ]
NOTIC: [4096] Argument 1 passed to Api\Model\AdminModel::getUserinfo() must be an instance of Api\Model\int, string given, called in D:\www1\wang\Apps\Api\Controller\UserCenterController.class.php on line 29 and defined D:\www1\wang\Apps\Api\Model\AdminModel.class.php 第 110 行.
SQL: SELECT `status` FROM `zw_admin` WHERE ( `id`='1' ) LIMIT 1   [ RunTime:0.0009s ]
NOTIC: [4096] Argument 1 passed to Api\Model\AdminModel::setUserSSO() must be an instance of Api\Model\int, string given, called in D:\www1\wang\Apps\Api\Controller\UserCenterController.class.php on line 33 and defined D:\www1\wang\Apps\Api\Model\AdminModel.class.php 第 55 行.
NOTIC: [4096] Argument 1 passed to Api\Model\AdminModel::getUserinfo() must be an instance of Api\Model\int, string given, called in D:\www1\wang\Apps\Api\Model\AdminModel.class.php on line 56 and defined D:\www1\wang\Apps\Api\Model\AdminModel.class.php 第 110 行.
SQL: SELECT `user_name` FROM `zw_admin` WHERE ( `id`='1' ) LIMIT 1   [ RunTime:0.0004s ]

[ 2018-09-25T09:51:49+08:00 ] 10.8.66.111 /index/Api/UserCenter/userinfo
INFO: [ app_init ] --START--
INFO: Run Behavior\BuildLiteBehavior [ RunTime:0.000040s ]
INFO: [ app_init ] --END-- [ RunTime:0.000201s ]
INFO: [ app_begin ] --START--
INFO: Run Behavior\ReadHtmlCacheBehavior [ RunTime:0.000402s ]
INFO: [ app_begin ] --END-- [ RunTime:0.000517s ]
SQL: SHOW COLUMNS FROM `zw_admin` [ RunTime:0.0023s ]
NOTIC: [4096] Argument 1 passed to Api\Model\AdminModel::getUserinfo() must be an instance of Api\Model\int, string given, called in D:\www1\wang\Apps\Api\Controller\UserCenterController.class.php on line 55 and defined D:\www1\wang\Apps\Api\Model\AdminModel.class.php 第 110 行.
SQL: SELECT `id`,`user_name`,`lastlogin_time`,`status` FROM `zw_admin` WHERE ( `id`='1' ) LIMIT 1   [ RunTime:0.0004s ]

[ 2018-09-25T09:51:52+08:00 ] 10.8.66.111 /index/Api/UserCenter/userinfo
INFO: [ app_init ] --START--
INFO: Run Behavior\BuildLiteBehavior [ RunTime:0.000021s ]
INFO: [ app_init ] --END-- [ RunTime:0.000207s ]
INFO: [ app_begin ] --START--
INFO: Run Behavior\ReadHtmlCacheBehavior [ RunTime:0.000704s ]
INFO: [ app_begin ] --END-- [ RunTime:0.000865s ]
SQL: SHOW COLUMNS FROM `zw_admin` [ RunTime:0.0013s ]
NOTIC: [4096] Argument 1 passed to Api\Model\AdminModel::getUserinfo() must be an instance of Api\Model\int, string given, called in D:\www1\wang\Apps\Api\Controller\UserCenterController.class.php on line 55 and defined D:\www1\wang\Apps\Api\Model\AdminModel.class.php 第 110 行.
SQL: SELECT `id`,`user_name`,`lastlogin_time`,`status` FROM `zw_admin` WHERE ( `id`='1' ) LIMIT 1   [ RunTime:0.0003s ]

[ 2018-09-25T11:22:28+08:00 ] 127.0.0.1 /index/Api/UserCenter/
INFO: [ app_init ] --START--
INFO: Run Behavior\BuildLiteBehavior [ RunTime:0.000045s ]
INFO: [ app_init ] --END-- [ RunTime:0.000202s ]
INFO: [ app_begin ] --START--
INFO: Run Behavior\ReadHtmlCacheBehavior [ RunTime:0.000408s ]
INFO: [ app_begin ] --END-- [ RunTime:0.000514s ]
SQL: SHOW COLUMNS FROM `zw_admin` [ RunTime:0.0006s ]
SQL: SELECT `id` FROM `zw_admin` WHERE ( `user_name`='admin' AND `password`='e10adc3949ba59abbe56e057f20f883e' ) LIMIT 1   [ RunTime:0.0003s ]
NOTIC: [2] Illegal string offset 'id' D:\www1\wang\Apps\Api\Model\AdminModel.class.php 第 24 行.
NOTIC: [4096] Argument 1 passed to Api\Model\AdminModel::getUserinfo() must be an instance of Api\Model\int, string given, called in D:\www1\wang\Apps\Api\Controller\UserCenterController.class.php on line 23 and defined D:\www1\wang\Apps\Api\Model\AdminModel.class.php 第 110 行.
SQL: SELECT `status` FROM `zw_admin` WHERE ( `id`='1' ) LIMIT 1   [ RunTime:0.0002s ]
NOTIC: [4096] Argument 1 passed to Api\Model\AdminModel::setUserSSO() must be an instance of Api\Model\int, string given, called in D:\www1\wang\Apps\Api\Controller\UserCenterController.class.php on line 27 and defined D:\www1\wang\Apps\Api\Model\AdminModel.class.php 第 55 行.
NOTIC: [4096] Argument 1 passed to Api\Model\AdminModel::getUserinfo() must be an instance of Api\Model\int, string given, called in D:\www1\wang\Apps\Api\Model\AdminModel.class.php on line 56 and defined D:\www1\wang\Apps\Api\Model\AdminModel.class.php 第 110 行.
SQL: SELECT `user_name` FROM `zw_admin` WHERE ( `id`='1' ) LIMIT 1   [ RunTime:0.0002s ]

[ 2018-09-25T11:22:55+08:00 ] 127.0.0.1 /index/Api/UserCenter/checkLogin
INFO: [ app_init ] --START--
INFO: Run Behavior\BuildLiteBehavior [ RunTime:0.000040s ]
INFO: [ app_init ] --END-- [ RunTime:0.000293s ]
INFO: [ app_begin ] --START--
INFO: Run Behavior\ReadHtmlCacheBehavior [ RunTime:0.001323s ]
INFO: [ app_begin ] --END-- [ RunTime:0.001574s ]
SQL: SHOW COLUMNS FROM `zw_admin` [ RunTime:0.0012s ]
NOTIC: [4096] Argument 1 passed to Api\Model\AdminModel::getUserinfo() must be an instance of Api\Model\int, integer given, called in D:\www1\wang\Apps\Api\Model\AdminModel.class.php on line 38 and defined D:\www1\wang\Apps\Api\Model\AdminModel.class.php 第 110 行.
SQL: SELECT `user_name` FROM `zw_admin` WHERE ( `id`='1' ) LIMIT 1   [ RunTime:0.0002s ]

[ 2018-09-25T14:46:39+08:00 ] 10.8.66.111 /index/Api/UserCenter/userinfo
INFO: [ app_init ] --START--
INFO: Run Behavior\BuildLiteBehavior [ RunTime:0.000026s ]
INFO: [ app_init ] --END-- [ RunTime:0.000203s ]
INFO: [ app_begin ] --START--
INFO: Run Behavior\ReadHtmlCacheBehavior [ RunTime:0.000537s ]
INFO: [ app_begin ] --END-- [ RunTime:0.000666s ]
SQL: SHOW COLUMNS FROM `zw_admin` [ RunTime:0.0019s ]
NOTIC: [4096] Argument 1 passed to Api\Model\AdminModel::getUserinfo() must be an instance of Api\Model\int, integer given, called in D:\www1\wang\Apps\Api\Controller\UserCenterController.class.php on line 49 and defined D:\www1\wang\Apps\Api\Model\AdminModel.class.php 第 110 行.
SQL: SELECT `id`,`user_name`,`lastlogin_time`,`status` FROM `zw_admin` WHERE ( `id`='0' ) LIMIT 1   [ RunTime:0.0004s ]

[ 2018-09-25T14:46:44+08:00 ] 10.8.66.111 /index/Api/UserCenter/
INFO: [ app_init ] --START--
INFO: Run Behavior\BuildLiteBehavior [ RunTime:0.000021s ]
INFO: [ app_init ] --END-- [ RunTime:0.000132s ]
INFO: [ app_begin ] --START--
INFO: Run Behavior\ReadHtmlCacheBehavior [ RunTime:0.000354s ]
INFO: [ app_begin ] --END-- [ RunTime:0.000464s ]

[ 2018-09-25T14:47:34+08:00 ] 10.8.66.111 /index/Api/UserCenter/
INFO: [ app_init ] --START--
INFO: Run Behavior\BuildLiteBehavior [ RunTime:0.000020s ]
INFO: [ app_init ] --END-- [ RunTime:0.000121s ]
INFO: [ app_begin ] --START--
INFO: Run Behavior\ReadHtmlCacheBehavior [ RunTime:0.000418s ]
INFO: [ app_begin ] --END-- [ RunTime:0.000520s ]

[ 2018-09-25T14:50:19+08:00 ] 10.8.66.111 /index/Api/UserCenter/
INFO: [ app_init ] --START--
INFO: Run Behavior\BuildLiteBehavior [ RunTime:0.000020s ]
INFO: [ app_init ] --END-- [ RunTime:0.000122s ]
INFO: [ app_begin ] --START--
INFO: Run Behavior\ReadHtmlCacheBehavior [ RunTime:0.000405s ]
INFO: [ app_begin ] --END-- [ RunTime:0.000503s ]
SQL: SHOW COLUMNS FROM `zw_admin` [ RunTime:0.0015s ]
SQL: SELECT `id` FROM `zw_admin` WHERE ( `user_name`='admin' AND `password`='e10adc3949ba59abbe56e057f20f883e' ) LIMIT 1   [ RunTime:0.0003s ]
NOTIC: [2] Illegal string offset 'id' D:\www1\wang\Apps\Api\Model\AdminModel.class.php 第 24 行.
NOTIC: [4096] Argument 1 passed to Api\Model\AdminModel::getUserinfo() must be an instance of Api\Model\int, string given, called in D:\www1\wang\Apps\Api\Controller\UserCenterController.class.php on line 23 and defined D:\www1\wang\Apps\Api\Model\AdminModel.class.php 第 110 行.
SQL: SELECT `status` FROM `zw_admin` WHERE ( `id`='1' ) LIMIT 1   [ RunTime:0.0003s ]
NOTIC: [4096] Argument 1 passed to Api\Model\AdminModel::setUserSSO() must be an instance of Api\Model\int, string given, called in D:\www1\wang\Apps\Api\Controller\UserCenterController.class.php on line 27 and defined D:\www1\wang\Apps\Api\Model\AdminModel.class.php 第 55 行.
NOTIC: [4096] Argument 1 passed to Api\Model\AdminModel::getUserinfo() must be an instance of Api\Model\int, string given, called in D:\www1\wang\Apps\Api\Model\AdminModel.class.php on line 56 and defined D:\www1\wang\Apps\Api\Model\AdminModel.class.php 第 110 行.
SQL: SELECT `user_name` FROM `zw_admin` WHERE ( `id`='1' ) LIMIT 1   [ RunTime:0.0003s ]

[ 2018-09-25T14:51:22+08:00 ] 10.8.66.111 /index/Api/UserCenter/
INFO: [ app_init ] --START--
INFO: Run Behavior\BuildLiteBehavior [ RunTime:0.000019s ]
INFO: [ app_init ] --END-- [ RunTime:0.000124s ]
INFO: [ app_begin ] --START--
INFO: Run Behavior\ReadHtmlCacheBehavior [ RunTime:0.000407s ]
INFO: [ app_begin ] --END-- [ RunTime:0.000510s ]
SQL: SHOW COLUMNS FROM `zw_admin` [ RunTime:0.0007s ]
SQL: SELECT `id` FROM `zw_admin` WHERE ( `user_name`='admin' AND `password`='e10adc3949ba59abbe56e057f20f883e' ) LIMIT 1   [ RunTime:0.0006s ]
NOTIC: [2] Illegal string offset 'id' D:\www1\wang\Apps\Api\Model\AdminModel.class.php 第 24 行.
NOTIC: [4096] Argument 1 passed to Api\Model\AdminModel::getUserinfo() must be an instance of Api\Model\int, string given, called in D:\www1\wang\Apps\Api\Controller\UserCenterController.class.php on line 23 and defined D:\www1\wang\Apps\Api\Model\AdminModel.class.php 第 110 行.
SQL: SELECT `status` FROM `zw_admin` WHERE ( `id`='1' ) LIMIT 1   [ RunTime:0.0002s ]
NOTIC: [4096] Argument 1 passed to Api\Model\AdminModel::setUserSSO() must be an instance of Api\Model\int, string given, called in D:\www1\wang\Apps\Api\Controller\UserCenterController.class.php on line 27 and defined D:\www1\wang\Apps\Api\Model\AdminModel.class.php 第 55 行.
NOTIC: [4096] Argument 1 passed to Api\Model\AdminModel::getUserinfo() must be an instance of Api\Model\int, string given, called in D:\www1\wang\Apps\Api\Model\AdminModel.class.php on line 56 and defined D:\www1\wang\Apps\Api\Model\AdminModel.class.php 第 110 行.
SQL: SELECT `user_name` FROM `zw_admin` WHERE ( `id`='1' ) LIMIT 1   [ RunTime:0.0002s ]

[ 2018-09-25T14:53:54+08:00 ] 10.8.66.111 /index/Api/UserCenter/
INFO: [ app_init ] --START--
INFO: Run Behavior\BuildLiteBehavior [ RunTime:0.000044s ]
INFO: [ app_init ] --END-- [ RunTime:0.000200s ]
INFO: [ app_begin ] --START--
INFO: Run Behavior\ReadHtmlCacheBehavior [ RunTime:0.000431s ]
INFO: [ app_begin ] --END-- [ RunTime:0.000583s ]

[ 2018-09-25T14:56:02+08:00 ] 10.8.66.111 /index/Api/UserCenter/?__times__=1
INFO: [ app_init ] --START--
INFO: Run Behavior\BuildLiteBehavior [ RunTime:0.000020s ]
INFO: [ app_init ] --END-- [ RunTime:0.000129s ]
INFO: [ app_begin ] --START--
INFO: Run Behavior\ReadHtmlCacheBehavior [ RunTime:0.000421s ]
INFO: [ app_begin ] --END-- [ RunTime:0.000528s ]

[ 2018-09-25T15:01:10+08:00 ] 10.8.66.111 /index/Api/UserCenter/userinfo
INFO: [ app_init ] --START--
INFO: Run Behavior\BuildLiteBehavior [ RunTime:0.000022s ]
INFO: [ app_init ] --END-- [ RunTime:0.000146s ]
INFO: [ app_begin ] --START--
INFO: Run Behavior\ReadHtmlCacheBehavior [ RunTime:0.000484s ]
INFO: [ app_begin ] --END-- [ RunTime:0.000607s ]
SQL: SHOW COLUMNS FROM `zw_admin` [ RunTime:0.0015s ]
NOTIC: [4096] Argument 1 passed to Api\Model\AdminModel::getUserinfo() must be an instance of Api\Model\int, string given, called in D:\www1\wang\Apps\Api\Controller\UserCenterController.class.php on line 49 and defined D:\www1\wang\Apps\Api\Model\AdminModel.class.php 第 110 行.
SQL: SELECT `id`,`user_name`,`lastlogin_time`,`status` FROM `zw_admin` WHERE ( `id`='1' ) LIMIT 1   [ RunTime:0.0003s ]

[ 2018-09-25T15:01:13+08:00 ] 10.8.66.111 /index/Api/UserCenter/
INFO: [ app_init ] --START--
INFO: Run Behavior\BuildLiteBehavior [ RunTime:0.000040s ]
INFO: [ app_init ] --END-- [ RunTime:0.000163s ]
INFO: [ app_begin ] --START--
INFO: Run Behavior\ReadHtmlCacheBehavior [ RunTime:0.000347s ]
INFO: [ app_begin ] --END-- [ RunTime:0.000453s ]

[ 2018-09-25T15:02:02+08:00 ] 10.8.66.111 /index/Api/UserCenter/?__times__=1
INFO: [ app_init ] --START--
INFO: Run Behavior\BuildLiteBehavior [ RunTime:0.000019s ]
INFO: [ app_init ] --END-- [ RunTime:0.000169s ]
INFO: [ app_begin ] --START--
INFO: Run Behavior\ReadHtmlCacheBehavior [ RunTime:0.000443s ]
INFO: [ app_begin ] --END-- [ RunTime:0.000563s ]

[ 2018-09-25T15:02:15+08:00 ] 10.8.66.111 /index/Api/UserCenter/?__times__=1
INFO: [ app_init ] --START--
INFO: Run Behavior\BuildLiteBehavior [ RunTime:0.000020s ]
INFO: [ app_init ] --END-- [ RunTime:0.000119s ]
INFO: [ app_begin ] --START--
INFO: Run Behavior\ReadHtmlCacheBehavior [ RunTime:0.000389s ]
INFO: [ app_begin ] --END-- [ RunTime:0.000485s ]

[ 2018-09-25T15:02:16+08:00 ] 10.8.66.111 /index/Api/UserCenter/?__times__=1
INFO: [ app_init ] --START--
INFO: Run Behavior\BuildLiteBehavior [ RunTime:0.000020s ]
INFO: [ app_init ] --END-- [ RunTime:0.000118s ]
INFO: [ app_begin ] --START--
INFO: Run Behavior\ReadHtmlCacheBehavior [ RunTime:0.000368s ]
INFO: [ app_begin ] --END-- [ RunTime:0.000466s ]

[ 2018-09-25T15:02:17+08:00 ] 10.8.66.111 /index/Api/UserCenter/?__times__=1
INFO: [ app_init ] --START--
INFO: Run Behavior\BuildLiteBehavior [ RunTime:0.000019s ]
INFO: [ app_init ] --END-- [ RunTime:0.000116s ]
INFO: [ app_begin ] --START--
INFO: Run Behavior\ReadHtmlCacheBehavior [ RunTime:0.000322s ]
INFO: [ app_begin ] --END-- [ RunTime:0.000420s ]

[ 2018-09-25T15:02:17+08:00 ] 10.8.66.111 /index/Api/UserCenter/?__times__=1
INFO: [ app_init ] --START--
INFO: Run Behavior\BuildLiteBehavior [ RunTime:0.000020s ]
INFO: [ app_init ] --END-- [ RunTime:0.000122s ]
INFO: [ app_begin ] --START--
INFO: Run Behavior\ReadHtmlCacheBehavior [ RunTime:0.000327s ]
INFO: [ app_begin ] --END-- [ RunTime:0.000429s ]

[ 2018-09-25T15:02:18+08:00 ] 10.8.66.111 /index/Api/UserCenter/?__times__=1
INFO: [ app_init ] --START--
INFO: Run Behavior\BuildLiteBehavior [ RunTime:0.000021s ]
INFO: [ app_init ] --END-- [ RunTime:0.000176s ]
INFO: [ app_begin ] --START--
INFO: Run Behavior\ReadHtmlCacheBehavior [ RunTime:0.000896s ]
INFO: [ app_begin ] --END-- [ RunTime:0.001081s ]

[ 2018-09-25T15:02:19+08:00 ] 10.8.66.111 /index/Api/UserCenter/?__times__=1
INFO: [ app_init ] --START--
INFO: Run Behavior\BuildLiteBehavior [ RunTime:0.000022s ]
INFO: [ app_init ] --END-- [ RunTime:0.000168s ]
INFO: [ app_begin ] --START--
INFO: Run Behavior\ReadHtmlCacheBehavior [ RunTime:0.000340s ]
INFO: [ app_begin ] --END-- [ RunTime:0.000445s ]

[ 2018-09-25T15:02:19+08:00 ] 10.8.66.111 /index/Api/UserCenter/?__times__=1
INFO: [ app_init ] --START--
INFO: Run Behavior\BuildLiteBehavior [ RunTime:0.000024s ]
INFO: [ app_init ] --END-- [ RunTime:0.000146s ]
INFO: [ app_begin ] --START--
INFO: Run Behavior\ReadHtmlCacheBehavior [ RunTime:0.000413s ]
INFO: [ app_begin ] --END-- [ RunTime:0.000526s ]

[ 2018-09-25T15:02:20+08:00 ] 10.8.66.111 /index/Api/UserCenter/?__times__=1
INFO: [ app_init ] --START--
INFO: Run Behavior\BuildLiteBehavior [ RunTime:0.000021s ]
INFO: [ app_init ] --END-- [ RunTime:0.000162s ]
INFO: [ app_begin ] --START--
INFO: Run Behavior\ReadHtmlCacheBehavior [ RunTime:0.000573s ]
INFO: [ app_begin ] --END-- [ RunTime:0.000749s ]

[ 2018-09-25T15:02:21+08:00 ] 10.8.66.111 /index/Api/UserCenter/?__times__=1
INFO: [ app_init ] --START--
INFO: Run Behavior\BuildLiteBehavior [ RunTime:0.000020s ]
INFO: [ app_init ] --END-- [ RunTime:0.000129s ]
INFO: [ app_begin ] --START--
INFO: Run Behavior\ReadHtmlCacheBehavior [ RunTime:0.000393s ]
INFO: [ app_begin ] --END-- [ RunTime:0.000510s ]

[ 2018-09-25T15:02:22+08:00 ] 10.8.66.111 /index/Api/UserCenter/?__times__=1
INFO: [ app_init ] --START--
INFO: Run Behavior\BuildLiteBehavior [ RunTime:0.000019s ]
INFO: [ app_init ] --END-- [ RunTime:0.000128s ]
INFO: [ app_begin ] --START--
INFO: Run Behavior\ReadHtmlCacheBehavior [ RunTime:0.000361s ]
INFO: [ app_begin ] --END-- [ RunTime:0.000484s ]

[ 2018-09-25T15:06:52+08:00 ] 10.8.66.111 /index/Api/UserCenter/?__times__=1
INFO: [ app_init ] --START--
INFO: Run Behavior\BuildLiteBehavior [ RunTime:0.000021s ]
INFO: [ app_init ] --END-- [ RunTime:0.000131s ]
INFO: [ app_begin ] --START--
INFO: Run Behavior\ReadHtmlCacheBehavior [ RunTime:0.000423s ]
INFO: [ app_begin ] --END-- [ RunTime:0.000532s ]

[ 2018-09-25T15:07:35+08:00 ] 10.8.66.111 /index/Api/UserCenter/?__times__=1
INFO: [ app_init ] --START--
INFO: Run Behavior\BuildLiteBehavior [ RunTime:0.000020s ]
INFO: [ app_init ] --END-- [ RunTime:0.000119s ]
INFO: [ app_begin ] --START--
INFO: Run Behavior\ReadHtmlCacheBehavior [ RunTime:0.000405s ]
INFO: [ app_begin ] --END-- [ RunTime:0.000505s ]

[ 2018-09-25T15:23:45+08:00 ] 10.8.66.111 /index/Api/UserCenter/
INFO: [ app_init ] --START--
INFO: Run Behavior\BuildLiteBehavior [ RunTime:0.000020s ]
INFO: [ app_init ] --END-- [ RunTime:0.000130s ]
INFO: [ app_begin ] --START--
INFO: Run Behavior\ReadHtmlCacheBehavior [ RunTime:0.000432s ]
INFO: [ app_begin ] --END-- [ RunTime:0.000539s ]

[ 2018-09-25T15:25:44+08:00 ] 10.8.66.111 /index/Api/UserCenter/
INFO: [ app_init ] --START--
INFO: Run Behavior\BuildLiteBehavior [ RunTime:0.000019s ]
INFO: [ app_init ] --END-- [ RunTime:0.000139s ]
INFO: [ app_begin ] --START--
INFO: Run Behavior\ReadHtmlCacheBehavior [ RunTime:0.000335s ]
INFO: [ app_begin ] --END-- [ RunTime:0.000456s ]

[ 2018-09-25T15:25:48+08:00 ] 10.8.66.111 /index/Api/UserCenter/
INFO: [ app_init ] --START--
INFO: Run Behavior\BuildLiteBehavior [ RunTime:0.000023s ]
INFO: [ app_init ] --END-- [ RunTime:0.000166s ]
INFO: [ app_begin ] --START--
INFO: Run Behavior\ReadHtmlCacheBehavior [ RunTime:0.000666s ]
INFO: [ app_begin ] --END-- [ RunTime:0.000837s ]

[ 2018-09-25T16:09:31+08:00 ] 10.8.66.111 /index/Api/Test
INFO: [ app_init ] --START--
INFO: Run Behavior\BuildLiteBehavior [ RunTime:0.000022s ]
INFO: [ app_init ] --END-- [ RunTime:0.000146s ]
INFO: [ app_begin ] --START--
INFO: Run Behavior\ReadHtmlCacheBehavior [ RunTime:0.003139s ]
INFO: [ app_begin ] --END-- [ RunTime:0.003714s ]
ERR: 无法加载控制器:Test

[ 2018-09-25T16:09:55+08:00 ] 10.8.66.111 /index/Api/Test/
INFO: [ app_init ] --START--
INFO: Run Behavior\BuildLiteBehavior [ RunTime:0.000022s ]
INFO: [ app_init ] --END-- [ RunTime:0.000122s ]
INFO: [ app_begin ] --START--
INFO: Run Behavior\ReadHtmlCacheBehavior [ RunTime:0.000646s ]
INFO: [ app_begin ] --END-- [ RunTime:0.000838s ]
ERR: 无法加载控制器:Test

[ 2018-09-25T16:10:03+08:00 ] 10.8.66.111 /Api/Test/
INFO: [ app_init ] --START--
INFO: Run Behavior\BuildLiteBehavior [ RunTime:0.000021s ]
INFO: [ app_init ] --END-- [ RunTime:0.000135s ]
INFO: [ app_begin ] --START--
INFO: Run Behavior\ReadHtmlCacheBehavior [ RunTime:0.000459s ]
INFO: [ app_begin ] --END-- [ RunTime:0.000578s ]
ERR: 无法加载控制器:Test

[ 2018-09-25T16:10:11+08:00 ] 10.8.66.111 /index/Api/Test/
INFO: [ app_init ] --START--
INFO: Run Behavior\BuildLiteBehavior [ RunTime:0.000021s ]
INFO: [ app_init ] --END-- [ RunTime:0.000120s ]
INFO: [ app_begin ] --START--
INFO: Run Behavior\ReadHtmlCacheBehavior [ RunTime:0.000382s ]
INFO: [ app_begin ] --END-- [ RunTime:0.000479s ]
ERR: 无法加载控制器:Test

[ 2018-09-25T16:10:16+08:00 ] 10.8.66.111 /index/Api/Test/Index
INFO: [ app_init ] --START--
INFO: Run Behavior\BuildLiteBehavior [ RunTime:0.000024s ]
INFO: [ app_init ] --END-- [ RunTime:0.000163s ]
INFO: [ app_begin ] --START--
INFO: Run Behavior\ReadHtmlCacheBehavior [ RunTime:0.000404s ]
INFO: [ app_begin ] --END-- [ RunTime:0.000518s ]
ERR: 无法加载控制器:Test

[ 2018-09-25T16:10:20+08:00 ] 10.8.66.111 /index/Api/Test/Index/
INFO: [ app_init ] --START--
INFO: Run Behavior\BuildLiteBehavior [ RunTime:0.000021s ]
INFO: [ app_init ] --END-- [ RunTime:0.000128s ]
INFO: [ app_begin ] --START--
INFO: Run Behavior\ReadHtmlCacheBehavior [ RunTime:0.000382s ]
INFO: [ app_begin ] --END-- [ RunTime:0.000490s ]
ERR: 无法加载控制器:Test

[ 2018-09-25T16:11:06+08:00 ] 10.8.66.111 /index/Api/Test/Index/
INFO: [ app_init ] --START--
INFO: Run Behavior\BuildLiteBehavior [ RunTime:0.000025s ]
INFO: [ app_init ] --END-- [ RunTime:0.000197s ]
INFO: [ app_begin ] --START--
INFO: Run Behavior\ReadHtmlCacheBehavior [ RunTime:0.000524s ]
INFO: [ app_begin ] --END-- [ RunTime:0.000728s ]
INFO: [ app_end ] --START--
INFO: Run Behavior\ShowPageTraceBehavior [ RunTime:0.000517s ]
INFO: [ app_end ] --END-- [ RunTime:0.000621s ]

[ 2018-09-25T16:11:26+08:00 ] 10.8.66.111 /index/Api/Test/Index/
INFO: [ app_init ] --START--
INFO: Run Behavior\BuildLiteBehavior [ RunTime:0.000056s ]
INFO: [ app_init ] --END-- [ RunTime:0.000329s ]
INFO: [ app_begin ] --START--
INFO: Run Behavior\ReadHtmlCacheBehavior [ RunTime:0.000644s ]
INFO: [ app_begin ] --END-- [ RunTime:0.000845s ]

[ 2018-09-25T16:13:51+08:00 ] 10.8.66.111 /index/Api/Test/Index/
INFO: [ app_init ] --START--
INFO: Run Behavior\BuildLiteBehavior [ RunTime:0.000023s ]
INFO: [ app_init ] --END-- [ RunTime:0.000181s ]
INFO: [ app_begin ] --START--
INFO: Run Behavior\ReadHtmlCacheBehavior [ RunTime:0.000791s ]
INFO: [ app_begin ] --END-- [ RunTime:0.000971s ]

[ 2018-09-25T16:13:54+08:00 ] 10.8.66.111 /index/Api/Test/Index
INFO: [ app_init ] --START--
INFO: Run Behavior\BuildLiteBehavior [ RunTime:0.000020s ]
INFO: [ app_init ] --END-- [ RunTime:0.000127s ]
INFO: [ app_begin ] --START--
INFO: Run Behavior\ReadHtmlCacheBehavior [ RunTime:0.000387s ]
INFO: [ app_begin ] --END-- [ RunTime:0.000491s ]

[ 2018-09-25T16:13:54+08:00 ] 10.8.66.111 /index/Api/Test/Index/
INFO: [ app_init ] --START--
INFO: Run Behavior\BuildLiteBehavior [ RunTime:0.000020s ]
INFO: [ app_init ] --END-- [ RunTime:0.000127s ]
INFO: [ app_begin ] --START--
INFO: Run Behavior\ReadHtmlCacheBehavior [ RunTime:0.000344s ]
INFO: [ app_begin ] --END-- [ RunTime:0.000449s ]

[ 2018-09-25T16:13:55+08:00 ] 10.8.66.111 /index/Api/Test/Index
INFO: [ app_init ] --START--
INFO: Run Behavior\BuildLiteBehavior [ RunTime:0.000019s ]
INFO: [ app_init ] --END-- [ RunTime:0.000134s ]
INFO: [ app_begin ] --START--
INFO: Run Behavior\ReadHtmlCacheBehavior [ RunTime:0.000336s ]
INFO: [ app_begin ] --END-- [ RunTime:0.000442s ]

[ 2018-09-25T16:13:56+08:00 ] 10.8.66.111 /index/Api/Test/Index/
INFO: [ app_init ] --START--
INFO: Run Behavior\BuildLiteBehavior [ RunTime:0.000021s ]
INFO: [ app_init ] --END-- [ RunTime:0.000184s ]
INFO: [ app_begin ] --START--
INFO: Run Behavior\ReadHtmlCacheBehavior [ RunTime:0.000352s ]
INFO: [ app_begin ] --END-- [ RunTime:0.000488s ]

[ 2018-09-25T16:28:38+08:00 ] 10.8.66.111 /index/Api/UserCenter/userinfo
INFO: [ app_init ] --START--
INFO: Run Behavior\BuildLiteBehavior [ RunTime:0.000021s ]
INFO: [ app_init ] --END-- [ RunTime:0.000131s ]
INFO: [ app_begin ] --START--
INFO: Run Behavior\ReadHtmlCacheBehavior [ RunTime:0.000347s ]
INFO: [ app_begin ] --END-- [ RunTime:0.000456s ]
SQL: SHOW COLUMNS FROM `zw_admin` [ RunTime:0.0022s ]
NOTIC: [4096] Argument 1 passed to Api\Model\AdminModel::getUserinfo() must be an instance of Api\Model\int, integer given, called in D:\www1\wang\Apps\Api\Controller\UserCenterController.class.php on line 49 and defined D:\www1\wang\Apps\Api\Model\AdminModel.class.php 第 110 行.
SQL: SELECT `id`,`user_name`,`lastlogin_time`,`status` FROM `zw_admin` WHERE ( `id`='0' ) LIMIT 1   [ RunTime:0.0004s ]

[ 2018-09-25T16:29:56+08:00 ] 10.8.66.111 /index/Api/UserCenter
INFO: [ app_init ] --START--
INFO: Run Behavior\BuildLiteBehavior [ RunTime:0.000022s ]
INFO: [ app_init ] --END-- [ RunTime:0.000126s ]
INFO: [ app_begin ] --START--
INFO: Run Behavior\ReadHtmlCacheBehavior [ RunTime:0.000443s ]
INFO: [ app_begin ] --END-- [ RunTime:0.000631s ]

[ 2018-09-25T17:58:48+08:00 ] 10.8.66.111 /index/Api/UserCenter/userinfo
INFO: [ app_init ] --START--
INFO: Run Behavior\BuildLiteBehavior [ RunTime:0.000020s ]
INFO: [ app_init ] --END-- [ RunTime:0.000131s ]
INFO: [ app_begin ] --START--
INFO: Run Behavior\ReadHtmlCacheBehavior [ RunTime:0.000459s ]
INFO: [ app_begin ] --END-- [ RunTime:0.000567s ]
SQL: SHOW COLUMNS FROM `zw_admin` [ RunTime:0.0008s ]
NOTIC: [4096] Argument 1 passed to Api\Model\AdminModel::getUserinfo() must be an instance of Api\Model\int, integer given, called in D:\www1\wang\Apps\Api\Controller\UserCenterController.class.php on line 48 and defined D:\www1\wang\Apps\Api\Model\AdminModel.class.php 第 109 行.
SQL: SELECT `id`,`user_name`,`lastlogin_time`,`status` FROM `zw_admin` WHERE ( `id`='0' ) LIMIT 1   [ RunTime:0.0004s ]
NOTIC: [8] Undefined variable: userInfo D:\www1\wang\Apps\Api\Common\function.php 第 24 行.
NOTIC: [8] Undefined variable: userInfo D:\www1\wang\Apps\Api\Common\function.php 第 25 行.

[ 2018-09-25T17:58:52+08:00 ] 10.8.66.111 /index/Api/UserCenter/
INFO: [ app_init ] --START--
INFO: Run Behavior\BuildLiteBehavior [ RunTime:0.000023s ]
INFO: [ app_init ] --END-- [ RunTime:0.000141s ]
INFO: [ app_begin ] --START--
INFO: Run Behavior\ReadHtmlCacheBehavior [ RunTime:0.000605s ]
INFO: [ app_begin ] --END-- [ RunTime:0.000747s ]
SQL: SHOW COLUMNS FROM `zw_admin` [ RunTime:0.0007s ]
SQL: SELECT `id` FROM `zw_admin` WHERE ( `user_name`='' AND `password`='d41d8cd98f00b204e9800998ecf8427e' ) LIMIT 1   [ RunTime:0.0006s ]
NOTIC: [8] Undefined variable: userInfo D:\www1\wang\Apps\Api\Common\function.php 第 24 行.
NOTIC: [8] Undefined variable: userInfo D:\www1\wang\Apps\Api\Common\function.php 第 25 行.

[ 2018-09-25T18:02:40+08:00 ] 10.8.66.111 /index/Api/UserCenter/
INFO: [ app_init ] --START--
INFO: Run Behavior\BuildLiteBehavior [ RunTime:0.000020s ]
INFO: [ app_init ] --END-- [ RunTime:0.000125s ]
INFO: [ app_begin ] --START--
INFO: Run Behavior\ReadHtmlCacheBehavior [ RunTime:0.000390s ]
INFO: [ app_begin ] --END-- [ RunTime:0.000495s ]
SQL: SHOW COLUMNS FROM `zw_admin` [ RunTime:0.0005s ]
SQL: SELECT `id` FROM `zw_admin` WHERE ( `user_name`='admin' AND `password`='e10adc3949ba59abbe56e057f20f883e' ) LIMIT 1   [ RunTime:0.0002s ]
NOTIC: [2] Illegal string offset 'id' D:\www1\wang\Apps\Api\Model\AdminModel.class.php 第 24 行.
NOTIC: [4096] Argument 1 passed to Api\Model\AdminModel::getUserinfo() must be an instance of Api\Model\int, string given, called in D:\www1\wang\Apps\Api\Controller\UserCenterController.class.php on line 18 and defined D:\www1\wang\Apps\Api\Model\AdminModel.class.php 第 109 行.
SQL: SELECT `status` FROM `zw_admin` WHERE ( `id`='1' ) LIMIT 1   [ RunTime:0.0002s ]

[ 2018-09-25T18:04:40+08:00 ] 10.8.66.111 /index/Api/UserCenter/
INFO: [ app_init ] --START--
INFO: Run Behavior\BuildLiteBehavior [ RunTime:0.000019s ]
INFO: [ app_init ] --END-- [ RunTime:0.000139s ]
INFO: [ app_begin ] --START--
INFO: Run Behavior\ReadHtmlCacheBehavior [ RunTime:0.000323s ]
INFO: [ app_begin ] --END-- [ RunTime:0.000431s ]
SQL: SHOW COLUMNS FROM `zw_admin` [ RunTime:0.0006s ]
SQL: SELECT `id` FROM `zw_admin` WHERE ( `user_name`='admin' AND `password`='e10adc3949ba59abbe56e057f20f883e' ) LIMIT 1   [ RunTime:0.0003s ]
NOTIC: [2] Illegal string offset 'id' D:\www1\wang\Apps\Api\Model\AdminModel.class.php 第 24 行.
NOTIC: [4096] Argument 1 passed to Api\Model\AdminModel::getUserinfo() must be an instance of Api\Model\int, string given, called in D:\www1\wang\Apps\Api\Controller\UserCenterController.class.php on line 18 and defined D:\www1\wang\Apps\Api\Model\AdminModel.class.php 第 109 行.
SQL: SELECT `status` FROM `zw_admin` WHERE ( `id`='1' ) LIMIT 1   [ RunTime:0.0003s ]

[ 2018-09-25T18:04:42+08:00 ] 10.8.66.111 /index/Api/UserCenter/
INFO: [ app_init ] --START--
INFO: Run Behavior\BuildLiteBehavior [ RunTime:0.000019s ]
INFO: [ app_init ] --END-- [ RunTime:0.000124s ]
INFO: [ app_begin ] --START--
INFO: Run Behavior\ReadHtmlCacheBehavior [ RunTime:0.000401s ]
INFO: [ app_begin ] --END-- [ RunTime:0.000512s ]
SQL: SHOW COLUMNS FROM `zw_admin` [ RunTime:0.0006s ]
SQL: SELECT `id` FROM `zw_admin` WHERE ( `user_name`='admin' AND `password`='e10adc3949ba59abbe56e057f20f883e' ) LIMIT 1   [ RunTime:0.0003s ]
NOTIC: [2] Illegal string offset 'id' D:\www1\wang\Apps\Api\Model\AdminModel.class.php 第 24 行.
NOTIC: [4096] Argument 1 passed to Api\Model\AdminModel::getUserinfo() must be an instance of Api\Model\int, string given, called in D:\www1\wang\Apps\Api\Controller\UserCenterController.class.php on line 18 and defined D:\www1\wang\Apps\Api\Model\AdminModel.class.php 第 109 行.
SQL: SELECT `status` FROM `zw_admin` WHERE ( `id`='1' ) LIMIT 1   [ RunTime:0.0002s ]

[ 2018-09-25T18:04:53+08:00 ] 10.8.66.111 /index/Api/UserCenter/
INFO: [ app_init ] --START--
INFO: Run Behavior\BuildLiteBehavior [ RunTime:0.000019s ]
INFO: [ app_init ] --END-- [ RunTime:0.000192s ]
INFO: [ app_begin ] --START--
INFO: Run Behavior\ReadHtmlCacheBehavior [ RunTime:0.000546s ]
INFO: [ app_begin ] --END-- [ RunTime:0.000740s ]
SQL: SHOW COLUMNS FROM `zw_admin` [ RunTime:0.0005s ]
SQL: SELECT `id` FROM `zw_admin` WHERE ( `user_name`='admin' AND `password`='e10adc3949ba59abbe56e057f20f883e' ) LIMIT 1   [ RunTime:0.0002s ]
NOTIC: [2] Illegal string offset 'id' D:\www1\wang\Apps\Api\Model\AdminModel.class.php 第 24 行.
NOTIC: [4096] Argument 1 passed to Api\Model\AdminModel::getUserinfo() must be an instance of Api\Model\int, string given, called in D:\www1\wang\Apps\Api\Controller\UserCenterController.class.php on line 18 and defined D:\www1\wang\Apps\Api\Model\AdminModel.class.php 第 109 行.
SQL: SELECT `status` FROM `zw_admin` WHERE ( `id`='1' ) LIMIT 1   [ RunTime:0.0002s ]

[ 2018-09-25T18:05:28+08:00 ] 10.8.66.111 /index/Api/UserCenter/
INFO: [ app_init ] --START--
INFO: Run Behavior\BuildLiteBehavior [ RunTime:0.000019s ]
INFO: [ app_init ] --END-- [ RunTime:0.000124s ]
INFO: [ app_begin ] --START--
INFO: Run Behavior\ReadHtmlCacheBehavior [ RunTime:0.000317s ]
INFO: [ app_begin ] --END-- [ RunTime:0.000424s ]
SQL: SHOW COLUMNS FROM `zw_admin` [ RunTime:0.0004s ]
SQL: SELECT `id` FROM `zw_admin` WHERE ( `user_name`='admin' AND `password`='e10adc3949ba59abbe56e057f20f883e' ) LIMIT 1   [ RunTime:0.0003s ]
NOTIC: [2] Illegal string offset 'id' D:\www1\wang\Apps\Api\Model\AdminModel.class.php 第 24 行.
NOTIC: [4096] Argument 1 passed to Api\Model\AdminModel::getUserinfo() must be an instance of Api\Model\int, string given, called in D:\www1\wang\Apps\Api\Controller\UserCenterController.class.php on line 18 and defined D:\www1\wang\Apps\Api\Model\AdminModel.class.php 第 109 行.
SQL: SELECT `status` FROM `zw_admin` WHERE ( `id`='1' ) LIMIT 1   [ RunTime:0.0003s ]

[ 2018-09-25T18:05:36+08:00 ] 10.8.66.111 /index/Api/UserCenter/
INFO: [ app_init ] --START--
INFO: Run Behavior\BuildLiteBehavior [ RunTime:0.000034s ]
INFO: [ app_init ] --END-- [ RunTime:0.000145s ]
INFO: [ app_begin ] --START--
INFO: Run Behavior\ReadHtmlCacheBehavior [ RunTime:0.000322s ]
INFO: [ app_begin ] --END-- [ RunTime:0.000430s ]
SQL: SHOW COLUMNS FROM `zw_admin` [ RunTime:0.0005s ]
SQL: SELECT `id` FROM `zw_admin` WHERE ( `user_name`='admin' AND `password`='e10adc3949ba59abbe56e057f20f883e' ) LIMIT 1   [ RunTime:0.0002s ]
NOTIC: [2] Illegal string offset 'id' D:\www1\wang\Apps\Api\Model\AdminModel.class.php 第 24 行.
NOTIC: [4096] Argument 1 passed to Api\Model\AdminModel::getUserinfo() must be an instance of Api\Model\int, string given, called in D:\www1\wang\Apps\Api\Controller\UserCenterController.class.php on line 18 and defined D:\www1\wang\Apps\Api\Model\AdminModel.class.php 第 109 行.
SQL: SELECT `status` FROM `zw_admin` WHERE ( `id`='1' ) LIMIT 1   [ RunTime:0.0002s ]

[ 2018-09-25T18:08:44+08:00 ] 10.8.66.111 /index/Api/UserCenter/userinfo
INFO: [ app_init ] --START--
INFO: Run Behavior\BuildLiteBehavior [ RunTime:0.000022s ]
INFO: [ app_init ] --END-- [ RunTime:0.000142s ]
INFO: [ app_begin ] --START--
INFO: Run Behavior\ReadHtmlCacheBehavior [ RunTime:0.000476s ]
INFO: [ app_begin ] --END-- [ RunTime:0.000596s ]
SQL: SHOW COLUMNS FROM `zw_admin` [ RunTime:0.0011s ]
NOTIC: [4096] Argument 1 passed to Api\Model\AdminModel::getUserinfo() must be an instance of Api\Model\int, integer given, called in D:\www1\wang\Apps\Api\Controller\UserCenterController.class.php on line 48 and defined D:\www1\wang\Apps\Api\Model\AdminModel.class.php 第 109 行.
SQL: SELECT `id`,`user_name`,`lastlogin_time`,`status` FROM `zw_admin` WHERE ( `id`='0' ) LIMIT 1   [ RunTime:0.0010s ]
NOTIC: [8] Undefined variable: userInfo D:\www1\wang\Apps\Api\Common\function.php 第 24 行.
NOTIC: [8] Undefined variable: userInfo D:\www1\wang\Apps\Api\Common\function.php 第 25 行.

[ 2018-09-25T18:10:35+08:00 ] 10.8.66.111 /index/Api/UserCenter/
INFO: [ app_init ] --START--
INFO: Run Behavior\BuildLiteBehavior [ RunTime:0.000038s ]
INFO: [ app_init ] --END-- [ RunTime:0.000179s ]
INFO: [ app_begin ] --START--
INFO: Run Behavior\ReadHtmlCacheBehavior [ RunTime:0.000535s ]
INFO: [ app_begin ] --END-- [ RunTime:0.000685s ]
SQL: SHOW COLUMNS FROM `zw_admin` [ RunTime:0.0012s ]
SQL: SELECT `id` FROM `zw_admin` WHERE ( `user_name`='admin' AND `password`='e10adc3949ba59abbe56e057f20f883e' ) LIMIT 1   [ RunTime:0.0003s ]
NOTIC: [2] Illegal string offset 'id' D:\www1\wang\Apps\Api\Model\AdminModel.class.php 第 24 行.
NOTIC: [4096] Argument 1 passed to Api\Model\AdminModel::getUserinfo() must be an instance of Api\Model\int, string given, called in D:\www1\wang\Apps\Api\Controller\UserCenterController.class.php on line 18 and defined D:\www1\wang\Apps\Api\Model\AdminModel.class.php 第 109 行.
SQL: SELECT `status` FROM `zw_admin` WHERE ( `id`='1' ) LIMIT 1   [ RunTime:0.0002s ]

[ 2018-09-25T18:36:54+08:00 ] 10.8.66.111 /index/Api/UserCenter/userinfo
INFO: [ app_init ] --START--
INFO: Run Behavior\BuildLiteBehavior [ RunTime:0.000020s ]
INFO: [ app_init ] --END-- [ RunTime:0.000128s ]
INFO: [ app_begin ] --START--
INFO: Run Behavior\ReadHtmlCacheBehavior [ RunTime:0.000459s ]
INFO: [ app_begin ] --END-- [ RunTime:0.000566s ]
SQL: SHOW COLUMNS FROM `zw_admin` [ RunTime:0.0006s ]
NOTIC: [4096] Argument 1 passed to Api\Model\AdminModel::getUserinfo() must be an instance of Api\Model\int, integer given, called in D:\www1\wang\Apps\Api\Controller\UserCenterController.class.php on line 48 and defined D:\www1\wang\Apps\Api\Model\AdminModel.class.php 第 109 行.
SQL: SELECT `id`,`user_name`,`lastlogin_time`,`status` FROM `zw_admin` WHERE ( `id`='0' ) LIMIT 1   [ RunTime:0.0003s ]
NOTIC: [8] Undefined variable: userInfo D:\www1\wang\Apps\Api\Common\function.php 第 24 行.
NOTIC: [8] Undefined variable: userInfo D:\www1\wang\Apps\Api\Common\function.php 第 25 行.

[ 2018-09-25T18:38:15+08:00 ] 10.8.66.111 /index/Api/UserCenter/userinfo
INFO: [ app_init ] --START--
INFO: Run Behavior\BuildLiteBehavior [ RunTime:0.000021s ]
INFO: [ app_init ] --END-- [ RunTime:0.000128s ]
INFO: [ app_begin ] --START--
INFO: Run Behavior\ReadHtmlCacheBehavior [ RunTime:0.001007s ]
INFO: [ app_begin ] --END-- [ RunTime:0.001243s ]
SQL: SHOW COLUMNS FROM `zw_admin` [ RunTime:0.0007s ]
NOTIC: [4096] Argument 1 passed to Api\Model\AdminModel::getUserinfo() must be an instance of Api\Model\int, integer given, called in D:\www1\wang\Apps\Api\Controller\UserCenterController.class.php on line 48 and defined D:\www1\wang\Apps\Api\Model\AdminModel.class.php 第 109 行.
SQL: SELECT `id`,`user_name`,`lastlogin_time`,`status` FROM `zw_admin` WHERE ( `id`='0' ) LIMIT 1   [ RunTime:0.0003s ]
NOTIC: [8] Undefined variable: userInfo D:\www1\wang\Apps\Api\Common\function.php 第 24 行.
NOTIC: [8] Undefined variable: userInfo D:\www1\wang\Apps\Api\Common\function.php 第 25 行.

[ 2018-09-25T18:38:17+08:00 ] 10.8.66.111 /index/Api/UserCenter/userinfo
INFO: [ app_init ] --START--
INFO: Run Behavior\BuildLiteBehavior [ RunTime:0.000025s ]
INFO: [ app_init ] --END-- [ RunTime:0.000273s ]
INFO: [ app_begin ] --START--
INFO: Run Behavior\ReadHtmlCacheBehavior [ RunTime:0.000463s ]
INFO: [ app_begin ] --END-- [ RunTime:0.000575s ]
SQL: SHOW COLUMNS FROM `zw_admin` [ RunTime:0.0005s ]
NOTIC: [4096] Argument 1 passed to Api\Model\AdminModel::getUserinfo() must be an instance of Api\Model\int, integer given, called in D:\www1\wang\Apps\Api\Controller\UserCenterController.class.php on line 48 and defined D:\www1\wang\Apps\Api\Model\AdminModel.class.php 第 109 行.
SQL: SELECT `id`,`user_name`,`lastlogin_time`,`status` FROM `zw_admin` WHERE ( `id`='0' ) LIMIT 1   [ RunTime:0.0004s ]
NOTIC: [8] Undefined variable: userInfo D:\www1\wang\Apps\Api\Common\function.php 第 24 行.
NOTIC: [8] Undefined variable: userInfo D:\www1\wang\Apps\Api\Common\function.php 第 25 行.

[ 2018-09-25T18:38:20+08:00 ] 10.8.66.111 /index/Api/UserCenter/index
INFO: [ app_init ] --START--
INFO: Run Behavior\BuildLiteBehavior [ RunTime:0.000019s ]
INFO: [ app_init ] --END-- [ RunTime:0.000124s ]
INFO: [ app_begin ] --START--
INFO: Run Behavior\ReadHtmlCacheBehavior [ RunTime:0.000456s ]
INFO: [ app_begin ] --END-- [ RunTime:0.000563s ]
SQL: SHOW COLUMNS FROM `zw_admin` [ RunTime:0.0010s ]
SQL: SELECT `id` FROM `zw_admin` WHERE ( `user_name`='admin' AND `password`='e10adc3949ba59abbe56e057f20f883e' ) LIMIT 1   [ RunTime:0.0004s ]
NOTIC: [2] Illegal string offset 'id' D:\www1\wang\Apps\Api\Model\AdminModel.class.php 第 24 行.
NOTIC: [4096] Argument 1 passed to Api\Model\AdminModel::getUserinfo() must be an instance of Api\Model\int, string given, called in D:\www1\wang\Apps\Api\Controller\UserCenterController.class.php on line 18 and defined D:\www1\wang\Apps\Api\Model\AdminModel.class.php 第 109 行.
SQL: SELECT `status` FROM `zw_admin` WHERE ( `id`='1' ) LIMIT 1   [ RunTime:0.0003s ]

[ 2018-09-25T18:38:50+08:00 ] 10.8.66.111 /index/Api/UserCenter/index
INFO: [ app_init ] --START--
INFO: Run Behavior\BuildLiteBehavior [ RunTime:0.000020s ]
INFO: [ app_init ] --END-- [ RunTime:0.000132s ]
INFO: [ app_begin ] --START--
INFO: Run Behavior\ReadHtmlCacheBehavior [ RunTime:0.000445s ]
INFO: [ app_begin ] --END-- [ RunTime:0.000556s ]
SQL: SHOW COLUMNS FROM `zw_admin` [ RunTime:0.0012s ]
SQL: SELECT `id` FROM `zw_admin` WHERE ( `user_name`='admin' AND `password`='e10adc3949ba59abbe56e057f20f883e' ) LIMIT 1   [ RunTime:0.0002s ]
NOTIC: [2] Illegal string offset 'id' D:\www1\wang\Apps\Api\Model\AdminModel.class.php 第 24 行.
NOTIC: [4096] Argument 1 passed to Api\Model\AdminModel::getUserinfo() must be an instance of Api\Model\int, string given, called in D:\www1\wang\Apps\Api\Controller\UserCenterController.class.php on line 18 and defined D:\www1\wang\Apps\Api\Model\AdminModel.class.php 第 109 行.
SQL: SELECT `status` FROM `zw_admin` WHERE ( `id`='1' ) LIMIT 1   [ RunTime:0.0002s ]

[ 2018-09-25T18:38:57+08:00 ] 10.8.66.111 /index/Api/UserCenter/
INFO: [ app_init ] --START--
INFO: Run Behavior\BuildLiteBehavior [ RunTime:0.000035s ]
INFO: [ app_init ] --END-- [ RunTime:0.000140s ]
INFO: [ app_begin ] --START--
INFO: Run Behavior\ReadHtmlCacheBehavior [ RunTime:0.000491s ]
INFO: [ app_begin ] --END-- [ RunTime:0.000594s ]
SQL: SHOW COLUMNS FROM `zw_admin` [ RunTime:0.0006s ]
SQL: SELECT `id` FROM `zw_admin` WHERE ( `user_name`='admin' AND `password`='e10adc3949ba59abbe56e057f20f883e' ) LIMIT 1   [ RunTime:0.0006s ]
NOTIC: [2] Illegal string offset 'id' D:\www1\wang\Apps\Api\Model\AdminModel.class.php 第 24 行.
NOTIC: [4096] Argument 1 passed to Api\Model\AdminModel::getUserinfo() must be an instance of Api\Model\int, string given, called in D:\www1\wang\Apps\Api\Controller\UserCenterController.class.php on line 18 and defined D:\www1\wang\Apps\Api\Model\AdminModel.class.php 第 109 行.
SQL: SELECT `status` FROM `zw_admin` WHERE ( `id`='1' ) LIMIT 1   [ RunTime:0.0002s ]

