[ 2018-09-21T17:20:00+08:00 ] 10.8.66.111 /api/usercenter/
INFO: [ app_init ] --START--
INFO: Run Behavior\BuildLiteBehavior [ RunTime:0.000023s ]
INFO: [ app_init ] --END-- [ RunTime:0.000150s ]
INFO: [ app_begin ] --START--
INFO: Run Behavior\ReadHtmlCacheBehavior [ RunTime:0.000422s ]
INFO: [ app_begin ] --END-- [ RunTime:0.000531s ]
ERR: 无法加载控制器:Usercenter

[ 2018-09-21T17:20:29+08:00 ] 10.8.66.111 /index/Api/UserCenter
INFO: [ app_init ] --START--
INFO: Run Behavior\BuildLiteBehavior [ RunTime:0.000019s ]
INFO: [ app_init ] --END-- [ RunTime:0.000126s ]
INFO: [ app_begin ] --START--
INFO: Run Behavior\ReadHtmlCacheBehavior [ RunTime:0.000420s ]
INFO: [ app_begin ] --END-- [ RunTime:0.000524s ]
SQL: SHOW COLUMNS FROM `zw_admin` [ RunTime:0.0014s ]
SQL: SELECT `id` FROM `zw_admin` WHERE ( `user_name`='admin' AND `password`='e10adc3949ba59abbe56e057f20f883e' ) LIMIT 1   [ RunTime:0.0003s ]
NOTIC: [4096] Argument 1 passed to Api\Model\AdminModel::getUserinfo() must be an instance of Api\Model\int, string given, called in D:\www1\wang\Apps\Api\Controller\UserCenterController.class.php on line 29 and defined D:\www1\wang\Apps\Api\Model\AdminModel.class.php 第 110 行.
SQL: SELECT `status` FROM `zw_admin` WHERE ( `id`='1' ) LIMIT 1   [ RunTime:0.0002s ]
NOTIC: [4096] Argument 1 passed to Api\Model\AdminModel::setUserSSO() must be an instance of Api\Model\int, string given, called in D:\www1\wang\Apps\Api\Controller\UserCenterController.class.php on line 33 and defined D:\www1\wang\Apps\Api\Model\AdminModel.class.php 第 55 行.
NOTIC: [4096] Argument 1 passed to Api\Model\AdminModel::getUserinfo() must be an instance of Api\Model\int, string given, called in D:\www1\wang\Apps\Api\Model\AdminModel.class.php on line 56 and defined D:\www1\wang\Apps\Api\Model\AdminModel.class.php 第 110 行.
SQL: SELECT `user_name` FROM `zw_admin` WHERE ( `id`='1' ) LIMIT 1   [ RunTime:0.0003s ]

[ 2018-09-21T17:20:34+08:00 ] 10.8.66.111 /api/usercenter/
INFO: [ app_init ] --START--
INFO: Run Behavior\BuildLiteBehavior [ RunTime:0.000021s ]
INFO: [ app_init ] --END-- [ RunTime:0.000132s ]
INFO: [ app_begin ] --START--
INFO: Run Behavior\ReadHtmlCacheBehavior [ RunTime:0.000454s ]
INFO: [ app_begin ] --END-- [ RunTime:0.000571s ]
ERR: 无法加载控制器:Usercenter

[ 2018-09-21T17:20:43+08:00 ] 10.8.66.111 //index/Api/UserCenter
INFO: [ app_init ] --START--
INFO: Run Behavior\BuildLiteBehavior [ RunTime:0.000020s ]
INFO: [ app_init ] --END-- [ RunTime:0.000128s ]
INFO: [ app_begin ] --START--
INFO: Run Behavior\ReadHtmlCacheBehavior [ RunTime:0.000465s ]
INFO: [ app_begin ] --END-- [ RunTime:0.000573s ]
SQL: SHOW COLUMNS FROM `zw_admin` [ RunTime:0.0013s ]

[ 2018-09-21T17:23:43+08:00 ] 10.8.66.111 //index/Api/UserCenter
INFO: [ app_init ] --START--
INFO: Run Behavior\BuildLiteBehavior [ RunTime:0.000024s ]
INFO: [ app_init ] --END-- [ RunTime:0.000185s ]
INFO: [ app_begin ] --START--
INFO: Run Behavior\ReadHtmlCacheBehavior [ RunTime:0.000584s ]
INFO: [ app_begin ] --END-- [ RunTime:0.000744s ]
SQL: SHOW COLUMNS FROM `zw_admin` [ RunTime:0.0019s ]

[ 2018-09-21T17:23:45+08:00 ] 10.8.66.111 //index/Api/UserCenter
INFO: [ app_init ] --START--
INFO: Run Behavior\BuildLiteBehavior [ RunTime:0.000019s ]
INFO: [ app_init ] --END-- [ RunTime:0.000119s ]
INFO: [ app_begin ] --START--
INFO: Run Behavior\ReadHtmlCacheBehavior [ RunTime:0.000810s ]
INFO: [ app_begin ] --END-- [ RunTime:0.001033s ]
SQL: SHOW COLUMNS FROM `zw_admin` [ RunTime:0.0012s ]

[ 2018-09-21T17:23:54+08:00 ] 10.8.66.111 /index/Api/UserCenter
INFO: [ app_init ] --START--
INFO: Run Behavior\BuildLiteBehavior [ RunTime:0.000051s ]
INFO: [ app_init ] --END-- [ RunTime:0.000210s ]
INFO: [ app_begin ] --START--
INFO: Run Behavior\ReadHtmlCacheBehavior [ RunTime:0.000478s ]
INFO: [ app_begin ] --END-- [ RunTime:0.000602s ]
SQL: SHOW COLUMNS FROM `zw_admin` [ RunTime:0.0015s ]

[ 2018-09-21T17:24:22+08:00 ] 10.8.66.111 /index/Api/UserCenter
INFO: [ app_init ] --START--
INFO: Run Behavior\BuildLiteBehavior [ RunTime:0.000047s ]
INFO: [ app_init ] --END-- [ RunTime:0.000242s ]
INFO: [ app_begin ] --START--
INFO: Run Behavior\ReadHtmlCacheBehavior [ RunTime:0.000561s ]
INFO: [ app_begin ] --END-- [ RunTime:0.000711s ]
SQL: SHOW COLUMNS FROM `zw_admin` [ RunTime:0.0011s ]

[ 2018-09-21T17:24:38+08:00 ] 10.8.66.111 /index/Api/UserCenter/userinfo
INFO: [ app_init ] --START--
INFO: Run Behavior\BuildLiteBehavior [ RunTime:0.000024s ]
INFO: [ app_init ] --END-- [ RunTime:0.000131s ]
INFO: [ app_begin ] --START--
INFO: Run Behavior\ReadHtmlCacheBehavior [ RunTime:0.000348s ]
INFO: [ app_begin ] --END-- [ RunTime:0.000451s ]
SQL: SHOW COLUMNS FROM `zw_admin` [ RunTime:0.0011s ]
NOTIC: [4096] Argument 1 passed to Api\Model\AdminModel::getUserinfo() must be an instance of Api\Model\int, string given, called in D:\www1\wang\Apps\Api\Controller\UserCenterController.class.php on line 55 and defined D:\www1\wang\Apps\Api\Model\AdminModel.class.php 第 110 行.
SQL: SELECT `id`,`user_name`,`lastlogin_time`,`status` FROM `zw_admin` WHERE ( `id`='1' ) LIMIT 1   [ RunTime:0.0005s ]

[ 2018-09-21T17:26:49+08:00 ] 10.8.66.111 /index/Api/UserCenter/userinfo
INFO: [ app_init ] --START--
INFO: Run Behavior\BuildLiteBehavior [ RunTime:0.000023s ]
INFO: [ app_init ] --END-- [ RunTime:0.000141s ]
INFO: [ app_begin ] --START--
INFO: Run Behavior\ReadHtmlCacheBehavior [ RunTime:0.000398s ]
INFO: [ app_begin ] --END-- [ RunTime:0.000497s ]
SQL: SHOW COLUMNS FROM `zw_admin` [ RunTime:0.0015s ]
NOTIC: [4096] Argument 1 passed to Api\Model\AdminModel::getUserinfo() must be an instance of Api\Model\int, string given, called in D:\www1\wang\Apps\Api\Controller\UserCenterController.class.php on line 55 and defined D:\www1\wang\Apps\Api\Model\AdminModel.class.php 第 110 行.
SQL: SELECT `id`,`user_name`,`lastlogin_time`,`status` FROM `zw_admin` WHERE ( `id`='1' ) LIMIT 1   [ RunTime:0.0004s ]

[ 2018-09-21T17:28:32+08:00 ] 10.8.66.111 /index/Api/UserCenter/userinfo
INFO: [ app_init ] --START--
INFO: Run Behavior\BuildLiteBehavior [ RunTime:0.000022s ]
INFO: [ app_init ] --END-- [ RunTime:0.000133s ]
INFO: [ app_begin ] --START--
INFO: Run Behavior\ReadHtmlCacheBehavior [ RunTime:0.000410s ]
INFO: [ app_begin ] --END-- [ RunTime:0.000507s ]
SQL: SHOW COLUMNS FROM `zw_admin` [ RunTime:0.0050s ]
NOTIC: [4096] Argument 1 passed to Api\Model\AdminModel::getUserinfo() must be an instance of Api\Model\int, string given, called in D:\www1\wang\Apps\Api\Controller\UserCenterController.class.php on line 55 and defined D:\www1\wang\Apps\Api\Model\AdminModel.class.php 第 110 行.
SQL: SELECT `id`,`user_name`,`lastlogin_time`,`status` FROM `zw_admin` WHERE ( `id`='1' ) LIMIT 1   [ RunTime:0.0004s ]

[ 2018-09-21T17:30:03+08:00 ] 10.8.66.111 /index/Api/UserCenter/userinfo
INFO: [ app_init ] --START--
INFO: Run Behavior\BuildLiteBehavior [ RunTime:0.000020s ]
INFO: [ app_init ] --END-- [ RunTime:0.000120s ]
INFO: [ app_begin ] --START--
INFO: Run Behavior\ReadHtmlCacheBehavior [ RunTime:0.000407s ]
INFO: [ app_begin ] --END-- [ RunTime:0.000503s ]
SQL: SHOW COLUMNS FROM `zw_admin` [ RunTime:0.0016s ]
NOTIC: [4096] Argument 1 passed to Api\Model\AdminModel::getUserinfo() must be an instance of Api\Model\int, string given, called in D:\www1\wang\Apps\Api\Controller\UserCenterController.class.php on line 55 and defined D:\www1\wang\Apps\Api\Model\AdminModel.class.php 第 110 行.
SQL: SELECT `id`,`user_name`,`lastlogin_time`,`status` FROM `zw_admin` WHERE ( `id`='1' ) LIMIT 1   [ RunTime:0.0003s ]

[ 2018-09-21T17:32:39+08:00 ] 10.8.66.111 /index/Api/UserCenter/userinfo
INFO: [ app_init ] --START--
INFO: Run Behavior\BuildLiteBehavior [ RunTime:0.000020s ]
INFO: [ app_init ] --END-- [ RunTime:0.000120s ]
INFO: [ app_begin ] --START--
INFO: Run Behavior\ReadHtmlCacheBehavior [ RunTime:0.000414s ]
INFO: [ app_begin ] --END-- [ RunTime:0.000510s ]
SQL: SHOW COLUMNS FROM `zw_admin` [ RunTime:0.0012s ]
NOTIC: [4096] Argument 1 passed to Api\Model\AdminModel::getUserinfo() must be an instance of Api\Model\int, string given, called in D:\www1\wang\Apps\Api\Controller\UserCenterController.class.php on line 55 and defined D:\www1\wang\Apps\Api\Model\AdminModel.class.php 第 110 行.
SQL: SELECT `id`,`user_name`,`lastlogin_time`,`status` FROM `zw_admin` WHERE ( `id`='1' ) LIMIT 1   [ RunTime:0.0003s ]

[ 2018-09-21T17:43:18+08:00 ] 10.8.66.111 /index/Api/UserCenter/userinfo
INFO: [ app_init ] --START--
INFO: Run Behavior\BuildLiteBehavior [ RunTime:0.000069s ]
INFO: [ app_init ] --END-- [ RunTime:0.000287s ]
INFO: [ app_begin ] --START--
INFO: Run Behavior\ReadHtmlCacheBehavior [ RunTime:0.000413s ]
INFO: [ app_begin ] --END-- [ RunTime:0.000516s ]
SQL: SHOW COLUMNS FROM `zw_admin` [ RunTime:0.0018s ]
NOTIC: [4096] Argument 1 passed to Api\Model\AdminModel::getUserinfo() must be an instance of Api\Model\int, string given, called in D:\www1\wang\Apps\Api\Controller\UserCenterController.class.php on line 55 and defined D:\www1\wang\Apps\Api\Model\AdminModel.class.php 第 110 行.
SQL: SELECT `id`,`user_name`,`lastlogin_time`,`status` FROM `zw_admin` WHERE ( `id`='1' ) LIMIT 1   [ RunTime:0.0005s ]

[ 2018-09-21T17:53:46+08:00 ] 10.8.66.111 /index/Api/UserCenter/userinfo
INFO: [ app_init ] --START--
INFO: Run Behavior\BuildLiteBehavior [ RunTime:0.000023s ]
INFO: [ app_init ] --END-- [ RunTime:0.000141s ]
INFO: [ app_begin ] --START--
INFO: Run Behavior\ReadHtmlCacheBehavior [ RunTime:0.000438s ]
INFO: [ app_begin ] --END-- [ RunTime:0.000560s ]
SQL: SHOW COLUMNS FROM `zw_admin` [ RunTime:0.0006s ]
NOTIC: [4096] Argument 1 passed to Api\Model\AdminModel::getUserinfo() must be an instance of Api\Model\int, integer given, called in D:\www1\wang\Apps\Api\Controller\UserCenterController.class.php on line 55 and defined D:\www1\wang\Apps\Api\Model\AdminModel.class.php 第 110 行.
SQL: SELECT `id`,`user_name`,`lastlogin_time`,`status` FROM `zw_admin` WHERE ( `id`='0' ) LIMIT 1   [ RunTime:0.0004s ]

