[ 2018-09-26T09:13:17+08:00 ] 10.8.66.111 /index/Api/UserCenter/
INFO: [ app_init ] --START--
INFO: Run Behavior\BuildLiteBehavior [ RunTime:0.000037s ]
INFO: [ app_init ] --END-- [ RunTime:0.000192s ]
INFO: [ app_begin ] --START--
INFO: Run Behavior\ReadHtmlCacheBehavior [ RunTime:0.000446s ]
INFO: [ app_begin ] --END-- [ RunTime:0.000583s ]
SQL: SHOW COLUMNS FROM `zw_admin` [ RunTime:0.0007s ]
SQL: SELECT `id` FROM `zw_admin` WHERE ( `user_name`='admin' AND `password`='e10adc3949ba59abbe56e057f20f883e' ) LIMIT 1   [ RunTime:0.0004s ]
NOTIC: [2] Illegal string offset 'id' D:\www1\wang\Apps\Api\Model\AdminModel.class.php 第 24 行.
NOTIC: [4096] Argument 1 passed to Api\Model\AdminModel::getUserinfo() must be an instance of Api\Model\int, string given, called in D:\www1\wang\Apps\Api\Controller\UserCenterController.class.php on line 18 and defined D:\www1\wang\Apps\Api\Model\AdminModel.class.php 第 109 行.
SQL: SELECT `status` FROM `zw_admin` WHERE ( `id`='1' ) LIMIT 1   [ RunTime:0.0002s ]

[ 2018-09-26T09:17:56+08:00 ] 10.8.66.111 /index/Api/UserCenter/index
INFO: [ app_init ] --START--
INFO: Run Behavior\BuildLiteBehavior [ RunTime:0.000020s ]
INFO: [ app_init ] --END-- [ RunTime:0.000145s ]
INFO: [ app_begin ] --START--
INFO: Run Behavior\ReadHtmlCacheBehavior [ RunTime:0.001779s ]
INFO: [ app_begin ] --END-- [ RunTime:0.002048s ]
SQL: SHOW COLUMNS FROM `zw_admin` [ RunTime:0.0013s ]
SQL: SELECT `id` FROM `zw_admin` WHERE ( `user_name`='admin' AND `password`='e10adc3949ba59abbe56e057f20f883e' ) LIMIT 1   [ RunTime:0.0003s ]
NOTIC: [2] Illegal string offset 'id' D:\www1\wang\Apps\Api\Model\AdminModel.class.php 第 24 行.
NOTIC: [4096] Argument 1 passed to Api\Model\AdminModel::getUserinfo() must be an instance of Api\Model\int, string given, called in D:\www1\wang\Apps\Api\Controller\UserCenterController.class.php on line 18 and defined D:\www1\wang\Apps\Api\Model\AdminModel.class.php 第 109 行.
SQL: SELECT `status` FROM `zw_admin` WHERE ( `id`='1' ) LIMIT 1   [ RunTime:0.0002s ]

[ 2018-09-26T09:18:22+08:00 ] 10.8.66.111 /index/Api/UserCenter/index
INFO: [ app_init ] --START--
INFO: Run Behavior\BuildLiteBehavior [ RunTime:0.000021s ]
INFO: [ app_init ] --END-- [ RunTime:0.000122s ]
INFO: [ app_begin ] --START--
INFO: Run Behavior\ReadHtmlCacheBehavior [ RunTime:0.000475s ]
INFO: [ app_begin ] --END-- [ RunTime:0.000576s ]
SQL: SHOW COLUMNS FROM `zw_admin` [ RunTime:0.0007s ]
SQL: SELECT `id` FROM `zw_admin` WHERE ( `user_name`='admin' AND `password`='e10adc3949ba59abbe56e057f20f883e' ) LIMIT 1   [ RunTime:0.0004s ]
NOTIC: [2] Illegal string offset 'id' D:\www1\wang\Apps\Api\Model\AdminModel.class.php 第 24 行.
NOTIC: [4096] Argument 1 passed to Api\Model\AdminModel::getUserinfo() must be an instance of Api\Model\int, string given, called in D:\www1\wang\Apps\Api\Controller\UserCenterController.class.php on line 18 and defined D:\www1\wang\Apps\Api\Model\AdminModel.class.php 第 109 行.
SQL: SELECT `status` FROM `zw_admin` WHERE ( `id`='1' ) LIMIT 1   [ RunTime:0.0004s ]

[ 2018-09-26T09:26:07+08:00 ] 10.8.66.111 /index/Api/UserCenter/index
INFO: [ app_init ] --START--
INFO: Run Behavior\BuildLiteBehavior [ RunTime:0.000054s ]
INFO: [ app_init ] --END-- [ RunTime:0.000215s ]
INFO: [ app_begin ] --START--
INFO: Run Behavior\ReadHtmlCacheBehavior [ RunTime:0.000529s ]
INFO: [ app_begin ] --END-- [ RunTime:0.000637s ]
SQL: SHOW COLUMNS FROM `zw_admin` [ RunTime:0.0007s ]
SQL: SELECT `id` FROM `zw_admin` WHERE ( `user_name`='admin' AND `password`='e10adc3949ba59abbe56e057f20f883e' ) LIMIT 1   [ RunTime:0.0006s ]
NOTIC: [2] Illegal string offset 'id' D:\www1\wang\Apps\Api\Model\AdminModel.class.php 第 24 行.
NOTIC: [4096] Argument 1 passed to Api\Model\AdminModel::getUserinfo() must be an instance of Api\Model\int, integer given, called in D:\www1\wang\Apps\Api\Controller\UserCenterController.class.php on line 18 and defined D:\www1\wang\Apps\Api\Model\AdminModel.class.php 第 109 行.
SQL: SELECT `status` FROM `zw_admin` WHERE ( `id`='1' ) LIMIT 1   [ RunTime:0.0002s ]

[ 2018-09-26T09:29:06+08:00 ] 10.8.66.111 /index/Api/UserCenter/index
INFO: [ app_init ] --START--
INFO: Run Behavior\BuildLiteBehavior [ RunTime:0.000021s ]
INFO: [ app_init ] --END-- [ RunTime:0.000171s ]
INFO: [ app_begin ] --START--
INFO: Run Behavior\ReadHtmlCacheBehavior [ RunTime:0.000476s ]
INFO: [ app_begin ] --END-- [ RunTime:0.000587s ]
SQL: SHOW COLUMNS FROM `zw_admin` [ RunTime:0.0007s ]
SQL: SELECT `id` FROM `zw_admin` WHERE ( `user_name`='admin' AND `password`='e10adc3949ba59abbe56e057f20f883e' ) LIMIT 1   [ RunTime:0.0003s ]
NOTIC: [2] Illegal string offset 'id' D:\www1\wang\Apps\Api\Model\AdminModel.class.php 第 24 行.
NOTIC: [4096] Argument 1 passed to Api\Model\AdminModel::getUserinfo() must be an instance of Api\Model\int, string given, called in D:\www1\wang\Apps\Api\Controller\UserCenterController.class.php on line 18 and defined D:\www1\wang\Apps\Api\Model\AdminModel.class.php 第 109 行.
SQL: SELECT `status` FROM `zw_admin` WHERE ( `id`='1' ) LIMIT 1   [ RunTime:0.0002s ]
NOTIC: [4096] Argument 1 passed to Api\Model\AdminModel::setUserSSO() must be an instance of Api\Model\int, string given, called in D:\www1\wang\Apps\Api\Controller\UserCenterController.class.php on line 22 and defined D:\www1\wang\Apps\Api\Model\AdminModel.class.php 第 55 行.
NOTIC: [4096] Argument 1 passed to Api\Model\AdminModel::getUserinfo() must be an instance of Api\Model\int, string given, called in D:\www1\wang\Apps\Api\Model\AdminModel.class.php on line 56 and defined D:\www1\wang\Apps\Api\Model\AdminModel.class.php 第 109 行.
SQL: SELECT `user_name` FROM `zw_admin` WHERE ( `id`='1' ) LIMIT 1   [ RunTime:0.0002s ]

[ 2018-09-26T09:50:54+08:00 ] 10.8.66.111 /index/Api/UserCenter/index
INFO: [ app_init ] --START--
INFO: Run Behavior\BuildLiteBehavior [ RunTime:0.000020s ]
INFO: [ app_init ] --END-- [ RunTime:0.000128s ]
INFO: [ app_begin ] --START--
INFO: Run Behavior\ReadHtmlCacheBehavior [ RunTime:0.000456s ]
INFO: [ app_begin ] --END-- [ RunTime:0.000566s ]
SQL: SHOW COLUMNS FROM `zw_admin` [ RunTime:0.0008s ]
SQL: SELECT `id` FROM `zw_admin` WHERE ( `user_name`='admin' AND `password`='e10adc3949ba59abbe56e057f20f883e' ) LIMIT 1   [ RunTime:0.0011s ]
NOTIC: [2] Illegal string offset 'id' D:\www1\wang\Apps\Api\Model\AdminModel.class.php 第 24 行.
NOTIC: [4096] Argument 1 passed to Api\Model\AdminModel::getUserinfo() must be an instance of Api\Model\int, string given, called in D:\www1\wang\Apps\Api\Controller\UserCenterController.class.php on line 18 and defined D:\www1\wang\Apps\Api\Model\AdminModel.class.php 第 109 行.
SQL: SELECT `status` FROM `zw_admin` WHERE ( `id`='1' ) LIMIT 1   [ RunTime:0.0004s ]
NOTIC: [4096] Argument 1 passed to Api\Model\AdminModel::setUserSSO() must be an instance of Api\Model\int, string given, called in D:\www1\wang\Apps\Api\Controller\UserCenterController.class.php on line 22 and defined D:\www1\wang\Apps\Api\Model\AdminModel.class.php 第 55 行.
NOTIC: [4096] Argument 1 passed to Api\Model\AdminModel::getUserinfo() must be an instance of Api\Model\int, string given, called in D:\www1\wang\Apps\Api\Model\AdminModel.class.php on line 56 and defined D:\www1\wang\Apps\Api\Model\AdminModel.class.php 第 109 行.
SQL: SELECT `user_name` FROM `zw_admin` WHERE ( `id`='1' ) LIMIT 1   [ RunTime:0.0004s ]

[ 2018-09-26T10:02:23+08:00 ] 10.8.66.111 /index/Api/UserCenter/index
INFO: [ app_init ] --START--
INFO: Run Behavior\BuildLiteBehavior [ RunTime:0.000024s ]
INFO: [ app_init ] --END-- [ RunTime:0.000134s ]
INFO: [ app_begin ] --START--
INFO: Run Behavior\ReadHtmlCacheBehavior [ RunTime:0.000470s ]
INFO: [ app_begin ] --END-- [ RunTime:0.000605s ]
SQL: SHOW COLUMNS FROM `zw_admin` [ RunTime:0.0009s ]
SQL: SELECT `id` FROM `zw_admin` WHERE ( `user_name`='admin' AND `password`='e10adc3949ba59abbe56e057f20f883e' ) LIMIT 1   [ RunTime:0.0003s ]
NOTIC: [2] Illegal string offset 'id' D:\www1\wang\Apps\Api\Model\AdminModel.class.php 第 24 行.
NOTIC: [4096] Argument 1 passed to Api\Model\AdminModel::getUserinfo() must be an instance of Api\Model\int, string given, called in D:\www1\wang\Apps\Api\Controller\UserCenterController.class.php on line 18 and defined D:\www1\wang\Apps\Api\Model\AdminModel.class.php 第 109 行.
SQL: SELECT `status` FROM `zw_admin` WHERE ( `id`='1' ) LIMIT 1   [ RunTime:0.0002s ]
NOTIC: [4096] Argument 1 passed to Api\Model\AdminModel::setUserSSO() must be an instance of Api\Model\int, string given, called in D:\www1\wang\Apps\Api\Controller\UserCenterController.class.php on line 22 and defined D:\www1\wang\Apps\Api\Model\AdminModel.class.php 第 55 行.
NOTIC: [4096] Argument 1 passed to Api\Model\AdminModel::getUserinfo() must be an instance of Api\Model\int, string given, called in D:\www1\wang\Apps\Api\Model\AdminModel.class.php on line 56 and defined D:\www1\wang\Apps\Api\Model\AdminModel.class.php 第 109 行.
SQL: SELECT `user_name` FROM `zw_admin` WHERE ( `id`='1' ) LIMIT 1   [ RunTime:0.0002s ]

[ 2018-09-26T10:24:48+08:00 ] 10.8.66.111 /index/Api/UserCenter/index
INFO: [ app_init ] --START--
INFO: Run Behavior\BuildLiteBehavior [ RunTime:0.000019s ]
INFO: [ app_init ] --END-- [ RunTime:0.000117s ]
INFO: [ app_begin ] --START--
INFO: Run Behavior\ReadHtmlCacheBehavior [ RunTime:0.000504s ]
INFO: [ app_begin ] --END-- [ RunTime:0.000601s ]
SQL: SHOW COLUMNS FROM `zw_admin` [ RunTime:0.0006s ]
SQL: SELECT `id` FROM `zw_admin` WHERE ( `user_name`='admin' AND `password`='e10adc3949ba59abbe56e057f20f883e' ) LIMIT 1   [ RunTime:0.0003s ]
NOTIC: [2] Illegal string offset 'id' D:\www1\wang\Apps\Api\Model\AdminModel.class.php 第 24 行.
NOTIC: [4096] Argument 1 passed to Api\Model\AdminModel::getUserinfo() must be an instance of Api\Model\int, string given, called in D:\www1\wang\Apps\Api\Controller\UserCenterController.class.php on line 18 and defined D:\www1\wang\Apps\Api\Model\AdminModel.class.php 第 109 行.
SQL: SELECT `status` FROM `zw_admin` WHERE ( `id`='1' ) LIMIT 1   [ RunTime:0.0002s ]
NOTIC: [4096] Argument 1 passed to Api\Model\AdminModel::setUserSSO() must be an instance of Api\Model\int, string given, called in D:\www1\wang\Apps\Api\Controller\UserCenterController.class.php on line 22 and defined D:\www1\wang\Apps\Api\Model\AdminModel.class.php 第 55 行.
NOTIC: [4096] Argument 1 passed to Api\Model\AdminModel::getUserinfo() must be an instance of Api\Model\int, string given, called in D:\www1\wang\Apps\Api\Model\AdminModel.class.php on line 56 and defined D:\www1\wang\Apps\Api\Model\AdminModel.class.php 第 109 行.
SQL: SELECT `user_name` FROM `zw_admin` WHERE ( `id`='1' ) LIMIT 1   [ RunTime:0.0003s ]

[ 2018-09-26T11:07:50+08:00 ] 10.8.66.111 /index/Api/UserCenter/index
INFO: [ app_init ] --START--
INFO: Run Behavior\BuildLiteBehavior [ RunTime:0.000021s ]
INFO: [ app_init ] --END-- [ RunTime:0.000171s ]
INFO: [ app_begin ] --START--
INFO: Run Behavior\ReadHtmlCacheBehavior [ RunTime:0.000456s ]
INFO: [ app_begin ] --END-- [ RunTime:0.000595s ]
SQL: SHOW COLUMNS FROM `zw_admin` [ RunTime:0.0007s ]
SQL: SELECT `id` FROM `zw_admin` WHERE ( `user_name`='admin' AND `password`='e10adc3949ba59abbe56e057f20f883e' ) LIMIT 1   [ RunTime:0.0006s ]
NOTIC: [2] Illegal string offset 'id' D:\www1\wang\Apps\Api\Model\AdminModel.class.php 第 24 行.
NOTIC: [4096] Argument 1 passed to Api\Model\AdminModel::getUserinfo() must be an instance of Api\Model\int, string given, called in D:\www1\wang\Apps\Api\Controller\UserCenterController.class.php on line 18 and defined D:\www1\wang\Apps\Api\Model\AdminModel.class.php 第 109 行.
SQL: SELECT `status` FROM `zw_admin` WHERE ( `id`='1' ) LIMIT 1   [ RunTime:0.0003s ]
NOTIC: [4096] Argument 1 passed to Api\Model\AdminModel::setUserSSO() must be an instance of Api\Model\int, string given, called in D:\www1\wang\Apps\Api\Controller\UserCenterController.class.php on line 22 and defined D:\www1\wang\Apps\Api\Model\AdminModel.class.php 第 55 行.
NOTIC: [4096] Argument 1 passed to Api\Model\AdminModel::getUserinfo() must be an instance of Api\Model\int, string given, called in D:\www1\wang\Apps\Api\Model\AdminModel.class.php on line 56 and defined D:\www1\wang\Apps\Api\Model\AdminModel.class.php 第 109 行.
SQL: SELECT `user_name` FROM `zw_admin` WHERE ( `id`='1' ) LIMIT 1   [ RunTime:0.0004s ]

[ 2018-09-26T11:07:51+08:00 ] 10.8.66.111 /index/Api/UserCenter/index
INFO: [ app_init ] --START--
INFO: Run Behavior\BuildLiteBehavior [ RunTime:0.000021s ]
INFO: [ app_init ] --END-- [ RunTime:0.000121s ]
INFO: [ app_begin ] --START--
INFO: Run Behavior\ReadHtmlCacheBehavior [ RunTime:0.000459s ]
INFO: [ app_begin ] --END-- [ RunTime:0.000559s ]
SQL: SHOW COLUMNS FROM `zw_admin` [ RunTime:0.0007s ]
SQL: SELECT `id` FROM `zw_admin` WHERE ( `user_name`='admin' AND `password`='e10adc3949ba59abbe56e057f20f883e' ) LIMIT 1   [ RunTime:0.0004s ]
NOTIC: [2] Illegal string offset 'id' D:\www1\wang\Apps\Api\Model\AdminModel.class.php 第 24 行.
NOTIC: [4096] Argument 1 passed to Api\Model\AdminModel::getUserinfo() must be an instance of Api\Model\int, string given, called in D:\www1\wang\Apps\Api\Controller\UserCenterController.class.php on line 18 and defined D:\www1\wang\Apps\Api\Model\AdminModel.class.php 第 109 行.
SQL: SELECT `status` FROM `zw_admin` WHERE ( `id`='1' ) LIMIT 1   [ RunTime:0.0002s ]
NOTIC: [4096] Argument 1 passed to Api\Model\AdminModel::setUserSSO() must be an instance of Api\Model\int, string given, called in D:\www1\wang\Apps\Api\Controller\UserCenterController.class.php on line 22 and defined D:\www1\wang\Apps\Api\Model\AdminModel.class.php 第 55 行.
NOTIC: [4096] Argument 1 passed to Api\Model\AdminModel::getUserinfo() must be an instance of Api\Model\int, string given, called in D:\www1\wang\Apps\Api\Model\AdminModel.class.php on line 56 and defined D:\www1\wang\Apps\Api\Model\AdminModel.class.php 第 109 行.
SQL: SELECT `user_name` FROM `zw_admin` WHERE ( `id`='1' ) LIMIT 1   [ RunTime:0.0002s ]

[ 2018-09-26T11:07:51+08:00 ] 10.8.66.111 /index/Api/UserCenter/index
INFO: [ app_init ] --START--
INFO: Run Behavior\BuildLiteBehavior [ RunTime:0.000034s ]
INFO: [ app_init ] --END-- [ RunTime:0.000187s ]
INFO: [ app_begin ] --START--
INFO: Run Behavior\ReadHtmlCacheBehavior [ RunTime:0.000474s ]
INFO: [ app_begin ] --END-- [ RunTime:0.000581s ]
SQL: SHOW COLUMNS FROM `zw_admin` [ RunTime:0.0007s ]
SQL: SELECT `id` FROM `zw_admin` WHERE ( `user_name`='admin' AND `password`='e10adc3949ba59abbe56e057f20f883e' ) LIMIT 1   [ RunTime:0.0008s ]
NOTIC: [2] Illegal string offset 'id' D:\www1\wang\Apps\Api\Model\AdminModel.class.php 第 24 行.
NOTIC: [4096] Argument 1 passed to Api\Model\AdminModel::getUserinfo() must be an instance of Api\Model\int, string given, called in D:\www1\wang\Apps\Api\Controller\UserCenterController.class.php on line 18 and defined D:\www1\wang\Apps\Api\Model\AdminModel.class.php 第 109 行.
SQL: SELECT `status` FROM `zw_admin` WHERE ( `id`='1' ) LIMIT 1   [ RunTime:0.0005s ]
NOTIC: [4096] Argument 1 passed to Api\Model\AdminModel::setUserSSO() must be an instance of Api\Model\int, string given, called in D:\www1\wang\Apps\Api\Controller\UserCenterController.class.php on line 22 and defined D:\www1\wang\Apps\Api\Model\AdminModel.class.php 第 55 行.
NOTIC: [4096] Argument 1 passed to Api\Model\AdminModel::getUserinfo() must be an instance of Api\Model\int, string given, called in D:\www1\wang\Apps\Api\Model\AdminModel.class.php on line 56 and defined D:\www1\wang\Apps\Api\Model\AdminModel.class.php 第 109 行.
SQL: SELECT `user_name` FROM `zw_admin` WHERE ( `id`='1' ) LIMIT 1   [ RunTime:0.0003s ]

[ 2018-09-26T11:07:52+08:00 ] 10.8.66.111 /index/Api/UserCenter/index
INFO: [ app_init ] --START--
INFO: Run Behavior\BuildLiteBehavior [ RunTime:0.000019s ]
INFO: [ app_init ] --END-- [ RunTime:0.000117s ]
INFO: [ app_begin ] --START--
INFO: Run Behavior\ReadHtmlCacheBehavior [ RunTime:0.000527s ]
INFO: [ app_begin ] --END-- [ RunTime:0.000628s ]
SQL: SHOW COLUMNS FROM `zw_admin` [ RunTime:0.0007s ]
SQL: SELECT `id` FROM `zw_admin` WHERE ( `user_name`='admin' AND `password`='e10adc3949ba59abbe56e057f20f883e' ) LIMIT 1   [ RunTime:0.0003s ]
NOTIC: [2] Illegal string offset 'id' D:\www1\wang\Apps\Api\Model\AdminModel.class.php 第 24 行.
NOTIC: [4096] Argument 1 passed to Api\Model\AdminModel::getUserinfo() must be an instance of Api\Model\int, string given, called in D:\www1\wang\Apps\Api\Controller\UserCenterController.class.php on line 18 and defined D:\www1\wang\Apps\Api\Model\AdminModel.class.php 第 109 行.
SQL: SELECT `status` FROM `zw_admin` WHERE ( `id`='1' ) LIMIT 1   [ RunTime:0.0002s ]
NOTIC: [4096] Argument 1 passed to Api\Model\AdminModel::setUserSSO() must be an instance of Api\Model\int, string given, called in D:\www1\wang\Apps\Api\Controller\UserCenterController.class.php on line 22 and defined D:\www1\wang\Apps\Api\Model\AdminModel.class.php 第 55 行.
NOTIC: [4096] Argument 1 passed to Api\Model\AdminModel::getUserinfo() must be an instance of Api\Model\int, string given, called in D:\www1\wang\Apps\Api\Model\AdminModel.class.php on line 56 and defined D:\www1\wang\Apps\Api\Model\AdminModel.class.php 第 109 行.
SQL: SELECT `user_name` FROM `zw_admin` WHERE ( `id`='1' ) LIMIT 1   [ RunTime:0.0002s ]

[ 2018-09-26T11:07:57+08:00 ] 10.8.66.111 /index/Api/UserCenter/index
INFO: [ app_init ] --START--
INFO: Run Behavior\BuildLiteBehavior [ RunTime:0.000020s ]
INFO: [ app_init ] --END-- [ RunTime:0.000115s ]
INFO: [ app_begin ] --START--
INFO: Run Behavior\ReadHtmlCacheBehavior [ RunTime:0.000727s ]
INFO: [ app_begin ] --END-- [ RunTime:0.000832s ]
SQL: SHOW COLUMNS FROM `zw_admin` [ RunTime:0.0005s ]
SQL: SELECT `id` FROM `zw_admin` WHERE ( `user_name`='admin' AND `password`='e10adc3949ba59abbe56e057f20f883e' ) LIMIT 1   [ RunTime:0.0003s ]
NOTIC: [2] Illegal string offset 'id' D:\www1\wang\Apps\Api\Model\AdminModel.class.php 第 24 行.
NOTIC: [4096] Argument 1 passed to Api\Model\AdminModel::getUserinfo() must be an instance of Api\Model\int, string given, called in D:\www1\wang\Apps\Api\Controller\UserCenterController.class.php on line 18 and defined D:\www1\wang\Apps\Api\Model\AdminModel.class.php 第 109 行.
SQL: SELECT `status` FROM `zw_admin` WHERE ( `id`='1' ) LIMIT 1   [ RunTime:0.0002s ]
NOTIC: [4096] Argument 1 passed to Api\Model\AdminModel::setUserSSO() must be an instance of Api\Model\int, string given, called in D:\www1\wang\Apps\Api\Controller\UserCenterController.class.php on line 22 and defined D:\www1\wang\Apps\Api\Model\AdminModel.class.php 第 55 行.
NOTIC: [4096] Argument 1 passed to Api\Model\AdminModel::getUserinfo() must be an instance of Api\Model\int, string given, called in D:\www1\wang\Apps\Api\Model\AdminModel.class.php on line 56 and defined D:\www1\wang\Apps\Api\Model\AdminModel.class.php 第 109 行.
SQL: SELECT `user_name` FROM `zw_admin` WHERE ( `id`='1' ) LIMIT 1   [ RunTime:0.0002s ]

[ 2018-09-26T11:12:37+08:00 ] 10.8.66.111 /index/Api/UserCenter/index
INFO: [ app_init ] --START--
INFO: Run Behavior\BuildLiteBehavior [ RunTime:0.000027s ]
INFO: [ app_init ] --END-- [ RunTime:0.000259s ]
INFO: [ app_begin ] --START--
INFO: Run Behavior\ReadHtmlCacheBehavior [ RunTime:0.000431s ]
INFO: [ app_begin ] --END-- [ RunTime:0.000559s ]
SQL: SHOW COLUMNS FROM `zw_admin` [ RunTime:0.0049s ]
SQL: SELECT `id` FROM `zw_admin` WHERE ( `user_name`='admin' AND `password`='e10adc3949ba59abbe56e057f20f883e' ) LIMIT 1   [ RunTime:0.0004s ]
NOTIC: [2] Illegal string offset 'id' D:\www1\wang\Apps\Api\Model\AdminModel.class.php 第 24 行.
NOTIC: [4096] Argument 1 passed to Api\Model\AdminModel::getUserinfo() must be an instance of Api\Model\int, string given, called in D:\www1\wang\Apps\Api\Controller\UserCenterController.class.php on line 18 and defined D:\www1\wang\Apps\Api\Model\AdminModel.class.php 第 109 行.
SQL: SELECT `status` FROM `zw_admin` WHERE ( `id`='1' ) LIMIT 1   [ RunTime:0.0002s ]
NOTIC: [4096] Argument 1 passed to Api\Model\AdminModel::setUserSSO() must be an instance of Api\Model\int, string given, called in D:\www1\wang\Apps\Api\Controller\UserCenterController.class.php on line 22 and defined D:\www1\wang\Apps\Api\Model\AdminModel.class.php 第 55 行.
NOTIC: [4096] Argument 1 passed to Api\Model\AdminModel::getUserinfo() must be an instance of Api\Model\int, string given, called in D:\www1\wang\Apps\Api\Model\AdminModel.class.php on line 56 and defined D:\www1\wang\Apps\Api\Model\AdminModel.class.php 第 109 行.
SQL: SELECT `user_name` FROM `zw_admin` WHERE ( `id`='1' ) LIMIT 1   [ RunTime:0.0002s ]

[ 2018-09-26T11:17:28+08:00 ] ::1 /index/Api/UserCenter/index
INFO: [ app_init ] --START--
INFO: Run Behavior\BuildLiteBehavior [ RunTime:0.000018s ]
INFO: [ app_init ] --END-- [ RunTime:0.000116s ]
INFO: [ app_begin ] --START--
INFO: Run Behavior\ReadHtmlCacheBehavior [ RunTime:0.000319s ]
INFO: [ app_begin ] --END-- [ RunTime:0.000424s ]
SQL: SHOW COLUMNS FROM `zw_admin` [ RunTime:0.0017s ]
SQL: SELECT `id` FROM `zw_admin` WHERE ( `user_name`='admin' AND `password`='e10adc3949ba59abbe56e057f20f883e' ) LIMIT 1   [ RunTime:0.0006s ]
NOTIC: [2] Illegal string offset 'id' D:\www1\wang\Apps\Api\Model\AdminModel.class.php 第 24 行.
NOTIC: [4096] Argument 1 passed to Api\Model\AdminModel::getUserinfo() must be an instance of Api\Model\int, string given, called in D:\www1\wang\Apps\Api\Controller\UserCenterController.class.php on line 18 and defined D:\www1\wang\Apps\Api\Model\AdminModel.class.php 第 109 行.
SQL: SELECT `status` FROM `zw_admin` WHERE ( `id`='1' ) LIMIT 1   [ RunTime:0.0006s ]
NOTIC: [4096] Argument 1 passed to Api\Model\AdminModel::setUserSSO() must be an instance of Api\Model\int, string given, called in D:\www1\wang\Apps\Api\Controller\UserCenterController.class.php on line 22 and defined D:\www1\wang\Apps\Api\Model\AdminModel.class.php 第 55 行.
NOTIC: [4096] Argument 1 passed to Api\Model\AdminModel::getUserinfo() must be an instance of Api\Model\int, string given, called in D:\www1\wang\Apps\Api\Model\AdminModel.class.php on line 56 and defined D:\www1\wang\Apps\Api\Model\AdminModel.class.php 第 109 行.
SQL: SELECT `user_name` FROM `zw_admin` WHERE ( `id`='1' ) LIMIT 1   [ RunTime:0.0004s ]

[ 2018-09-26T13:06:05+08:00 ] ::1 /Api/userCenter/index
INFO: [ app_init ] --START--
INFO: Run Behavior\BuildLiteBehavior [ RunTime:0.000020s ]
INFO: [ app_init ] --END-- [ RunTime:0.000126s ]
INFO: [ app_begin ] --START--
INFO: Run Behavior\ReadHtmlCacheBehavior [ RunTime:0.000323s ]
INFO: [ app_begin ] --END-- [ RunTime:0.000429s ]
SQL: SHOW COLUMNS FROM `zw_admin` [ RunTime:0.0026s ]

[ 2018-09-26T13:07:54+08:00 ] ::1 /Api/userCenter/index
INFO: [ app_init ] --START--
INFO: Run Behavior\BuildLiteBehavior [ RunTime:0.000020s ]
INFO: [ app_init ] --END-- [ RunTime:0.000124s ]
INFO: [ app_begin ] --START--
INFO: Run Behavior\ReadHtmlCacheBehavior [ RunTime:0.000396s ]
INFO: [ app_begin ] --END-- [ RunTime:0.000491s ]
SQL: SHOW COLUMNS FROM `zw_admin` [ RunTime:0.0013s ]

[ 2018-09-26T13:11:04+08:00 ] ::1 /Api/userCenter/index
INFO: [ app_init ] --START--
INFO: Run Behavior\BuildLiteBehavior [ RunTime:0.000021s ]
INFO: [ app_init ] --END-- [ RunTime:0.000124s ]
INFO: [ app_begin ] --START--
INFO: Run Behavior\ReadHtmlCacheBehavior [ RunTime:0.000379s ]
INFO: [ app_begin ] --END-- [ RunTime:0.000476s ]
SQL: SHOW COLUMNS FROM `zw_admin` [ RunTime:0.0014s ]

[ 2018-09-26T13:12:17+08:00 ] ::1 /Api/userCenter/index
INFO: [ app_init ] --START--
INFO: Run Behavior\BuildLiteBehavior [ RunTime:0.000019s ]
INFO: [ app_init ] --END-- [ RunTime:0.000114s ]
INFO: [ app_begin ] --START--
INFO: Run Behavior\ReadHtmlCacheBehavior [ RunTime:0.000356s ]
INFO: [ app_begin ] --END-- [ RunTime:0.000453s ]
SQL: SHOW COLUMNS FROM `zw_admin` [ RunTime:0.0006s ]

[ 2018-09-26T13:12:40+08:00 ] ::1 /Api/userCenter/index
INFO: [ app_init ] --START--
INFO: Run Behavior\BuildLiteBehavior [ RunTime:0.000056s ]
INFO: [ app_init ] --END-- [ RunTime:0.000362s ]
INFO: [ app_begin ] --START--
INFO: Run Behavior\ReadHtmlCacheBehavior [ RunTime:0.000498s ]
INFO: [ app_begin ] --END-- [ RunTime:0.000638s ]
SQL: SHOW COLUMNS FROM `zw_admin` [ RunTime:0.0014s ]

[ 2018-09-26T13:13:09+08:00 ] ::1 /Api/userCenter/index
INFO: [ app_init ] --START--
INFO: Run Behavior\BuildLiteBehavior [ RunTime:0.000020s ]
INFO: [ app_init ] --END-- [ RunTime:0.000116s ]
INFO: [ app_begin ] --START--
INFO: Run Behavior\ReadHtmlCacheBehavior [ RunTime:0.000394s ]
INFO: [ app_begin ] --END-- [ RunTime:0.000492s ]
SQL: SHOW COLUMNS FROM `zw_admin` [ RunTime:0.0011s ]

[ 2018-09-26T13:15:35+08:00 ] ::1 /Api/userCenter/index
INFO: [ app_init ] --START--
INFO: Run Behavior\BuildLiteBehavior [ RunTime:0.000020s ]
INFO: [ app_init ] --END-- [ RunTime:0.000123s ]
INFO: [ app_begin ] --START--
INFO: Run Behavior\ReadHtmlCacheBehavior [ RunTime:0.000350s ]
INFO: [ app_begin ] --END-- [ RunTime:0.000463s ]
SQL: SHOW COLUMNS FROM `zw_admin` [ RunTime:0.0005s ]

[ 2018-09-26T13:17:14+08:00 ] ::1 /Api/userCenter/index
INFO: [ app_init ] --START--
INFO: Run Behavior\BuildLiteBehavior [ RunTime:0.000020s ]
INFO: [ app_init ] --END-- [ RunTime:0.000136s ]
INFO: [ app_begin ] --START--
INFO: Run Behavior\ReadHtmlCacheBehavior [ RunTime:0.000371s ]
INFO: [ app_begin ] --END-- [ RunTime:0.000475s ]
SQL: SHOW COLUMNS FROM `zw_admin` [ RunTime:0.0004s ]

[ 2018-09-26T13:17:30+08:00 ] ::1 /Api/userCenter/index
INFO: [ app_init ] --START--
INFO: Run Behavior\BuildLiteBehavior [ RunTime:0.000021s ]
INFO: [ app_init ] --END-- [ RunTime:0.000263s ]
INFO: [ app_begin ] --START--
INFO: Run Behavior\ReadHtmlCacheBehavior [ RunTime:0.000501s ]
INFO: [ app_begin ] --END-- [ RunTime:0.000607s ]
SQL: SHOW COLUMNS FROM `zw_admin` [ RunTime:0.0012s ]

[ 2018-09-26T13:17:52+08:00 ] ::1 /Api/userCenter/index
INFO: [ app_init ] --START--
INFO: Run Behavior\BuildLiteBehavior [ RunTime:0.000022s ]
INFO: [ app_init ] --END-- [ RunTime:0.000179s ]
INFO: [ app_begin ] --START--
INFO: Run Behavior\ReadHtmlCacheBehavior [ RunTime:0.000323s ]
INFO: [ app_begin ] --END-- [ RunTime:0.000435s ]
SQL: SHOW COLUMNS FROM `zw_admin` [ RunTime:0.0009s ]

[ 2018-09-26T13:26:07+08:00 ] ::1 /Api/userCenter/index
INFO: [ app_init ] --START--
INFO: Run Behavior\BuildLiteBehavior [ RunTime:0.000020s ]
INFO: [ app_init ] --END-- [ RunTime:0.000117s ]
INFO: [ app_begin ] --START--
INFO: Run Behavior\ReadHtmlCacheBehavior [ RunTime:0.000320s ]
INFO: [ app_begin ] --END-- [ RunTime:0.000416s ]
SQL: SHOW COLUMNS FROM `zw_admin` [ RunTime:0.0007s ]

[ 2018-09-26T13:26:52+08:00 ] ::1 /Api/userCenter/index
INFO: [ app_init ] --START--
INFO: Run Behavior\BuildLiteBehavior [ RunTime:0.000024s ]
INFO: [ app_init ] --END-- [ RunTime:0.000132s ]
INFO: [ app_begin ] --START--
INFO: Run Behavior\ReadHtmlCacheBehavior [ RunTime:0.000324s ]
INFO: [ app_begin ] --END-- [ RunTime:0.000428s ]
SQL: SHOW COLUMNS FROM `zw_admin` [ RunTime:0.0005s ]

[ 2018-09-26T13:50:38+08:00 ] 10.8.66.111 /Api/UserCenter/index
INFO: [ app_init ] --START--
INFO: Run Behavior\BuildLiteBehavior [ RunTime:0.000020s ]
INFO: [ app_init ] --END-- [ RunTime:0.000134s ]
INFO: [ app_begin ] --START--
INFO: Run Behavior\ReadHtmlCacheBehavior [ RunTime:0.000430s ]
INFO: [ app_begin ] --END-- [ RunTime:0.000561s ]
SQL: SHOW COLUMNS FROM `zw_admin` [ RunTime:0.0008s ]

[ 2018-09-26T13:51:04+08:00 ] 10.8.66.111 /Api/UserCenter/index
INFO: [ app_init ] --START--
INFO: Run Behavior\BuildLiteBehavior [ RunTime:0.000019s ]
INFO: [ app_init ] --END-- [ RunTime:0.000128s ]
INFO: [ app_begin ] --START--
INFO: Run Behavior\ReadHtmlCacheBehavior [ RunTime:0.000355s ]
INFO: [ app_begin ] --END-- [ RunTime:0.000467s ]
SQL: SHOW COLUMNS FROM `zw_admin` [ RunTime:0.0014s ]
SQL: SELECT `id` FROM `zw_admin` WHERE ( `user_name`='zcj' AND `password`='e10adc3949ba59abbe56e057f20f883e' ) LIMIT 1   [ RunTime:0.0003s ]
NOTIC: [2] Illegal string offset 'id' D:\www1\wang\Apps\Api\Model\AdminModel.class.php 第 24 行.
NOTIC: [4096] Argument 1 passed to Api\Model\AdminModel::getUserinfo() must be an instance of Api\Model\int, string given, called in D:\www1\wang\Apps\Api\Controller\UserCenterController.class.php on line 24 and defined D:\www1\wang\Apps\Api\Model\AdminModel.class.php 第 109 行.
SQL: SELECT `status` FROM `zw_admin` WHERE ( `id`='3' ) LIMIT 1   [ RunTime:0.0002s ]
NOTIC: [4096] Argument 1 passed to Api\Model\AdminModel::setUserSSO() must be an instance of Api\Model\int, string given, called in D:\www1\wang\Apps\Api\Controller\UserCenterController.class.php on line 28 and defined D:\www1\wang\Apps\Api\Model\AdminModel.class.php 第 55 行.
NOTIC: [4096] Argument 1 passed to Api\Model\AdminModel::getUserinfo() must be an instance of Api\Model\int, string given, called in D:\www1\wang\Apps\Api\Model\AdminModel.class.php on line 56 and defined D:\www1\wang\Apps\Api\Model\AdminModel.class.php 第 109 行.
SQL: SELECT `user_name` FROM `zw_admin` WHERE ( `id`='3' ) LIMIT 1   [ RunTime:0.0001s ]

[ 2018-09-26T13:51:10+08:00 ] 10.8.66.111 /Api/UserCenter/index
INFO: [ app_init ] --START--
INFO: Run Behavior\BuildLiteBehavior [ RunTime:0.000020s ]
INFO: [ app_init ] --END-- [ RunTime:0.000137s ]
INFO: [ app_begin ] --START--
INFO: Run Behavior\ReadHtmlCacheBehavior [ RunTime:0.000382s ]
INFO: [ app_begin ] --END-- [ RunTime:0.000526s ]
SQL: SHOW COLUMNS FROM `zw_admin` [ RunTime:0.0007s ]
SQL: SELECT `id` FROM `zw_admin` WHERE ( `user_name`='zcj' AND `password`='e10adc3949ba59abbe56e057f20f883e' ) LIMIT 1   [ RunTime:0.0002s ]
NOTIC: [2] Illegal string offset 'id' D:\www1\wang\Apps\Api\Model\AdminModel.class.php 第 24 行.
NOTIC: [4096] Argument 1 passed to Api\Model\AdminModel::getUserinfo() must be an instance of Api\Model\int, string given, called in D:\www1\wang\Apps\Api\Controller\UserCenterController.class.php on line 24 and defined D:\www1\wang\Apps\Api\Model\AdminModel.class.php 第 109 行.
SQL: SELECT `status` FROM `zw_admin` WHERE ( `id`='3' ) LIMIT 1   [ RunTime:0.0002s ]
NOTIC: [4096] Argument 1 passed to Api\Model\AdminModel::setUserSSO() must be an instance of Api\Model\int, string given, called in D:\www1\wang\Apps\Api\Controller\UserCenterController.class.php on line 28 and defined D:\www1\wang\Apps\Api\Model\AdminModel.class.php 第 55 行.
NOTIC: [4096] Argument 1 passed to Api\Model\AdminModel::getUserinfo() must be an instance of Api\Model\int, string given, called in D:\www1\wang\Apps\Api\Model\AdminModel.class.php on line 56 and defined D:\www1\wang\Apps\Api\Model\AdminModel.class.php 第 109 行.
SQL: SELECT `user_name` FROM `zw_admin` WHERE ( `id`='3' ) LIMIT 1   [ RunTime:0.0002s ]

[ 2018-09-26T14:10:48+08:00 ] 10.8.66.111 /Api/UserCenter/index
INFO: [ app_init ] --START--
INFO: Run Behavior\BuildLiteBehavior [ RunTime:0.000020s ]
INFO: [ app_init ] --END-- [ RunTime:0.000132s ]
INFO: [ app_begin ] --START--
INFO: Run Behavior\ReadHtmlCacheBehavior [ RunTime:0.000429s ]
INFO: [ app_begin ] --END-- [ RunTime:0.000538s ]
SQL: SHOW COLUMNS FROM `zw_admin` [ RunTime:0.0005s ]
SQL: SELECT `id` FROM `zw_admin` WHERE ( `user_name`='' AND `password`='d41d8cd98f00b204e9800998ecf8427e' ) LIMIT 1   [ RunTime:0.0012s ]
NOTIC: [8] Undefined variable: userInfo D:\www1\wang\Apps\Api\Common\function.php 第 24 行.
NOTIC: [8] Undefined variable: userInfo D:\www1\wang\Apps\Api\Common\function.php 第 25 行.

[ 2018-09-26T14:10:58+08:00 ] 10.8.66.111 /Api/UserCenter/index
INFO: [ app_init ] --START--
INFO: Run Behavior\BuildLiteBehavior [ RunTime:0.000022s ]
INFO: [ app_init ] --END-- [ RunTime:0.000180s ]
INFO: [ app_begin ] --START--
INFO: Run Behavior\ReadHtmlCacheBehavior [ RunTime:0.000430s ]
INFO: [ app_begin ] --END-- [ RunTime:0.000540s ]
SQL: SHOW COLUMNS FROM `zw_admin` [ RunTime:0.0007s ]
SQL: SELECT `id` FROM `zw_admin` WHERE ( `user_name`='' AND `password`='d41d8cd98f00b204e9800998ecf8427e' ) LIMIT 1   [ RunTime:0.0003s ]
NOTIC: [8] Undefined variable: userInfo D:\www1\wang\Apps\Api\Common\function.php 第 24 行.
NOTIC: [8] Undefined variable: userInfo D:\www1\wang\Apps\Api\Common\function.php 第 25 行.

[ 2018-09-26T14:11:56+08:00 ] 10.8.66.111 /Api/UserCenter/index
INFO: [ app_init ] --START--
INFO: Run Behavior\BuildLiteBehavior [ RunTime:0.000027s ]
INFO: [ app_init ] --END-- [ RunTime:0.000190s ]
INFO: [ app_begin ] --START--
INFO: Run Behavior\ReadHtmlCacheBehavior [ RunTime:0.000576s ]
INFO: [ app_begin ] --END-- [ RunTime:0.000738s ]
SQL: SHOW COLUMNS FROM `zw_admin` [ RunTime:0.0021s ]
SQL: SELECT `id` FROM `zw_admin` WHERE ( `user_name`='' AND `password`='d41d8cd98f00b204e9800998ecf8427e' ) LIMIT 1   [ RunTime:0.0003s ]
NOTIC: [8] Undefined variable: userInfo D:\www1\wang\Apps\Api\Common\function.php 第 24 行.
NOTIC: [8] Undefined variable: userInfo D:\www1\wang\Apps\Api\Common\function.php 第 25 行.

[ 2018-09-26T14:11:57+08:00 ] 10.8.66.111 /Api/UserCenter/index
INFO: [ app_init ] --START--
INFO: Run Behavior\BuildLiteBehavior [ RunTime:0.000020s ]
INFO: [ app_init ] --END-- [ RunTime:0.000132s ]
INFO: [ app_begin ] --START--
INFO: Run Behavior\ReadHtmlCacheBehavior [ RunTime:0.000381s ]
INFO: [ app_begin ] --END-- [ RunTime:0.000494s ]
SQL: SHOW COLUMNS FROM `zw_admin` [ RunTime:0.0006s ]
SQL: SELECT `id` FROM `zw_admin` WHERE ( `user_name`='' AND `password`='d41d8cd98f00b204e9800998ecf8427e' ) LIMIT 1   [ RunTime:0.0003s ]
NOTIC: [8] Undefined variable: userInfo D:\www1\wang\Apps\Api\Common\function.php 第 24 行.
NOTIC: [8] Undefined variable: userInfo D:\www1\wang\Apps\Api\Common\function.php 第 25 行.

[ 2018-09-26T14:11:58+08:00 ] 10.8.66.111 /Api/UserCenter/index
INFO: [ app_init ] --START--
INFO: Run Behavior\BuildLiteBehavior [ RunTime:0.000020s ]
INFO: [ app_init ] --END-- [ RunTime:0.000128s ]
INFO: [ app_begin ] --START--
INFO: Run Behavior\ReadHtmlCacheBehavior [ RunTime:0.000392s ]
INFO: [ app_begin ] --END-- [ RunTime:0.000542s ]
SQL: SHOW COLUMNS FROM `zw_admin` [ RunTime:0.0005s ]
SQL: SELECT `id` FROM `zw_admin` WHERE ( `user_name`='' AND `password`='d41d8cd98f00b204e9800998ecf8427e' ) LIMIT 1   [ RunTime:0.0002s ]
NOTIC: [8] Undefined variable: userInfo D:\www1\wang\Apps\Api\Common\function.php 第 24 行.
NOTIC: [8] Undefined variable: userInfo D:\www1\wang\Apps\Api\Common\function.php 第 25 行.

[ 2018-09-26T14:12:09+08:00 ] 10.8.66.111 /Api/UserCenter/index
INFO: [ app_init ] --START--
INFO: Run Behavior\BuildLiteBehavior [ RunTime:0.000020s ]
INFO: [ app_init ] --END-- [ RunTime:0.000167s ]
INFO: [ app_begin ] --START--
INFO: Run Behavior\ReadHtmlCacheBehavior [ RunTime:0.001088s ]
INFO: [ app_begin ] --END-- [ RunTime:0.001309s ]
SQL: SHOW COLUMNS FROM `zw_admin` [ RunTime:0.0013s ]
SQL: SELECT `id` FROM `zw_admin` WHERE ( `user_name`='' AND `password`='d41d8cd98f00b204e9800998ecf8427e' ) LIMIT 1   [ RunTime:0.0003s ]
NOTIC: [8] Undefined variable: userInfo D:\www1\wang\Apps\Api\Common\function.php 第 24 行.
NOTIC: [8] Undefined variable: userInfo D:\www1\wang\Apps\Api\Common\function.php 第 25 行.

[ 2018-09-26T14:12:38+08:00 ] 10.8.66.111 /Api/UserCenter/index
INFO: [ app_init ] --START--
INFO: Run Behavior\BuildLiteBehavior [ RunTime:0.000021s ]
INFO: [ app_init ] --END-- [ RunTime:0.000130s ]
INFO: [ app_begin ] --START--
INFO: Run Behavior\ReadHtmlCacheBehavior [ RunTime:0.000360s ]
INFO: [ app_begin ] --END-- [ RunTime:0.000474s ]
SQL: SHOW COLUMNS FROM `zw_admin` [ RunTime:0.0005s ]
SQL: SELECT `id` FROM `zw_admin` WHERE ( `user_name`='' AND `password`='d41d8cd98f00b204e9800998ecf8427e' ) LIMIT 1   [ RunTime:0.0002s ]
NOTIC: [8] Undefined variable: userInfo D:\www1\wang\Apps\Api\Common\function.php 第 24 行.
NOTIC: [8] Undefined variable: userInfo D:\www1\wang\Apps\Api\Common\function.php 第 25 行.

[ 2018-09-26T14:12:55+08:00 ] 10.8.66.111 /Api/UserCenter/index
INFO: [ app_init ] --START--
INFO: Run Behavior\BuildLiteBehavior [ RunTime:0.000024s ]
INFO: [ app_init ] --END-- [ RunTime:0.000147s ]
INFO: [ app_begin ] --START--
INFO: Run Behavior\ReadHtmlCacheBehavior [ RunTime:0.000423s ]
INFO: [ app_begin ] --END-- [ RunTime:0.000544s ]
SQL: SHOW COLUMNS FROM `zw_admin` [ RunTime:0.0011s ]
SQL: SELECT `id` FROM `zw_admin` WHERE ( `user_name`='' AND `password`='d41d8cd98f00b204e9800998ecf8427e' ) LIMIT 1   [ RunTime:0.0002s ]
NOTIC: [8] Undefined variable: userInfo D:\www1\wang\Apps\Api\Common\function.php 第 24 行.
NOTIC: [8] Undefined variable: userInfo D:\www1\wang\Apps\Api\Common\function.php 第 25 行.

[ 2018-09-26T14:13:39+08:00 ] 10.8.66.111 /Api/UserCenter/index
INFO: [ app_init ] --START--
INFO: Run Behavior\BuildLiteBehavior [ RunTime:0.000020s ]
INFO: [ app_init ] --END-- [ RunTime:0.000158s ]
INFO: [ app_begin ] --START--
INFO: Run Behavior\ReadHtmlCacheBehavior [ RunTime:0.000480s ]
INFO: [ app_begin ] --END-- [ RunTime:0.000597s ]
SQL: SHOW COLUMNS FROM `zw_admin` [ RunTime:0.0007s ]

[ 2018-09-26T14:21:37+08:00 ] 10.8.66.111 /Api/UserCenter/index
INFO: [ app_init ] --START--
INFO: Run Behavior\BuildLiteBehavior [ RunTime:0.000021s ]
INFO: [ app_init ] --END-- [ RunTime:0.000142s ]
INFO: [ app_begin ] --START--
INFO: Run Behavior\ReadHtmlCacheBehavior [ RunTime:0.000376s ]
INFO: [ app_begin ] --END-- [ RunTime:0.000507s ]
SQL: SHOW COLUMNS FROM `zw_admin` [ RunTime:0.0007s ]
SQL: SELECT `id` FROM `zw_admin` WHERE ( `user_name`='' AND `password`='d41d8cd98f00b204e9800998ecf8427e' ) LIMIT 1   [ RunTime:0.0002s ]
NOTIC: [8] Undefined variable: userInfo D:\www1\wang\Apps\Api\Common\function.php 第 24 行.
NOTIC: [8] Undefined variable: userInfo D:\www1\wang\Apps\Api\Common\function.php 第 25 行.

[ 2018-09-26T14:21:51+08:00 ] 10.8.66.111 /Api/UserCenter/index
INFO: [ app_init ] --START--
INFO: Run Behavior\BuildLiteBehavior [ RunTime:0.000021s ]
INFO: [ app_init ] --END-- [ RunTime:0.000182s ]
INFO: [ app_begin ] --START--
INFO: Run Behavior\ReadHtmlCacheBehavior [ RunTime:0.000436s ]
INFO: [ app_begin ] --END-- [ RunTime:0.000611s ]
SQL: SHOW COLUMNS FROM `zw_admin` [ RunTime:0.0006s ]
SQL: SELECT `id` FROM `zw_admin` WHERE ( `user_name`='' AND `password`='d41d8cd98f00b204e9800998ecf8427e' ) LIMIT 1   [ RunTime:0.0002s ]
NOTIC: [8] Undefined variable: userInfo D:\www1\wang\Apps\Api\Common\function.php 第 24 行.
NOTIC: [8] Undefined variable: userInfo D:\www1\wang\Apps\Api\Common\function.php 第 25 行.

[ 2018-09-26T14:22:20+08:00 ] 10.8.66.111 /Api/UserCenter/index
INFO: [ app_init ] --START--
INFO: Run Behavior\BuildLiteBehavior [ RunTime:0.000035s ]
INFO: [ app_init ] --END-- [ RunTime:0.000164s ]
INFO: [ app_begin ] --START--
INFO: Run Behavior\ReadHtmlCacheBehavior [ RunTime:0.000481s ]
INFO: [ app_begin ] --END-- [ RunTime:0.000633s ]
SQL: SHOW COLUMNS FROM `zw_admin` [ RunTime:0.0007s ]

[ 2018-09-26T14:22:40+08:00 ] 10.8.66.111 /Api/UserCenter/index
INFO: [ app_init ] --START--
INFO: Run Behavior\BuildLiteBehavior [ RunTime:0.000021s ]
INFO: [ app_init ] --END-- [ RunTime:0.000138s ]
INFO: [ app_begin ] --START--
INFO: Run Behavior\ReadHtmlCacheBehavior [ RunTime:0.000442s ]
INFO: [ app_begin ] --END-- [ RunTime:0.000569s ]
SQL: SHOW COLUMNS FROM `zw_admin` [ RunTime:0.0006s ]
SQL: SELECT `id` FROM `zw_admin` WHERE ( `user_name`='' AND `password`='d41d8cd98f00b204e9800998ecf8427e' ) LIMIT 1   [ RunTime:0.0004s ]
NOTIC: [8] Undefined variable: userInfo D:\www1\wang\Apps\Api\Common\function.php 第 24 行.
NOTIC: [8] Undefined variable: userInfo D:\www1\wang\Apps\Api\Common\function.php 第 25 行.

[ 2018-09-26T14:23:03+08:00 ] 10.8.66.111 /Api/UserCenter/index
INFO: [ app_init ] --START--
INFO: Run Behavior\BuildLiteBehavior [ RunTime:0.000021s ]
INFO: [ app_init ] --END-- [ RunTime:0.000130s ]
INFO: [ app_begin ] --START--
INFO: Run Behavior\ReadHtmlCacheBehavior [ RunTime:0.000361s ]
INFO: [ app_begin ] --END-- [ RunTime:0.000497s ]
SQL: SHOW COLUMNS FROM `zw_admin` [ RunTime:0.0008s ]
SQL: SELECT `id` FROM `zw_admin` WHERE ( `user_name`='' AND `password`='d41d8cd98f00b204e9800998ecf8427e' ) LIMIT 1   [ RunTime:0.0004s ]
NOTIC: [8] Undefined variable: userInfo D:\www1\wang\Apps\Api\Common\function.php 第 24 行.
NOTIC: [8] Undefined variable: userInfo D:\www1\wang\Apps\Api\Common\function.php 第 25 行.

[ 2018-09-26T14:25:12+08:00 ] 10.8.66.111 /Api/UserCenter/index
INFO: [ app_init ] --START--
INFO: Run Behavior\BuildLiteBehavior [ RunTime:0.000026s ]
INFO: [ app_init ] --END-- [ RunTime:0.000264s ]
INFO: [ app_begin ] --START--
INFO: Run Behavior\ReadHtmlCacheBehavior [ RunTime:0.000366s ]
INFO: [ app_begin ] --END-- [ RunTime:0.000495s ]
SQL: SHOW COLUMNS FROM `zw_admin` [ RunTime:0.0005s ]
SQL: SELECT `id` FROM `zw_admin` WHERE ( `user_name`='' AND `password`='d41d8cd98f00b204e9800998ecf8427e' ) LIMIT 1   [ RunTime:0.0003s ]
NOTIC: [8] Undefined variable: userInfo D:\www1\wang\Apps\Api\Common\function.php 第 24 行.
NOTIC: [8] Undefined variable: userInfo D:\www1\wang\Apps\Api\Common\function.php 第 25 行.

[ 2018-09-26T14:28:04+08:00 ] 10.8.66.111 /Api/userCenter/index
INFO: [ app_init ] --START--
INFO: Run Behavior\BuildLiteBehavior [ RunTime:0.000025s ]
INFO: [ app_init ] --END-- [ RunTime:0.000139s ]
INFO: [ app_begin ] --START--
INFO: Run Behavior\ReadHtmlCacheBehavior [ RunTime:0.000321s ]
INFO: [ app_begin ] --END-- [ RunTime:0.000428s ]
SQL: SHOW COLUMNS FROM `zw_admin` [ RunTime:0.0007s ]
SQL: SELECT `id` FROM `zw_admin` WHERE ( `user_name`='admin' AND `password`='e10adc3949ba59abbe56e057f20f883e' ) LIMIT 1   [ RunTime:0.0003s ]
NOTIC: [2] Illegal string offset 'id' D:\www1\wang\Apps\Api\Model\AdminModel.class.php 第 25 行.
NOTIC: [4096] Argument 1 passed to Api\Model\AdminModel::getUserinfo() must be an instance of Api\Model\int, string given, called in D:\www1\wang\Apps\Api\Controller\UserCenterController.class.php on line 30 and defined D:\www1\wang\Apps\Api\Model\AdminModel.class.php 第 110 行.
SQL: SELECT `status` FROM `zw_admin` WHERE ( `id`='1' ) LIMIT 1   [ RunTime:0.0003s ]
NOTIC: [4096] Argument 1 passed to Api\Model\AdminModel::setUserSSO() must be an instance of Api\Model\int, string given, called in D:\www1\wang\Apps\Api\Controller\UserCenterController.class.php on line 34 and defined D:\www1\wang\Apps\Api\Model\AdminModel.class.php 第 56 行.
NOTIC: [4096] Argument 1 passed to Api\Model\AdminModel::getUserinfo() must be an instance of Api\Model\int, string given, called in D:\www1\wang\Apps\Api\Model\AdminModel.class.php on line 57 and defined D:\www1\wang\Apps\Api\Model\AdminModel.class.php 第 110 行.
SQL: SELECT `user_name` FROM `zw_admin` WHERE ( `id`='1' ) LIMIT 1   [ RunTime:0.0002s ]

[ 2018-09-26T14:28:58+08:00 ] 10.8.66.111 /Api/userCenter/index
INFO: [ app_init ] --START--
INFO: Run Behavior\BuildLiteBehavior [ RunTime:0.000020s ]
INFO: [ app_init ] --END-- [ RunTime:0.000123s ]
INFO: [ app_begin ] --START--
INFO: Run Behavior\ReadHtmlCacheBehavior [ RunTime:0.000420s ]
INFO: [ app_begin ] --END-- [ RunTime:0.000562s ]
SQL: SHOW COLUMNS FROM `zw_admin` [ RunTime:0.0006s ]
SQL: SELECT `id` FROM `zw_admin` WHERE ( `user_name`='admin' AND `password`='e10adc3949ba59abbe56e057f20f883e' ) LIMIT 1   [ RunTime:0.0004s ]
NOTIC: [2] Illegal string offset 'id' D:\www1\wang\Apps\Api\Model\AdminModel.class.php 第 25 行.
NOTIC: [4096] Argument 1 passed to Api\Model\AdminModel::getUserinfo() must be an instance of Api\Model\int, string given, called in D:\www1\wang\Apps\Api\Controller\UserCenterController.class.php on line 30 and defined D:\www1\wang\Apps\Api\Model\AdminModel.class.php 第 110 行.
SQL: SELECT `status` FROM `zw_admin` WHERE ( `id`='1' ) LIMIT 1   [ RunTime:0.0003s ]
NOTIC: [4096] Argument 1 passed to Api\Model\AdminModel::setUserSSO() must be an instance of Api\Model\int, string given, called in D:\www1\wang\Apps\Api\Controller\UserCenterController.class.php on line 34 and defined D:\www1\wang\Apps\Api\Model\AdminModel.class.php 第 56 行.
NOTIC: [4096] Argument 1 passed to Api\Model\AdminModel::getUserinfo() must be an instance of Api\Model\int, string given, called in D:\www1\wang\Apps\Api\Model\AdminModel.class.php on line 57 and defined D:\www1\wang\Apps\Api\Model\AdminModel.class.php 第 110 行.
SQL: SELECT `user_name` FROM `zw_admin` WHERE ( `id`='1' ) LIMIT 1   [ RunTime:0.0003s ]

[ 2018-09-26T14:29:26+08:00 ] 10.8.66.111 /Api/UserCenter/index
INFO: [ app_init ] --START--
INFO: Run Behavior\BuildLiteBehavior [ RunTime:0.000021s ]
INFO: [ app_init ] --END-- [ RunTime:0.000191s ]
INFO: [ app_begin ] --START--
INFO: Run Behavior\ReadHtmlCacheBehavior [ RunTime:0.000939s ]
INFO: [ app_begin ] --END-- [ RunTime:0.001173s ]
SQL: SHOW COLUMNS FROM `zw_admin` [ RunTime:0.0006s ]
SQL: SELECT `id` FROM `zw_admin` WHERE ( `user_name`='' AND `password`='d41d8cd98f00b204e9800998ecf8427e' ) LIMIT 1   [ RunTime:0.0003s ]
NOTIC: [8] Undefined variable: userInfo D:\www1\wang\Apps\Api\Common\function.php 第 24 行.
NOTIC: [8] Undefined variable: userInfo D:\www1\wang\Apps\Api\Common\function.php 第 25 行.

[ 2018-09-26T14:31:13+08:00 ] 10.8.66.111 /Api/userCenter/index
INFO: [ app_init ] --START--
INFO: Run Behavior\BuildLiteBehavior [ RunTime:0.000021s ]
INFO: [ app_init ] --END-- [ RunTime:0.000139s ]
INFO: [ app_begin ] --START--
INFO: Run Behavior\ReadHtmlCacheBehavior [ RunTime:0.001202s ]
INFO: [ app_begin ] --END-- [ RunTime:0.001338s ]
SQL: SHOW COLUMNS FROM `zw_admin` [ RunTime:0.0005s ]
SQL: SELECT `id` FROM `zw_admin` WHERE ( `user_name`='admin' AND `password`='e10adc3949ba59abbe56e057f20f883e' ) LIMIT 1   [ RunTime:0.0003s ]
NOTIC: [2] Illegal string offset 'id' D:\www1\wang\Apps\Api\Model\AdminModel.class.php 第 25 行.
NOTIC: [4096] Argument 1 passed to Api\Model\AdminModel::getUserinfo() must be an instance of Api\Model\int, string given, called in D:\www1\wang\Apps\Api\Controller\UserCenterController.class.php on line 30 and defined D:\www1\wang\Apps\Api\Model\AdminModel.class.php 第 111 行.
SQL: SELECT `status` FROM `zw_admin` WHERE ( `id`='1' ) LIMIT 1   [ RunTime:0.0002s ]
NOTIC: [4096] Argument 1 passed to Api\Model\AdminModel::setUserSSO() must be an instance of Api\Model\int, string given, called in D:\www1\wang\Apps\Api\Controller\UserCenterController.class.php on line 34 and defined D:\www1\wang\Apps\Api\Model\AdminModel.class.php 第 56 行.
NOTIC: [4096] Argument 1 passed to Api\Model\AdminModel::getUserinfo() must be an instance of Api\Model\int, string given, called in D:\www1\wang\Apps\Api\Model\AdminModel.class.php on line 57 and defined D:\www1\wang\Apps\Api\Model\AdminModel.class.php 第 111 行.
SQL: SELECT `user_name` FROM `zw_admin` WHERE ( `id`='1' ) LIMIT 1   [ RunTime:0.0002s ]
NOTIC: [8] Undefined variable: password D:\www1\wang\Apps\Api\Model\AdminModel.class.php 第 63 行.

[ 2018-09-26T14:39:50+08:00 ] 10.8.66.111 /Api/userCenter/index
INFO: [ app_init ] --START--
INFO: Run Behavior\BuildLiteBehavior [ RunTime:0.000020s ]
INFO: [ app_init ] --END-- [ RunTime:0.000136s ]
INFO: [ app_begin ] --START--
INFO: Run Behavior\ReadHtmlCacheBehavior [ RunTime:0.000393s ]
INFO: [ app_begin ] --END-- [ RunTime:0.000544s ]
SQL: SHOW COLUMNS FROM `zw_admin` [ RunTime:0.0007s ]
SQL: SELECT `id` FROM `zw_admin` WHERE ( `user_name`='admin' AND `password`='e10adc3949ba59abbe56e057f20f883e' ) LIMIT 1   [ RunTime:0.0005s ]
NOTIC: [2] Illegal string offset 'id' D:\www1\wang\Apps\Api\Model\AdminModel.class.php 第 25 行.
NOTIC: [4096] Argument 1 passed to Api\Model\AdminModel::getUserinfo() must be an instance of Api\Model\int, string given, called in D:\www1\wang\Apps\Api\Controller\UserCenterController.class.php on line 30 and defined D:\www1\wang\Apps\Api\Model\AdminModel.class.php 第 111 行.
SQL: SELECT `status` FROM `zw_admin` WHERE ( `id`='1' ) LIMIT 1   [ RunTime:0.0003s ]
NOTIC: [4096] Argument 1 passed to Api\Model\AdminModel::setUserSSO() must be an instance of Api\Model\int, string given, called in D:\www1\wang\Apps\Api\Controller\UserCenterController.class.php on line 34 and defined D:\www1\wang\Apps\Api\Model\AdminModel.class.php 第 56 行.
NOTIC: [4096] Argument 1 passed to Api\Model\AdminModel::getUserinfo() must be an instance of Api\Model\int, string given, called in D:\www1\wang\Apps\Api\Model\AdminModel.class.php on line 57 and defined D:\www1\wang\Apps\Api\Model\AdminModel.class.php 第 111 行.
SQL: SELECT `user_name` FROM `zw_admin` WHERE ( `id`='1' ) LIMIT 1   [ RunTime:0.0002s ]

[ 2018-09-26T14:43:11+08:00 ] 10.8.66.111 /Api/UserCenter/index
INFO: [ app_init ] --START--
INFO: Run Behavior\BuildLiteBehavior [ RunTime:0.000058s ]
INFO: [ app_init ] --END-- [ RunTime:0.000435s ]
INFO: [ app_begin ] --START--
INFO: Run Behavior\ReadHtmlCacheBehavior [ RunTime:0.000527s ]
INFO: [ app_begin ] --END-- [ RunTime:0.000692s ]
SQL: SHOW COLUMNS FROM `zw_admin` [ RunTime:0.0005s ]

[ 2018-09-26T14:51:01+08:00 ] 10.8.66.111 /Api/UserCenter/index.html
INFO: [ app_init ] --START--
INFO: Run Behavior\BuildLiteBehavior [ RunTime:0.000022s ]
INFO: [ app_init ] --END-- [ RunTime:0.000128s ]
INFO: [ app_begin ] --START--
INFO: Run Behavior\ReadHtmlCacheBehavior [ RunTime:0.000368s ]
INFO: [ app_begin ] --END-- [ RunTime:0.000466s ]
SQL: SHOW COLUMNS FROM `zw_admin` [ RunTime:0.0005s ]

[ 2018-09-26T14:51:14+08:00 ] 10.8.66.111 /Api/UserCenter/index
INFO: [ app_init ] --START--
INFO: Run Behavior\BuildLiteBehavior [ RunTime:0.000020s ]
INFO: [ app_init ] --END-- [ RunTime:0.000132s ]
INFO: [ app_begin ] --START--
INFO: Run Behavior\ReadHtmlCacheBehavior [ RunTime:0.000426s ]
INFO: [ app_begin ] --END-- [ RunTime:0.000565s ]
SQL: SHOW COLUMNS FROM `zw_admin` [ RunTime:0.0006s ]

[ 2018-09-26T14:51:44+08:00 ] 10.8.66.111 /Api/UserCenter/index.html
INFO: [ app_init ] --START--
INFO: Run Behavior\BuildLiteBehavior [ RunTime:0.000021s ]
INFO: [ app_init ] --END-- [ RunTime:0.000152s ]
INFO: [ app_begin ] --START--
INFO: Run Behavior\ReadHtmlCacheBehavior [ RunTime:0.003379s ]
INFO: [ app_begin ] --END-- [ RunTime:0.003591s ]
SQL: SHOW COLUMNS FROM `zw_admin` [ RunTime:0.0007s ]
SQL: SELECT `id` FROM `zw_admin` WHERE ( `user_name`='admin' AND `password`='e10adc3949ba59abbe56e057f20f883e' ) LIMIT 1   [ RunTime:0.0004s ]
NOTIC: [2] Illegal string offset 'id' D:\www1\wang\Apps\Api\Model\AdminModel.class.php 第 25 行.
NOTIC: [4096] Argument 1 passed to Api\Model\AdminModel::getUserinfo() must be an instance of Api\Model\int, string given, called in D:\www1\wang\Apps\Api\Controller\UserCenterController.class.php on line 30 and defined D:\www1\wang\Apps\Api\Model\AdminModel.class.php 第 111 行.
SQL: SELECT `status` FROM `zw_admin` WHERE ( `id`='1' ) LIMIT 1   [ RunTime:0.0002s ]
NOTIC: [4096] Argument 1 passed to Api\Model\AdminModel::setUserSSO() must be an instance of Api\Model\int, string given, called in D:\www1\wang\Apps\Api\Controller\UserCenterController.class.php on line 34 and defined D:\www1\wang\Apps\Api\Model\AdminModel.class.php 第 56 行.
NOTIC: [4096] Argument 1 passed to Api\Model\AdminModel::getUserinfo() must be an instance of Api\Model\int, string given, called in D:\www1\wang\Apps\Api\Model\AdminModel.class.php on line 57 and defined D:\www1\wang\Apps\Api\Model\AdminModel.class.php 第 111 行.
SQL: SELECT `user_name` FROM `zw_admin` WHERE ( `id`='1' ) LIMIT 1   [ RunTime:0.0002s ]

[ 2018-09-26T14:51:46+08:00 ] 10.8.66.111 /Api/UserCenter/index
INFO: [ app_init ] --START--
INFO: Run Behavior\BuildLiteBehavior [ RunTime:0.000038s ]
INFO: [ app_init ] --END-- [ RunTime:0.000209s ]
INFO: [ app_begin ] --START--
INFO: Run Behavior\ReadHtmlCacheBehavior [ RunTime:0.000338s ]
INFO: [ app_begin ] --END-- [ RunTime:0.000437s ]
SQL: SHOW COLUMNS FROM `zw_admin` [ RunTime:0.0005s ]

[ 2018-09-26T14:52:07+08:00 ] 10.8.66.111 /Api/UserCenter/index.html
INFO: [ app_init ] --START--
INFO: Run Behavior\BuildLiteBehavior [ RunTime:0.000019s ]
INFO: [ app_init ] --END-- [ RunTime:0.000111s ]
INFO: [ app_begin ] --START--
INFO: Run Behavior\ReadHtmlCacheBehavior [ RunTime:0.006325s ]
INFO: [ app_begin ] --END-- [ RunTime:0.006455s ]
SQL: SHOW COLUMNS FROM `zw_admin` [ RunTime:0.0006s ]
SQL: SELECT `id` FROM `zw_admin` WHERE ( `user_name`='admin' AND `password`='e10adc3949ba59abbe56e057f20f883e' ) LIMIT 1   [ RunTime:0.0004s ]
NOTIC: [2] Illegal string offset 'id' D:\www1\wang\Apps\Api\Model\AdminModel.class.php 第 25 行.
NOTIC: [4096] Argument 1 passed to Api\Model\AdminModel::getUserinfo() must be an instance of Api\Model\int, string given, called in D:\www1\wang\Apps\Api\Controller\UserCenterController.class.php on line 30 and defined D:\www1\wang\Apps\Api\Model\AdminModel.class.php 第 111 行.
SQL: SELECT `status` FROM `zw_admin` WHERE ( `id`='1' ) LIMIT 1   [ RunTime:0.0003s ]
NOTIC: [4096] Argument 1 passed to Api\Model\AdminModel::setUserSSO() must be an instance of Api\Model\int, string given, called in D:\www1\wang\Apps\Api\Controller\UserCenterController.class.php on line 34 and defined D:\www1\wang\Apps\Api\Model\AdminModel.class.php 第 56 行.
NOTIC: [4096] Argument 1 passed to Api\Model\AdminModel::getUserinfo() must be an instance of Api\Model\int, string given, called in D:\www1\wang\Apps\Api\Model\AdminModel.class.php on line 57 and defined D:\www1\wang\Apps\Api\Model\AdminModel.class.php 第 111 行.
SQL: SELECT `user_name` FROM `zw_admin` WHERE ( `id`='1' ) LIMIT 1   [ RunTime:0.0003s ]

[ 2018-09-26T15:10:38+08:00 ] 10.8.66.111 /Api/UserCenter/index.html?jsoncallback=jQuery112304669523436022236_1537945830927&user_name=admin&password=123456&_=1537945830928
INFO: [ app_init ] --START--
INFO: Run Behavior\BuildLiteBehavior [ RunTime:0.000021s ]
INFO: [ app_init ] --END-- [ RunTime:0.000167s ]
INFO: [ app_begin ] --START--
INFO: Run Behavior\ReadHtmlCacheBehavior [ RunTime:0.000332s ]
INFO: [ app_begin ] --END-- [ RunTime:0.000410s ]
SQL: SHOW COLUMNS FROM `zw_admin` [ RunTime:0.0010s ]
SQL: SELECT `id` FROM `zw_admin` WHERE ( `user_name`='' AND `password`='d41d8cd98f00b204e9800998ecf8427e' ) LIMIT 1   [ RunTime:0.0004s ]
NOTIC: [8] Undefined variable: userInfo D:\www1\wang\Apps\Api\Common\function.php 第 24 行.
NOTIC: [8] Undefined variable: userInfo D:\www1\wang\Apps\Api\Common\function.php 第 25 行.

[ 2018-09-26T15:14:07+08:00 ] 10.8.66.111 /Api/UserCenter/index.html?user_name=admin&password=123456
INFO: [ app_init ] --START--
INFO: Run Behavior\BuildLiteBehavior [ RunTime:0.000021s ]
INFO: [ app_init ] --END-- [ RunTime:0.000122s ]
INFO: [ app_begin ] --START--
INFO: Run Behavior\ReadHtmlCacheBehavior [ RunTime:0.000446s ]
INFO: [ app_begin ] --END-- [ RunTime:0.000539s ]
SQL: SHOW COLUMNS FROM `zw_admin` [ RunTime:0.0007s ]
SQL: SELECT `id` FROM `zw_admin` WHERE ( `user_name`='admin' AND `password`='e10adc3949ba59abbe56e057f20f883e' ) LIMIT 1   [ RunTime:0.0003s ]
NOTIC: [2] Illegal string offset 'id' D:\www1\wang\Apps\Api\Model\AdminModel.class.php 第 25 行.
NOTIC: [4096] Argument 1 passed to Api\Model\AdminModel::getUserinfo() must be an instance of Api\Model\int, string given, called in D:\www1\wang\Apps\Api\Controller\UserCenterController.class.php on line 30 and defined D:\www1\wang\Apps\Api\Model\AdminModel.class.php 第 111 行.
SQL: SELECT `status` FROM `zw_admin` WHERE ( `id`='1' ) LIMIT 1   [ RunTime:0.0002s ]
NOTIC: [4096] Argument 1 passed to Api\Model\AdminModel::setUserSSO() must be an instance of Api\Model\int, string given, called in D:\www1\wang\Apps\Api\Controller\UserCenterController.class.php on line 34 and defined D:\www1\wang\Apps\Api\Model\AdminModel.class.php 第 56 行.
NOTIC: [4096] Argument 1 passed to Api\Model\AdminModel::getUserinfo() must be an instance of Api\Model\int, string given, called in D:\www1\wang\Apps\Api\Model\AdminModel.class.php on line 57 and defined D:\www1\wang\Apps\Api\Model\AdminModel.class.php 第 111 行.
SQL: SELECT `user_name` FROM `zw_admin` WHERE ( `id`='1' ) LIMIT 1   [ RunTime:0.0002s ]

[ 2018-09-26T15:14:19+08:00 ] 10.8.66.111 /Api/UserCenter/index
INFO: [ app_init ] --START--
INFO: Run Behavior\BuildLiteBehavior [ RunTime:0.000022s ]
INFO: [ app_init ] --END-- [ RunTime:0.000137s ]
INFO: [ app_begin ] --START--
INFO: Run Behavior\ReadHtmlCacheBehavior [ RunTime:0.005411s ]
INFO: [ app_begin ] --END-- [ RunTime:0.005609s ]
SQL: SHOW COLUMNS FROM `zw_admin` [ RunTime:0.0006s ]

[ 2018-09-26T15:14:46+08:00 ] 10.8.66.111 /Api/UserCenter/index.html?user_name=zcj&password=123456
INFO: [ app_init ] --START--
INFO: Run Behavior\BuildLiteBehavior [ RunTime:0.000018s ]
INFO: [ app_init ] --END-- [ RunTime:0.000119s ]
INFO: [ app_begin ] --START--
INFO: Run Behavior\ReadHtmlCacheBehavior [ RunTime:0.000394s ]
INFO: [ app_begin ] --END-- [ RunTime:0.000475s ]
SQL: SHOW COLUMNS FROM `zw_admin` [ RunTime:0.0006s ]
SQL: SELECT `id` FROM `zw_admin` WHERE ( `user_name`='zcj' AND `password`='e10adc3949ba59abbe56e057f20f883e' ) LIMIT 1   [ RunTime:0.0005s ]
NOTIC: [2] Illegal string offset 'id' D:\www1\wang\Apps\Api\Model\AdminModel.class.php 第 25 行.
NOTIC: [4096] Argument 1 passed to Api\Model\AdminModel::getUserinfo() must be an instance of Api\Model\int, string given, called in D:\www1\wang\Apps\Api\Controller\UserCenterController.class.php on line 30 and defined D:\www1\wang\Apps\Api\Model\AdminModel.class.php 第 111 行.
SQL: SELECT `status` FROM `zw_admin` WHERE ( `id`='3' ) LIMIT 1   [ RunTime:0.0007s ]
NOTIC: [4096] Argument 1 passed to Api\Model\AdminModel::setUserSSO() must be an instance of Api\Model\int, string given, called in D:\www1\wang\Apps\Api\Controller\UserCenterController.class.php on line 34 and defined D:\www1\wang\Apps\Api\Model\AdminModel.class.php 第 56 行.
NOTIC: [4096] Argument 1 passed to Api\Model\AdminModel::getUserinfo() must be an instance of Api\Model\int, string given, called in D:\www1\wang\Apps\Api\Model\AdminModel.class.php on line 57 and defined D:\www1\wang\Apps\Api\Model\AdminModel.class.php 第 111 行.
SQL: SELECT `user_name` FROM `zw_admin` WHERE ( `id`='3' ) LIMIT 1   [ RunTime:0.0003s ]

[ 2018-09-26T15:14:55+08:00 ] 10.8.66.111 /Api/UserCenter/index
INFO: [ app_init ] --START--
INFO: Run Behavior\BuildLiteBehavior [ RunTime:0.000020s ]
INFO: [ app_init ] --END-- [ RunTime:0.000150s ]
INFO: [ app_begin ] --START--
INFO: Run Behavior\ReadHtmlCacheBehavior [ RunTime:0.000536s ]
INFO: [ app_begin ] --END-- [ RunTime:0.000709s ]
SQL: SHOW COLUMNS FROM `zw_admin` [ RunTime:0.0005s ]

[ 2018-09-26T15:22:23+08:00 ] 10.8.66.111 /Api/UserCenter/index
INFO: [ app_init ] --START--
INFO: Run Behavior\BuildLiteBehavior [ RunTime:0.000022s ]
INFO: [ app_init ] --END-- [ RunTime:0.000158s ]
INFO: [ app_begin ] --START--
INFO: Run Behavior\ReadHtmlCacheBehavior [ RunTime:0.000457s ]
INFO: [ app_begin ] --END-- [ RunTime:0.000571s ]
SQL: SHOW COLUMNS FROM `zw_admin` [ RunTime:0.0006s ]

[ 2018-09-26T15:53:03+08:00 ] 10.8.66.111 /Api/UserCenter/index
INFO: [ app_init ] --START--
INFO: Run Behavior\BuildLiteBehavior [ RunTime:0.000022s ]
INFO: [ app_init ] --END-- [ RunTime:0.000129s ]
INFO: [ app_begin ] --START--
INFO: Run Behavior\ReadHtmlCacheBehavior [ RunTime:0.000446s ]
INFO: [ app_begin ] --END-- [ RunTime:0.000571s ]
SQL: SHOW COLUMNS FROM `zw_admin` [ RunTime:0.0007s ]
SQL: SELECT `id` FROM `zw_admin` WHERE ( `user_name`='' AND `password`='d41d8cd98f00b204e9800998ecf8427e' ) LIMIT 1   [ RunTime:0.0003s ]
NOTIC: [8] Undefined variable: userInfo D:\www1\wang\Apps\Api\Common\function.php 第 24 行.
NOTIC: [8] Undefined variable: userInfo D:\www1\wang\Apps\Api\Common\function.php 第 25 行.

[ 2018-09-26T15:53:25+08:00 ] 10.8.66.111 /Api/UserCenter/index
INFO: [ app_init ] --START--
INFO: Run Behavior\BuildLiteBehavior [ RunTime:0.000055s ]
INFO: [ app_init ] --END-- [ RunTime:0.000178s ]
INFO: [ app_begin ] --START--
INFO: Run Behavior\ReadHtmlCacheBehavior [ RunTime:0.000374s ]
INFO: [ app_begin ] --END-- [ RunTime:0.000499s ]
SQL: SHOW COLUMNS FROM `zw_admin` [ RunTime:0.0006s ]
SQL: SELECT `id` FROM `zw_admin` WHERE ( `user_name`='' AND `password`='d41d8cd98f00b204e9800998ecf8427e' ) LIMIT 1   [ RunTime:0.0003s ]
NOTIC: [8] Undefined variable: userInfo D:\www1\wang\Apps\Api\Common\function.php 第 24 行.
NOTIC: [8] Undefined variable: userInfo D:\www1\wang\Apps\Api\Common\function.php 第 25 行.

[ 2018-09-26T15:53:55+08:00 ] 10.8.66.111 /Api/UserCenter/index
INFO: [ app_init ] --START--
INFO: Run Behavior\BuildLiteBehavior [ RunTime:0.000022s ]
INFO: [ app_init ] --END-- [ RunTime:0.000232s ]
INFO: [ app_begin ] --START--
INFO: Run Behavior\ReadHtmlCacheBehavior [ RunTime:0.000355s ]
INFO: [ app_begin ] --END-- [ RunTime:0.000490s ]
SQL: SHOW COLUMNS FROM `zw_admin` [ RunTime:0.0008s ]
SQL: SELECT `id` FROM `zw_admin` WHERE ( `user_name`='' AND `password`='d41d8cd98f00b204e9800998ecf8427e' ) LIMIT 1   [ RunTime:0.0003s ]
NOTIC: [8] Undefined variable: userInfo D:\www1\wang\Apps\Api\Common\function.php 第 24 行.
NOTIC: [8] Undefined variable: userInfo D:\www1\wang\Apps\Api\Common\function.php 第 25 行.

[ 2018-09-26T15:54:41+08:00 ] 10.8.66.111 /Api/UserCenter/index
INFO: [ app_init ] --START--
INFO: Run Behavior\BuildLiteBehavior [ RunTime:0.000019s ]
INFO: [ app_init ] --END-- [ RunTime:0.000123s ]
INFO: [ app_begin ] --START--
INFO: Run Behavior\ReadHtmlCacheBehavior [ RunTime:0.000427s ]
INFO: [ app_begin ] --END-- [ RunTime:0.000531s ]
SQL: SHOW COLUMNS FROM `zw_admin` [ RunTime:0.0006s ]
SQL: SELECT `id` FROM `zw_admin` WHERE ( `user_name`='admin' AND `password`='e10adc3949ba59abbe56e057f20f883e' ) LIMIT 1   [ RunTime:0.0012s ]
NOTIC: [2] Illegal string offset 'id' D:\www1\wang\Apps\Api\Model\AdminModel.class.php 第 25 行.
NOTIC: [4096] Argument 1 passed to Api\Model\AdminModel::getUserinfo() must be an instance of Api\Model\int, string given, called in D:\www1\wang\Apps\Api\Controller\UserCenterController.class.php on line 30 and defined D:\www1\wang\Apps\Api\Model\AdminModel.class.php 第 111 行.
SQL: SELECT `status` FROM `zw_admin` WHERE ( `id`='1' ) LIMIT 1   [ RunTime:0.0003s ]
NOTIC: [4096] Argument 1 passed to Api\Model\AdminModel::setUserSSO() must be an instance of Api\Model\int, string given, called in D:\www1\wang\Apps\Api\Controller\UserCenterController.class.php on line 34 and defined D:\www1\wang\Apps\Api\Model\AdminModel.class.php 第 56 行.
NOTIC: [4096] Argument 1 passed to Api\Model\AdminModel::getUserinfo() must be an instance of Api\Model\int, string given, called in D:\www1\wang\Apps\Api\Model\AdminModel.class.php on line 57 and defined D:\www1\wang\Apps\Api\Model\AdminModel.class.php 第 111 行.
SQL: SELECT `user_name` FROM `zw_admin` WHERE ( `id`='1' ) LIMIT 1   [ RunTime:0.0004s ]

[ 2018-09-26T15:54:44+08:00 ] 10.8.66.111 /Api/UserCenter/index
INFO: [ app_init ] --START--
INFO: Run Behavior\BuildLiteBehavior [ RunTime:0.000018s ]
INFO: [ app_init ] --END-- [ RunTime:0.000120s ]
INFO: [ app_begin ] --START--
INFO: Run Behavior\ReadHtmlCacheBehavior [ RunTime:0.000715s ]
INFO: [ app_begin ] --END-- [ RunTime:0.000975s ]
SQL: SHOW COLUMNS FROM `zw_admin` [ RunTime:0.0006s ]

[ 2018-09-26T15:57:54+08:00 ] 10.8.66.111 /Api/UserCenter/index?callback=jQuery112306505226961420656_1537948670038&user_name=admin&password=123456&_=1537948670039
INFO: [ app_init ] --START--
INFO: Run Behavior\BuildLiteBehavior [ RunTime:0.000052s ]
INFO: [ app_init ] --END-- [ RunTime:0.000311s ]
INFO: [ app_begin ] --START--
INFO: Run Behavior\ReadHtmlCacheBehavior [ RunTime:0.000348s ]
INFO: [ app_begin ] --END-- [ RunTime:0.000459s ]
SQL: SHOW COLUMNS FROM `zw_admin` [ RunTime:0.0016s ]

[ 2018-09-26T16:05:10+08:00 ] 127.0.0.1 /Api/UserCenter/index
INFO: [ app_init ] --START--
INFO: Run Behavior\BuildLiteBehavior [ RunTime:0.000020s ]
INFO: [ app_init ] --END-- [ RunTime:0.000125s ]
INFO: [ app_begin ] --START--
INFO: Run Behavior\ReadHtmlCacheBehavior [ RunTime:0.000327s ]
INFO: [ app_begin ] --END-- [ RunTime:0.000433s ]
SQL: SHOW COLUMNS FROM `zw_admin` [ RunTime:0.0014s ]

[ 2018-09-26T16:06:48+08:00 ] 127.0.0.1 /Api/UserCenter/index
INFO: [ app_init ] --START--
INFO: Run Behavior\BuildLiteBehavior [ RunTime:0.000024s ]
INFO: [ app_init ] --END-- [ RunTime:0.000187s ]
INFO: [ app_begin ] --START--
INFO: Run Behavior\ReadHtmlCacheBehavior [ RunTime:0.000469s ]
INFO: [ app_begin ] --END-- [ RunTime:0.000577s ]
SQL: SHOW COLUMNS FROM `zw_admin` [ RunTime:0.0006s ]

[ 2018-09-26T16:06:49+08:00 ] 127.0.0.1 /Api/UserCenter/index
INFO: [ app_init ] --START--
INFO: Run Behavior\BuildLiteBehavior [ RunTime:0.000020s ]
INFO: [ app_init ] --END-- [ RunTime:0.000126s ]
INFO: [ app_begin ] --START--
INFO: Run Behavior\ReadHtmlCacheBehavior [ RunTime:0.000393s ]
INFO: [ app_begin ] --END-- [ RunTime:0.000495s ]
SQL: SHOW COLUMNS FROM `zw_admin` [ RunTime:0.0005s ]

[ 2018-09-26T16:07:46+08:00 ] 127.0.0.1 /Api/UserCenter/index
INFO: [ app_init ] --START--
INFO: Run Behavior\BuildLiteBehavior [ RunTime:0.000019s ]
INFO: [ app_init ] --END-- [ RunTime:0.000133s ]
INFO: [ app_begin ] --START--
INFO: Run Behavior\ReadHtmlCacheBehavior [ RunTime:0.005725s ]
INFO: [ app_begin ] --END-- [ RunTime:0.005868s ]
SQL: SHOW COLUMNS FROM `zw_admin` [ RunTime:0.0006s ]
SQL: SELECT `id` FROM `zw_admin` WHERE ( `user_name`='admin' AND `password`='e10adc3949ba59abbe56e057f20f883e' ) LIMIT 1   [ RunTime:0.0003s ]
NOTIC: [2] Illegal string offset 'id' D:\www1\wang\Apps\Api\Model\AdminModel.class.php 第 25 行.
NOTIC: [4096] Argument 1 passed to Api\Model\AdminModel::getUserinfo() must be an instance of Api\Model\int, string given, called in D:\www1\wang\Apps\Api\Controller\UserCenterController.class.php on line 35 and defined D:\www1\wang\Apps\Api\Model\AdminModel.class.php 第 111 行.
SQL: SELECT `status` FROM `zw_admin` WHERE ( `id`='1' ) LIMIT 1   [ RunTime:0.0002s ]
NOTIC: [4096] Argument 1 passed to Api\Model\AdminModel::setUserSSO() must be an instance of Api\Model\int, string given, called in D:\www1\wang\Apps\Api\Controller\UserCenterController.class.php on line 39 and defined D:\www1\wang\Apps\Api\Model\AdminModel.class.php 第 56 行.
NOTIC: [4096] Argument 1 passed to Api\Model\AdminModel::getUserinfo() must be an instance of Api\Model\int, string given, called in D:\www1\wang\Apps\Api\Model\AdminModel.class.php on line 57 and defined D:\www1\wang\Apps\Api\Model\AdminModel.class.php 第 111 行.
SQL: SELECT `user_name` FROM `zw_admin` WHERE ( `id`='1' ) LIMIT 1   [ RunTime:0.0002s ]

[ 2018-09-26T16:08:17+08:00 ] 127.0.0.1 /Api/UserCenter/index
INFO: [ app_init ] --START--
INFO: Run Behavior\BuildLiteBehavior [ RunTime:0.000051s ]
INFO: [ app_init ] --END-- [ RunTime:0.000301s ]
INFO: [ app_begin ] --START--
INFO: Run Behavior\ReadHtmlCacheBehavior [ RunTime:0.000501s ]
INFO: [ app_begin ] --END-- [ RunTime:0.000608s ]
SQL: SHOW COLUMNS FROM `zw_admin` [ RunTime:0.0006s ]
SQL: SELECT `id` FROM `zw_admin` WHERE ( `user_name`='admin' AND `password`='e10adc3949ba59abbe56e057f20f883e' ) LIMIT 1   [ RunTime:0.0004s ]
NOTIC: [2] Illegal string offset 'id' D:\www1\wang\Apps\Api\Model\AdminModel.class.php 第 25 行.
NOTIC: [4096] Argument 1 passed to Api\Model\AdminModel::getUserinfo() must be an instance of Api\Model\int, string given, called in D:\www1\wang\Apps\Api\Controller\UserCenterController.class.php on line 35 and defined D:\www1\wang\Apps\Api\Model\AdminModel.class.php 第 111 行.
SQL: SELECT `status` FROM `zw_admin` WHERE ( `id`='1' ) LIMIT 1   [ RunTime:0.0002s ]
NOTIC: [4096] Argument 1 passed to Api\Model\AdminModel::setUserSSO() must be an instance of Api\Model\int, string given, called in D:\www1\wang\Apps\Api\Controller\UserCenterController.class.php on line 39 and defined D:\www1\wang\Apps\Api\Model\AdminModel.class.php 第 56 行.
NOTIC: [4096] Argument 1 passed to Api\Model\AdminModel::getUserinfo() must be an instance of Api\Model\int, string given, called in D:\www1\wang\Apps\Api\Model\AdminModel.class.php on line 57 and defined D:\www1\wang\Apps\Api\Model\AdminModel.class.php 第 111 行.
SQL: SELECT `user_name` FROM `zw_admin` WHERE ( `id`='1' ) LIMIT 1   [ RunTime:0.0002s ]

[ 2018-09-26T16:08:36+08:00 ] 127.0.0.1 /Api/UserCenter/index
INFO: [ app_init ] --START--
INFO: Run Behavior\BuildLiteBehavior [ RunTime:0.000022s ]
INFO: [ app_init ] --END-- [ RunTime:0.000131s ]
INFO: [ app_begin ] --START--
INFO: Run Behavior\ReadHtmlCacheBehavior [ RunTime:0.000658s ]
INFO: [ app_begin ] --END-- [ RunTime:0.000772s ]
SQL: SHOW COLUMNS FROM `zw_admin` [ RunTime:0.0005s ]
SQL: SELECT `id` FROM `zw_admin` WHERE ( `user_name`='admin' AND `password`='e10adc3949ba59abbe56e057f20f883e' ) LIMIT 1   [ RunTime:0.0003s ]
NOTIC: [2] Illegal string offset 'id' D:\www1\wang\Apps\Api\Model\AdminModel.class.php 第 25 行.
NOTIC: [4096] Argument 1 passed to Api\Model\AdminModel::getUserinfo() must be an instance of Api\Model\int, string given, called in D:\www1\wang\Apps\Api\Controller\UserCenterController.class.php on line 35 and defined D:\www1\wang\Apps\Api\Model\AdminModel.class.php 第 111 行.
SQL: SELECT `status` FROM `zw_admin` WHERE ( `id`='1' ) LIMIT 1   [ RunTime:0.0003s ]
NOTIC: [4096] Argument 1 passed to Api\Model\AdminModel::setUserSSO() must be an instance of Api\Model\int, string given, called in D:\www1\wang\Apps\Api\Controller\UserCenterController.class.php on line 39 and defined D:\www1\wang\Apps\Api\Model\AdminModel.class.php 第 56 行.
NOTIC: [4096] Argument 1 passed to Api\Model\AdminModel::getUserinfo() must be an instance of Api\Model\int, string given, called in D:\www1\wang\Apps\Api\Model\AdminModel.class.php on line 57 and defined D:\www1\wang\Apps\Api\Model\AdminModel.class.php 第 111 行.
SQL: SELECT `user_name` FROM `zw_admin` WHERE ( `id`='1' ) LIMIT 1   [ RunTime:0.0002s ]

[ 2018-09-26T16:08:47+08:00 ] 127.0.0.1 /Api/UserCenter/index
INFO: [ app_init ] --START--
INFO: Run Behavior\BuildLiteBehavior [ RunTime:0.000019s ]
INFO: [ app_init ] --END-- [ RunTime:0.000124s ]
INFO: [ app_begin ] --START--
INFO: Run Behavior\ReadHtmlCacheBehavior [ RunTime:0.000496s ]
INFO: [ app_begin ] --END-- [ RunTime:0.000602s ]
SQL: SHOW COLUMNS FROM `zw_admin` [ RunTime:0.0010s ]
SQL: SELECT `id` FROM `zw_admin` WHERE ( `user_name`='admin' AND `password`='e10adc3949ba59abbe56e057f20f883e' ) LIMIT 1   [ RunTime:0.0003s ]
NOTIC: [2] Illegal string offset 'id' D:\www1\wang\Apps\Api\Model\AdminModel.class.php 第 25 行.
NOTIC: [4096] Argument 1 passed to Api\Model\AdminModel::getUserinfo() must be an instance of Api\Model\int, string given, called in D:\www1\wang\Apps\Api\Controller\UserCenterController.class.php on line 35 and defined D:\www1\wang\Apps\Api\Model\AdminModel.class.php 第 111 行.
SQL: SELECT `status` FROM `zw_admin` WHERE ( `id`='1' ) LIMIT 1   [ RunTime:0.0002s ]
NOTIC: [4096] Argument 1 passed to Api\Model\AdminModel::setUserSSO() must be an instance of Api\Model\int, string given, called in D:\www1\wang\Apps\Api\Controller\UserCenterController.class.php on line 39 and defined D:\www1\wang\Apps\Api\Model\AdminModel.class.php 第 56 行.
NOTIC: [4096] Argument 1 passed to Api\Model\AdminModel::getUserinfo() must be an instance of Api\Model\int, string given, called in D:\www1\wang\Apps\Api\Model\AdminModel.class.php on line 57 and defined D:\www1\wang\Apps\Api\Model\AdminModel.class.php 第 111 行.
SQL: SELECT `user_name` FROM `zw_admin` WHERE ( `id`='1' ) LIMIT 1   [ RunTime:0.0002s ]

[ 2018-09-26T16:09:48+08:00 ] 127.0.0.1 /Api/UserCenter/index
INFO: [ app_init ] --START--
INFO: Run Behavior\BuildLiteBehavior [ RunTime:0.000019s ]
INFO: [ app_init ] --END-- [ RunTime:0.000122s ]
INFO: [ app_begin ] --START--
INFO: Run Behavior\ReadHtmlCacheBehavior [ RunTime:0.000497s ]
INFO: [ app_begin ] --END-- [ RunTime:0.000600s ]
SQL: SHOW COLUMNS FROM `zw_admin` [ RunTime:0.0006s ]

[ 2018-09-26T17:20:10+08:00 ] 10.8.66.111 /index/Api/UserCenter/userinfo
INFO: [ app_init ] --START--
INFO: Run Behavior\BuildLiteBehavior [ RunTime:0.000022s ]
INFO: [ app_init ] --END-- [ RunTime:0.000160s ]
INFO: [ app_begin ] --START--
INFO: Run Behavior\ReadHtmlCacheBehavior [ RunTime:0.000681s ]
INFO: [ app_begin ] --END-- [ RunTime:0.000848s ]
SQL: SHOW COLUMNS FROM `zw_admin` [ RunTime:0.0022s ]
NOTIC: [4096] Argument 1 passed to Api\Model\AdminModel::getUserinfo() must be an instance of Api\Model\int, integer given, called in D:\www1\wang\Apps\Api\Controller\UserCenterController.class.php on line 51 and defined D:\www1\wang\Apps\Api\Model\AdminModel.class.php 第 109 行.
SQL: SELECT `id`,`user_name`,`lastlogin_time`,`status` FROM `zw_admin` WHERE ( `id`='0' ) LIMIT 1   [ RunTime:0.0007s ]
NOTIC: [8] Undefined variable: userInfo D:\www1\wang\Apps\Api\Common\function.php 第 24 行.
NOTIC: [8] Undefined variable: userInfo D:\www1\wang\Apps\Api\Common\function.php 第 25 行.

[ 2018-09-26T18:22:04+08:00 ] 10.8.102.37 /Api/UserCenter/index
INFO: [ app_init ] --START--
INFO: Run Behavior\BuildLiteBehavior [ RunTime:0.000019s ]
INFO: [ app_init ] --END-- [ RunTime:0.000117s ]
INFO: [ app_begin ] --START--
INFO: Run Behavior\ReadHtmlCacheBehavior [ RunTime:0.000400s ]
INFO: [ app_begin ] --END-- [ RunTime:0.000508s ]
SQL: SHOW COLUMNS FROM `zw_admin` [ RunTime:0.0052s ]
SQL: SELECT `id` FROM `zw_admin` WHERE ( `user_name`='' AND `password`='d41d8cd98f00b204e9800998ecf8427e' ) LIMIT 1   [ RunTime:0.0004s ]
NOTIC: [8] Undefined variable: userInfo D:\www1\wang\Apps\Api\Common\function.php 第 24 行.
NOTIC: [8] Undefined variable: userInfo D:\www1\wang\Apps\Api\Common\function.php 第 25 行.

[ 2018-09-26T18:22:38+08:00 ] 10.8.102.37 /Api/UserCenter/index
INFO: [ app_init ] --START--
INFO: Run Behavior\BuildLiteBehavior [ RunTime:0.000019s ]
INFO: [ app_init ] --END-- [ RunTime:0.000112s ]
INFO: [ app_begin ] --START--
INFO: Run Behavior\ReadHtmlCacheBehavior [ RunTime:0.000384s ]
INFO: [ app_begin ] --END-- [ RunTime:0.000478s ]
SQL: SHOW COLUMNS FROM `zw_admin` [ RunTime:0.0021s ]
SQL: SELECT `id` FROM `zw_admin` WHERE ( `user_name`='zcj' AND `password`='e10adc3949ba59abbe56e057f20f883e' ) LIMIT 1   [ RunTime:0.0002s ]
NOTIC: [2] Illegal string offset 'id' D:\www1\wang\Apps\Api\Model\AdminModel.class.php 第 24 行.
NOTIC: [4096] Argument 1 passed to Api\Model\AdminModel::getUserinfo() must be an instance of Api\Model\int, string given, called in D:\www1\wang\Apps\Api\Controller\UserCenterController.class.php on line 31 and defined D:\www1\wang\Apps\Api\Model\AdminModel.class.php 第 109 行.
SQL: SELECT `status` FROM `zw_admin` WHERE ( `id`='3' ) LIMIT 1   [ RunTime:0.0001s ]
NOTIC: [4096] Argument 1 passed to Api\Model\AdminModel::setUserSSO() must be an instance of Api\Model\int, string given, called in D:\www1\wang\Apps\Api\Controller\UserCenterController.class.php on line 35 and defined D:\www1\wang\Apps\Api\Model\AdminModel.class.php 第 55 行.
NOTIC: [4096] Argument 1 passed to Api\Model\AdminModel::getUserinfo() must be an instance of Api\Model\int, string given, called in D:\www1\wang\Apps\Api\Model\AdminModel.class.php on line 56 and defined D:\www1\wang\Apps\Api\Model\AdminModel.class.php 第 109 行.
SQL: SELECT `user_name` FROM `zw_admin` WHERE ( `id`='3' ) LIMIT 1   [ RunTime:0.0001s ]

[ 2018-09-26T18:23:56+08:00 ] 10.8.102.37 /Api/UserCenter/index
INFO: [ app_init ] --START--
INFO: Run Behavior\BuildLiteBehavior [ RunTime:0.000018s ]
INFO: [ app_init ] --END-- [ RunTime:0.000114s ]
INFO: [ app_begin ] --START--
INFO: Run Behavior\ReadHtmlCacheBehavior [ RunTime:0.000305s ]
INFO: [ app_begin ] --END-- [ RunTime:0.000442s ]
SQL: SHOW COLUMNS FROM `zw_admin` [ RunTime:0.0012s ]

[ 2018-09-26T18:24:31+08:00 ] 10.8.102.37 /Api/UserCenter/index
INFO: [ app_init ] --START--
INFO: Run Behavior\BuildLiteBehavior [ RunTime:0.000017s ]
INFO: [ app_init ] --END-- [ RunTime:0.000102s ]
INFO: [ app_begin ] --START--
INFO: Run Behavior\ReadHtmlCacheBehavior [ RunTime:0.000284s ]
INFO: [ app_begin ] --END-- [ RunTime:0.000370s ]
SQL: SHOW COLUMNS FROM `zw_admin` [ RunTime:0.0012s ]

[ 2018-09-26T18:24:42+08:00 ] 10.8.102.37 /Api/UserCenter/index
INFO: [ app_init ] --START--
INFO: Run Behavior\BuildLiteBehavior [ RunTime:0.000019s ]
INFO: [ app_init ] --END-- [ RunTime:0.000128s ]
INFO: [ app_begin ] --START--
INFO: Run Behavior\ReadHtmlCacheBehavior [ RunTime:0.000401s ]
INFO: [ app_begin ] --END-- [ RunTime:0.000498s ]
SQL: SHOW COLUMNS FROM `zw_admin` [ RunTime:0.0016s ]

[ 2018-09-26T18:25:17+08:00 ] 10.8.102.37 /Api/UserCenter/index
INFO: [ app_init ] --START--
INFO: Run Behavior\BuildLiteBehavior [ RunTime:0.000018s ]
INFO: [ app_init ] --END-- [ RunTime:0.000110s ]
INFO: [ app_begin ] --START--
INFO: Run Behavior\ReadHtmlCacheBehavior [ RunTime:0.000377s ]
INFO: [ app_begin ] --END-- [ RunTime:0.000472s ]
SQL: SHOW COLUMNS FROM `zw_admin` [ RunTime:0.0020s ]

[ 2018-09-26T18:25:24+08:00 ] 10.8.102.37 /Api/UserCenter/index
INFO: [ app_init ] --START--
INFO: Run Behavior\BuildLiteBehavior [ RunTime:0.000020s ]
INFO: [ app_init ] --END-- [ RunTime:0.000129s ]
INFO: [ app_begin ] --START--
INFO: Run Behavior\ReadHtmlCacheBehavior [ RunTime:0.000375s ]
INFO: [ app_begin ] --END-- [ RunTime:0.000471s ]
SQL: SHOW COLUMNS FROM `zw_admin` [ RunTime:0.0013s ]

[ 2018-09-26T18:25:30+08:00 ] 10.8.102.37 /Api/UserCenter/index
INFO: [ app_init ] --START--
INFO: Run Behavior\BuildLiteBehavior [ RunTime:0.000017s ]
INFO: [ app_init ] --END-- [ RunTime:0.000103s ]
INFO: [ app_begin ] --START--
INFO: Run Behavior\ReadHtmlCacheBehavior [ RunTime:0.000292s ]
INFO: [ app_begin ] --END-- [ RunTime:0.000379s ]
SQL: SHOW COLUMNS FROM `zw_admin` [ RunTime:0.0011s ]

[ 2018-09-26T18:25:31+08:00 ] 10.8.102.37 /Api/UserCenter/index
INFO: [ app_init ] --START--
INFO: Run Behavior\BuildLiteBehavior [ RunTime:0.000018s ]
INFO: [ app_init ] --END-- [ RunTime:0.000111s ]
INFO: [ app_begin ] --START--
INFO: Run Behavior\ReadHtmlCacheBehavior [ RunTime:0.000313s ]
INFO: [ app_begin ] --END-- [ RunTime:0.000404s ]
SQL: SHOW COLUMNS FROM `zw_admin` [ RunTime:0.0013s ]

[ 2018-09-26T18:25:31+08:00 ] 10.8.102.37 /Api/UserCenter/index
INFO: [ app_init ] --START--
INFO: Run Behavior\BuildLiteBehavior [ RunTime:0.000016s ]
INFO: [ app_init ] --END-- [ RunTime:0.000102s ]
INFO: [ app_begin ] --START--
INFO: Run Behavior\ReadHtmlCacheBehavior [ RunTime:0.000293s ]
INFO: [ app_begin ] --END-- [ RunTime:0.000380s ]
SQL: SHOW COLUMNS FROM `zw_admin` [ RunTime:0.0016s ]

[ 2018-09-26T18:25:31+08:00 ] 10.8.102.37 /Api/UserCenter/index
INFO: [ app_init ] --START--
INFO: Run Behavior\BuildLiteBehavior [ RunTime:0.000018s ]
INFO: [ app_init ] --END-- [ RunTime:0.000110s ]
INFO: [ app_begin ] --START--
INFO: Run Behavior\ReadHtmlCacheBehavior [ RunTime:0.000313s ]
INFO: [ app_begin ] --END-- [ RunTime:0.000406s ]
SQL: SHOW COLUMNS FROM `zw_admin` [ RunTime:0.0021s ]

[ 2018-09-26T18:25:32+08:00 ] 10.8.102.37 /Api/UserCenter/index
INFO: [ app_init ] --START--
INFO: Run Behavior\BuildLiteBehavior [ RunTime:0.000016s ]
INFO: [ app_init ] --END-- [ RunTime:0.000104s ]
INFO: [ app_begin ] --START--
INFO: Run Behavior\ReadHtmlCacheBehavior [ RunTime:0.000294s ]
INFO: [ app_begin ] --END-- [ RunTime:0.000380s ]
SQL: SHOW COLUMNS FROM `zw_admin` [ RunTime:0.0018s ]

[ 2018-09-26T18:25:32+08:00 ] 10.8.102.37 /Api/UserCenter/index
INFO: [ app_init ] --START--
INFO: Run Behavior\BuildLiteBehavior [ RunTime:0.000017s ]
INFO: [ app_init ] --END-- [ RunTime:0.000104s ]
INFO: [ app_begin ] --START--
INFO: Run Behavior\ReadHtmlCacheBehavior [ RunTime:0.000294s ]
INFO: [ app_begin ] --END-- [ RunTime:0.000380s ]
SQL: SHOW COLUMNS FROM `zw_admin` [ RunTime:0.0020s ]

[ 2018-09-26T18:25:58+08:00 ] 10.8.102.37 /Api/UserCenter/index
INFO: [ app_init ] --START--
INFO: Run Behavior\BuildLiteBehavior [ RunTime:0.000018s ]
INFO: [ app_init ] --END-- [ RunTime:0.000162s ]
INFO: [ app_begin ] --START--
INFO: Run Behavior\ReadHtmlCacheBehavior [ RunTime:0.000337s ]
INFO: [ app_begin ] --END-- [ RunTime:0.000435s ]
SQL: SHOW COLUMNS FROM `zw_admin` [ RunTime:0.0012s ]
SQL: SELECT `id` FROM `zw_admin` WHERE ( `user_name`='admin' AND `password`='e10adc3949ba59abbe56e057f20f883e' ) LIMIT 1   [ RunTime:0.0003s ]
NOTIC: [2] Illegal string offset 'id' D:\www1\wang\Apps\Api\Model\AdminModel.class.php 第 24 行.
NOTIC: [4096] Argument 1 passed to Api\Model\AdminModel::getUserinfo() must be an instance of Api\Model\int, string given, called in D:\www1\wang\Apps\Api\Controller\UserCenterController.class.php on line 31 and defined D:\www1\wang\Apps\Api\Model\AdminModel.class.php 第 109 行.
SQL: SELECT `status` FROM `zw_admin` WHERE ( `id`='1' ) LIMIT 1   [ RunTime:0.0002s ]
NOTIC: [4096] Argument 1 passed to Api\Model\AdminModel::setUserSSO() must be an instance of Api\Model\int, string given, called in D:\www1\wang\Apps\Api\Controller\UserCenterController.class.php on line 35 and defined D:\www1\wang\Apps\Api\Model\AdminModel.class.php 第 55 行.
NOTIC: [4096] Argument 1 passed to Api\Model\AdminModel::getUserinfo() must be an instance of Api\Model\int, string given, called in D:\www1\wang\Apps\Api\Model\AdminModel.class.php on line 56 and defined D:\www1\wang\Apps\Api\Model\AdminModel.class.php 第 109 行.
SQL: SELECT `user_name` FROM `zw_admin` WHERE ( `id`='1' ) LIMIT 1   [ RunTime:0.0003s ]

[ 2018-09-26T18:26:04+08:00 ] 10.8.102.37 /Api/UserCenter/index
INFO: [ app_init ] --START--
INFO: Run Behavior\BuildLiteBehavior [ RunTime:0.000019s ]
INFO: [ app_init ] --END-- [ RunTime:0.000124s ]
INFO: [ app_begin ] --START--
INFO: Run Behavior\ReadHtmlCacheBehavior [ RunTime:0.012128s ]
INFO: [ app_begin ] --END-- [ RunTime:0.012221s ]
SQL: SHOW COLUMNS FROM `zw_admin` [ RunTime:0.0013s ]

