[ 2018-09-25T09:53:41+08:00 ] 10.8.66.111 /Sso/
INFO: [ app_init ] --START--
INFO: Run Behavior\BuildLiteBehavior [ RunTime:0.000091s ]
INFO: [ app_init ] --END-- [ RunTime:0.000467s ]
INFO: [ app_begin ] --START--
INFO: Run Behavior\ReadHtmlCacheBehavior [ RunTime:0.000428s ]
INFO: [ app_begin ] --END-- [ RunTime:0.000534s ]

[ 2018-09-25T09:53:41+08:00 ] 10.8.66.111 /Sso/Login/login.html
INFO: [ app_init ] --START--
INFO: Run Behavior\BuildLiteBehavior [ RunTime:0.000020s ]
INFO: [ app_init ] --END-- [ RunTime:0.000115s ]
INFO: [ app_begin ] --START--
INFO: Run Behavior\ReadHtmlCacheBehavior [ RunTime:0.000476s ]
INFO: [ app_begin ] --END-- [ RunTime:0.000585s ]
INFO: [ view_parse ] --START--
INFO: [ template_filter ] --START--
INFO: Run Behavior\ContentReplaceBehavior [ RunTime:0.001657s ]
INFO: [ template_filter ] --END-- [ RunTime:0.001774s ]
INFO: Run Behavior\ParseTemplateBehavior [ RunTime:0.011307s ]
INFO: [ view_parse ] --END-- [ RunTime:0.011593s ]
INFO: [ view_filter ] --START--
INFO: Run Behavior\WriteHtmlCacheBehavior [ RunTime:0.001691s ]
INFO: [ view_filter ] --END-- [ RunTime:0.001844s ]
INFO: [ app_end ] --START--
INFO: Run Behavior\ShowPageTraceBehavior [ RunTime:0.001661s ]
INFO: [ app_end ] --END-- [ RunTime:0.001771s ]

[ 2018-09-25T09:53:41+08:00 ] 10.8.66.111 /Sso/Login/verify.html
INFO: [ app_init ] --START--
INFO: Run Behavior\BuildLiteBehavior [ RunTime:0.000022s ]
INFO: [ app_init ] --END-- [ RunTime:0.000129s ]
INFO: [ app_begin ] --START--
INFO: Run Behavior\ReadHtmlCacheBehavior [ RunTime:0.000546s ]
INFO: [ app_begin ] --END-- [ RunTime:0.000667s ]
INFO: [ app_end ] --START--
INFO: Run Behavior\ShowPageTraceBehavior [ RunTime:0.000765s ]
INFO: [ app_end ] --END-- [ RunTime:0.000976s ]

[ 2018-09-25T09:53:48+08:00 ] 10.8.66.111 /Sso/Login/doLogin.html
INFO: [ app_init ] --START--
INFO: Run Behavior\BuildLiteBehavior [ RunTime:0.000019s ]
INFO: [ app_init ] --END-- [ RunTime:0.000123s ]
INFO: [ app_begin ] --START--
INFO: Run Behavior\ReadHtmlCacheBehavior [ RunTime:0.000444s ]
INFO: [ app_begin ] --END-- [ RunTime:0.000556s ]
SQL: SHOW COLUMNS FROM `zw_admin` [ RunTime:0.0023s ]
SQL: SELECT * FROM `zw_admin` WHERE `user_name` = 'admin' AND `password` = 'e10adc3949ba59abbe56e057f20f883e' AND `status` = 1 LIMIT 1   [ RunTime:0.0014s ]
SQL: UPDATE `zw_admin` SET `lastlogin_time`='1537840428' WHERE `id` = 1 [ RunTime:0.0078s ]

[ 2018-09-25T09:53:48+08:00 ] 10.8.66.111 /Sso/Index/index.html
INFO: [ app_init ] --START--
INFO: Run Behavior\BuildLiteBehavior [ RunTime:0.000022s ]
INFO: [ app_init ] --END-- [ RunTime:0.000166s ]
INFO: [ app_begin ] --START--
INFO: Run Behavior\ReadHtmlCacheBehavior [ RunTime:0.000350s ]
INFO: [ app_begin ] --END-- [ RunTime:0.000481s ]
SQL: SHOW COLUMNS FROM `zw_auth_group_access` [ RunTime:0.0021s ]
NOTIC: [8] Use of undefined constant DB_PREFIX - assumed 'DB_PREFIX' D:\www1\wang\Apps\Sso\Model\AuthGroupAccessModel.class.php 第 28 行.
SQL: SELECT b.rules FROM zw_auth_group_access a LEFT JOIN zw_auth_group b ON b.id=a.group_id  WHERE a.uid = '1'  [ RunTime:0.0042s ]
SQL: SHOW COLUMNS FROM `zw_auth_rule` [ RunTime:0.0024s ]
SQL: SELECT * FROM `zw_auth_rule` WHERE `id` IN ('1','2','5','6','7','8','3','9','10','11','12','4','13','14','15','16','71','72','73','74') AND `is_menu` = 1 AND `status` = 1  [ RunTime:0.0004s ]
INFO: [ view_parse ] --START--
INFO: [ template_filter ] --START--
INFO: Run Behavior\ContentReplaceBehavior [ RunTime:0.000165s ]
INFO: [ template_filter ] --END-- [ RunTime:0.000344s ]
INFO: Run Behavior\ParseTemplateBehavior [ RunTime:0.019721s ]
INFO: [ view_parse ] --END-- [ RunTime:0.019832s ]
INFO: [ view_filter ] --START--
INFO: Run Behavior\WriteHtmlCacheBehavior [ RunTime:0.000393s ]
INFO: [ view_filter ] --END-- [ RunTime:0.000486s ]
INFO: [ app_end ] --START--
INFO: Run Behavior\ShowPageTraceBehavior [ RunTime:0.000451s ]
INFO: [ app_end ] --END-- [ RunTime:0.000555s ]

[ 2018-09-25T09:53:48+08:00 ] 10.8.66.111 /Sso/Index/main.html
INFO: [ app_init ] --START--
INFO: Run Behavior\BuildLiteBehavior [ RunTime:0.000042s ]
INFO: [ app_init ] --END-- [ RunTime:0.000251s ]
INFO: [ app_begin ] --START--
INFO: Run Behavior\ReadHtmlCacheBehavior [ RunTime:0.001257s ]
INFO: [ app_begin ] --END-- [ RunTime:0.001618s ]
INFO: [ view_parse ] --START--
INFO: [ template_filter ] --START--
INFO: Run Behavior\ContentReplaceBehavior [ RunTime:0.000057s ]
INFO: [ template_filter ] --END-- [ RunTime:0.000199s ]
INFO: Run Behavior\ParseTemplateBehavior [ RunTime:0.005925s ]
INFO: [ view_parse ] --END-- [ RunTime:0.006122s ]
INFO: [ view_filter ] --START--
INFO: Run Behavior\WriteHtmlCacheBehavior [ RunTime:0.000418s ]
INFO: [ view_filter ] --END-- [ RunTime:0.000511s ]
INFO: [ app_end ] --START--
INFO: Run Behavior\ShowPageTraceBehavior [ RunTime:0.000364s ]
INFO: [ app_end ] --END-- [ RunTime:0.000468s ]

[ 2018-09-25T09:55:53+08:00 ] 10.8.66.111 /Sso/AuthGroup/authGroupList.html
INFO: [ app_init ] --START--
INFO: Run Behavior\BuildLiteBehavior [ RunTime:0.000020s ]
INFO: [ app_init ] --END-- [ RunTime:0.000126s ]
INFO: [ app_begin ] --START--
INFO: Run Behavior\ReadHtmlCacheBehavior [ RunTime:0.000662s ]
INFO: [ app_begin ] --END-- [ RunTime:0.000772s ]
SQL: SHOW COLUMNS FROM `zw_auth_group_access` [ RunTime:0.0013s ]
SQL: SELECT `uid`,`group_id`,`title`,`rules` FROM zw_auth_group_access a INNER JOIN zw_auth_group g on a.group_id=g.id  WHERE ( a.uid='1' and g.status='1' )  [ RunTime:0.0009s ]
SQL: SHOW COLUMNS FROM `zw_auth_rule` [ RunTime:0.0010s ]
SQL: SELECT `condition`,`menu_name` FROM `zw_auth_rule` WHERE `id` IN ('1','2','5','6','7','8','3','9','10','11','12','4','13','14','15','16','71','72','73','74') AND `type` = 1 AND `status` = 1  [ RunTime:0.0003s ]
SQL: SHOW COLUMNS FROM `zw_auth_group` [ RunTime:0.0010s ]
SQL: SELECT COUNT(*) AS tp_count FROM `zw_auth_group` WHERE `status` = 1 LIMIT 1   [ RunTime:0.0024s ]
SQL: SELECT * FROM `zw_auth_group` WHERE `status` = 1 ORDER BY is_manage DESC,id DESC LIMIT 0,15   [ RunTime:0.0012s ]
INFO: [ view_parse ] --START--
INFO: [ template_filter ] --START--
INFO: Run Behavior\ContentReplaceBehavior [ RunTime:0.000068s ]
INFO: [ template_filter ] --END-- [ RunTime:0.000160s ]
INFO: Run Behavior\ParseTemplateBehavior [ RunTime:0.007850s ]
INFO: [ view_parse ] --END-- [ RunTime:0.007946s ]
INFO: [ view_filter ] --START--
INFO: Run Behavior\WriteHtmlCacheBehavior [ RunTime:0.004423s ]
INFO: [ view_filter ] --END-- [ RunTime:0.004546s ]
INFO: [ app_end ] --START--
INFO: Run Behavior\ShowPageTraceBehavior [ RunTime:0.000430s ]
INFO: [ app_end ] --END-- [ RunTime:0.000527s ]

[ 2018-09-25T10:02:33+08:00 ] 10.8.66.111 /Sso/AuthGroup/ruleGroup/role_id/5.html
INFO: [ app_init ] --START--
INFO: Run Behavior\BuildLiteBehavior [ RunTime:0.000018s ]
INFO: [ app_init ] --END-- [ RunTime:0.000125s ]
INFO: [ app_begin ] --START--
INFO: Run Behavior\ReadHtmlCacheBehavior [ RunTime:0.000406s ]
INFO: [ app_begin ] --END-- [ RunTime:0.000574s ]
SQL: SHOW COLUMNS FROM `zw_auth_group_access` [ RunTime:0.0014s ]
SQL: SELECT `uid`,`group_id`,`title`,`rules` FROM zw_auth_group_access a INNER JOIN zw_auth_group g on a.group_id=g.id  WHERE ( a.uid='1' and g.status='1' )  [ RunTime:0.0010s ]
SQL: SHOW COLUMNS FROM `zw_auth_rule` [ RunTime:0.0010s ]
SQL: SELECT `condition`,`menu_name` FROM `zw_auth_rule` WHERE `id` IN ('1','2','5','6','7','8','3','9','10','11','12','4','13','14','15','16','71','72','73','74') AND `type` = 1 AND `status` = 1  [ RunTime:0.0004s ]
SQL: SHOW COLUMNS FROM `zw_auth_group` [ RunTime:0.0004s ]
SQL: SHOW COLUMNS FROM `zw_auth_rule` [ RunTime:0.0004s ]
SQL: SELECT * FROM `zw_auth_rule` WHERE `status` = 1  [ RunTime:0.0003s ]
SQL: SELECT * FROM `zw_auth_group` WHERE `id` = 5 AND `status` = 1 LIMIT 1   [ RunTime:0.0002s ]
INFO: [ view_parse ] --START--
INFO: [ template_filter ] --START--
INFO: Run Behavior\ContentReplaceBehavior [ RunTime:0.000074s ]
INFO: [ template_filter ] --END-- [ RunTime:0.000171s ]
INFO: Run Behavior\ParseTemplateBehavior [ RunTime:0.011306s ]
INFO: [ view_parse ] --END-- [ RunTime:0.011404s ]
INFO: [ view_filter ] --START--
INFO: Run Behavior\WriteHtmlCacheBehavior [ RunTime:0.000237s ]
INFO: [ view_filter ] --END-- [ RunTime:0.000322s ]
INFO: [ app_end ] --START--
INFO: Run Behavior\ShowPageTraceBehavior [ RunTime:0.000466s ]
INFO: [ app_end ] --END-- [ RunTime:0.000564s ]

[ 2018-09-25T10:13:33+08:00 ] 10.8.66.111 /Sso/User/index.html
INFO: [ app_init ] --START--
INFO: Run Behavior\BuildLiteBehavior [ RunTime:0.000019s ]
INFO: [ app_init ] --END-- [ RunTime:0.000172s ]
INFO: [ app_begin ] --START--
INFO: Run Behavior\ReadHtmlCacheBehavior [ RunTime:0.000409s ]
INFO: [ app_begin ] --END-- [ RunTime:0.000513s ]
SQL: SHOW COLUMNS FROM `zw_auth_group_access` [ RunTime:0.0012s ]
SQL: SELECT `uid`,`group_id`,`title`,`rules` FROM zw_auth_group_access a INNER JOIN zw_auth_group g on a.group_id=g.id  WHERE ( a.uid='1' and g.status='1' )  [ RunTime:0.0010s ]
SQL: SHOW COLUMNS FROM `zw_auth_rule` [ RunTime:0.0011s ]
SQL: SELECT `condition`,`menu_name` FROM `zw_auth_rule` WHERE `id` IN ('1','2','5','6','7','8','3','9','10','11','12','4','13','14','15','16','71','72','73','74') AND `type` = 1 AND `status` = 1  [ RunTime:0.0003s ]
SQL: SHOW COLUMNS FROM `zw_admin` [ RunTime:0.0013s ]
SQL: SELECT COUNT(*) AS tp_count FROM `zw_admin` WHERE `status` = 1 LIMIT 1   [ RunTime:0.0002s ]
SQL: SELECT * FROM `zw_admin` WHERE `status` = 1 LIMIT 0,10   [ RunTime:0.0003s ]
INFO: [ view_parse ] --START--
INFO: [ template_filter ] --START--
INFO: Run Behavior\ContentReplaceBehavior [ RunTime:0.000076s ]
INFO: [ template_filter ] --END-- [ RunTime:0.000175s ]
INFO: Run Behavior\ParseTemplateBehavior [ RunTime:0.018880s ]
INFO: [ view_parse ] --END-- [ RunTime:0.019027s ]
INFO: [ view_filter ] --START--
INFO: Run Behavior\WriteHtmlCacheBehavior [ RunTime:0.000308s ]
INFO: [ view_filter ] --END-- [ RunTime:0.000401s ]
INFO: [ app_end ] --START--
INFO: Run Behavior\ShowPageTraceBehavior [ RunTime:0.000733s ]
INFO: [ app_end ] --END-- [ RunTime:0.000848s ]

[ 2018-09-25T10:15:15+08:00 ] 10.8.66.111 /Sso/
INFO: [ app_init ] --START--
INFO: Run Behavior\BuildLiteBehavior [ RunTime:0.000021s ]
INFO: [ app_init ] --END-- [ RunTime:0.000151s ]
INFO: [ app_begin ] --START--
INFO: Run Behavior\ReadHtmlCacheBehavior [ RunTime:0.000410s ]
INFO: [ app_begin ] --END-- [ RunTime:0.000514s ]
SQL: SHOW COLUMNS FROM `zw_auth_group_access` [ RunTime:0.0032s ]
NOTIC: [8] Use of undefined constant DB_PREFIX - assumed 'DB_PREFIX' D:\www1\wang\Apps\Sso\Model\AuthGroupAccessModel.class.php 第 28 行.
SQL: SELECT b.rules FROM zw_auth_group_access a LEFT JOIN zw_auth_group b ON b.id=a.group_id  WHERE a.uid = '1'  [ RunTime:0.0018s ]
SQL: SHOW COLUMNS FROM `zw_auth_rule` [ RunTime:0.0011s ]
SQL: SELECT * FROM `zw_auth_rule` WHERE `id` IN ('1','2','5','6','7','8','3','9','10','11','12','4','13','14','15','16','71','72','73','74') AND `is_menu` = 1 AND `status` = 1  [ RunTime:0.0003s ]
INFO: [ view_parse ] --START--
INFO: [ template_filter ] --START--
INFO: Run Behavior\ContentReplaceBehavior [ RunTime:0.000079s ]
INFO: [ template_filter ] --END-- [ RunTime:0.000207s ]
INFO: Run Behavior\ParseTemplateBehavior [ RunTime:0.011261s ]
INFO: [ view_parse ] --END-- [ RunTime:0.011396s ]
INFO: [ view_filter ] --START--
INFO: Run Behavior\WriteHtmlCacheBehavior [ RunTime:0.000298s ]
INFO: [ view_filter ] --END-- [ RunTime:0.000393s ]
INFO: [ app_end ] --START--
INFO: Run Behavior\ShowPageTraceBehavior [ RunTime:0.000439s ]
INFO: [ app_end ] --END-- [ RunTime:0.000537s ]

[ 2018-09-25T10:15:15+08:00 ] 10.8.66.111 /Sso/Index/main.html
INFO: [ app_init ] --START--
INFO: Run Behavior\BuildLiteBehavior [ RunTime:0.000039s ]
INFO: [ app_init ] --END-- [ RunTime:0.000173s ]
INFO: [ app_begin ] --START--
INFO: Run Behavior\ReadHtmlCacheBehavior [ RunTime:0.000375s ]
INFO: [ app_begin ] --END-- [ RunTime:0.000501s ]
INFO: [ view_parse ] --START--
INFO: [ template_filter ] --START--
INFO: Run Behavior\ContentReplaceBehavior [ RunTime:0.000055s ]
INFO: [ template_filter ] --END-- [ RunTime:0.000157s ]
INFO: Run Behavior\ParseTemplateBehavior [ RunTime:0.008593s ]
INFO: [ view_parse ] --END-- [ RunTime:0.008777s ]
INFO: [ view_filter ] --START--
INFO: Run Behavior\WriteHtmlCacheBehavior [ RunTime:0.000483s ]
INFO: [ view_filter ] --END-- [ RunTime:0.000624s ]
INFO: [ app_end ] --START--
INFO: Run Behavior\ShowPageTraceBehavior [ RunTime:0.000946s ]
INFO: [ app_end ] --END-- [ RunTime:0.001060s ]

[ 2018-09-25T10:26:35+08:00 ] 10.8.66.111 /Sso/AuthGroup/authGroupList.html
INFO: [ app_init ] --START--
INFO: Run Behavior\BuildLiteBehavior [ RunTime:0.000021s ]
INFO: [ app_init ] --END-- [ RunTime:0.000130s ]
INFO: [ app_begin ] --START--
INFO: Run Behavior\ReadHtmlCacheBehavior [ RunTime:0.000408s ]
INFO: [ app_begin ] --END-- [ RunTime:0.000515s ]
SQL: SHOW COLUMNS FROM `zw_auth_group_access` [ RunTime:0.0021s ]
SQL: SELECT `uid`,`group_id`,`title`,`rules` FROM zw_auth_group_access a INNER JOIN zw_auth_group g on a.group_id=g.id  WHERE ( a.uid='1' and g.status='1' )  [ RunTime:0.0010s ]
SQL: SHOW COLUMNS FROM `zw_auth_rule` [ RunTime:0.0010s ]
SQL: SELECT `condition`,`menu_name` FROM `zw_auth_rule` WHERE `id` IN ('1','2','5','6','7','8','3','9','10','11','12','4','13','14','15','16','71','72','73','74') AND `type` = 1 AND `status` = 1  [ RunTime:0.0006s ]
SQL: SHOW COLUMNS FROM `zw_auth_group` [ RunTime:0.0004s ]
SQL: SELECT COUNT(*) AS tp_count FROM `zw_auth_group` WHERE `status` = 1 LIMIT 1   [ RunTime:0.0002s ]
SQL: SELECT * FROM `zw_auth_group` WHERE `status` = 1 ORDER BY is_manage DESC,id DESC LIMIT 0,15   [ RunTime:0.0003s ]
INFO: [ view_parse ] --START--
INFO: [ template_filter ] --START--
INFO: Run Behavior\ContentReplaceBehavior [ RunTime:0.000073s ]
INFO: [ template_filter ] --END-- [ RunTime:0.000166s ]
INFO: Run Behavior\ParseTemplateBehavior [ RunTime:0.007926s ]
INFO: [ view_parse ] --END-- [ RunTime:0.008024s ]
INFO: [ view_filter ] --START--
INFO: Run Behavior\WriteHtmlCacheBehavior [ RunTime:0.000233s ]
INFO: [ view_filter ] --END-- [ RunTime:0.000321s ]
INFO: [ app_end ] --START--
INFO: Run Behavior\ShowPageTraceBehavior [ RunTime:0.000492s ]
INFO: [ app_end ] --END-- [ RunTime:0.000591s ]

[ 2018-09-25T10:26:41+08:00 ] 10.8.66.111 /Sso/userCenter/index.html
INFO: [ app_init ] --START--
INFO: Run Behavior\BuildLiteBehavior [ RunTime:0.000021s ]
INFO: [ app_init ] --END-- [ RunTime:0.000127s ]
INFO: [ app_begin ] --START--
INFO: Run Behavior\ReadHtmlCacheBehavior [ RunTime:0.000342s ]
INFO: [ app_begin ] --END-- [ RunTime:0.000453s ]
SQL: SHOW COLUMNS FROM `zw_auth_group_access` [ RunTime:0.0012s ]
SQL: SELECT `uid`,`group_id`,`title`,`rules` FROM zw_auth_group_access a INNER JOIN zw_auth_group g on a.group_id=g.id  WHERE ( a.uid='1' and g.status='1' )  [ RunTime:0.0009s ]
SQL: SHOW COLUMNS FROM `zw_auth_rule` [ RunTime:0.0010s ]
SQL: SELECT `condition`,`menu_name` FROM `zw_auth_rule` WHERE `id` IN ('1','2','5','6','7','8','3','9','10','11','12','4','13','14','15','16','71','72','73','74') AND `type` = 1 AND `status` = 1  [ RunTime:0.0003s ]
SQL: SHOW COLUMNS FROM `zw_admin` [ RunTime:0.0020s ]
SQL: SHOW COLUMNS FROM `zw_auth_group_access` [ RunTime:0.0011s ]
SQL: SELECT `group_id` FROM `zw_auth_group_access` WHERE `uid` = 1 LIMIT 1   [ RunTime:0.0003s ]
SQL: SELECT COUNT(*) AS tp_count FROM `zw_admin` WHERE `status` = 1 LIMIT 1   [ RunTime:0.0002s ]
SQL: SELECT * FROM `zw_admin` WHERE `status` = 1 LIMIT 0,10   [ RunTime:0.0003s ]
INFO: [ view_parse ] --START--
INFO: [ template_filter ] --START--
INFO: Run Behavior\ContentReplaceBehavior [ RunTime:0.000081s ]
INFO: [ template_filter ] --END-- [ RunTime:0.000183s ]
SQL: SHOW COLUMNS FROM `zw_auth_rule` [ RunTime:0.0009s ]
SQL: SELECT `id` FROM `zw_auth_rule` WHERE `menu_name` = 'User/addUser' LIMIT 1   [ RunTime:0.0004s ]
SQL: SHOW COLUMNS FROM `zw_auth_group_access` [ RunTime:0.0005s ]
SQL: SELECT `group_id` FROM `zw_auth_group_access` WHERE `uid` = 1 LIMIT 1   [ RunTime:0.0002s ]
SQL: SHOW COLUMNS FROM `zw_auth_group` [ RunTime:0.0004s ]
SQL: SELECT `rules` FROM `zw_auth_group` WHERE `id` = 1 LIMIT 1   [ RunTime:0.0002s ]
SQL: SELECT `id` FROM `zw_auth_rule` WHERE `menu_name` = 'User/editUser' LIMIT 1   [ RunTime:0.0002s ]
SQL: SELECT `group_id` FROM `zw_auth_group_access` WHERE `uid` = 1 LIMIT 1   [ RunTime:0.0002s ]
SQL: SELECT `rules` FROM `zw_auth_group` WHERE `id` = 1 LIMIT 1   [ RunTime:0.0002s ]
SQL: SELECT `id` FROM `zw_auth_rule` WHERE `menu_name` = 'User/userFile' LIMIT 1   [ RunTime:0.0002s ]
SQL: SELECT `group_id` FROM `zw_auth_group_access` WHERE `uid` = 1 LIMIT 1   [ RunTime:0.0002s ]
SQL: SELECT `rules` FROM `zw_auth_group` WHERE `id` = 1 LIMIT 1   [ RunTime:0.0002s ]
SQL: SELECT `id` FROM `zw_auth_rule` WHERE `menu_name` = 'User/deleteUser' LIMIT 1   [ RunTime:0.0002s ]
SQL: SELECT `group_id` FROM `zw_auth_group_access` WHERE `uid` = 1 LIMIT 1   [ RunTime:0.0003s ]
SQL: SELECT `rules` FROM `zw_auth_group` WHERE `id` = 1 LIMIT 1   [ RunTime:0.0002s ]
SQL: SELECT `id` FROM `zw_auth_rule` WHERE `menu_name` = 'AuthGroup/giveRole' LIMIT 1   [ RunTime:0.0002s ]
SQL: SELECT `group_id` FROM `zw_auth_group_access` WHERE `uid` = 1 LIMIT 1   [ RunTime:0.0002s ]
SQL: SELECT `rules` FROM `zw_auth_group` WHERE `id` = 1 LIMIT 1   [ RunTime:0.0002s ]
SQL: SELECT `id` FROM `zw_auth_rule` WHERE `menu_name` = 'User/editUser' LIMIT 1   [ RunTime:0.0002s ]
SQL: SELECT `group_id` FROM `zw_auth_group_access` WHERE `uid` = 1 LIMIT 1   [ RunTime:0.0002s ]
SQL: SELECT `rules` FROM `zw_auth_group` WHERE `id` = 1 LIMIT 1   [ RunTime:0.0002s ]
SQL: SELECT `id` FROM `zw_auth_rule` WHERE `menu_name` = 'User/userFile' LIMIT 1   [ RunTime:0.0002s ]
SQL: SELECT `group_id` FROM `zw_auth_group_access` WHERE `uid` = 1 LIMIT 1   [ RunTime:0.0002s ]
SQL: SELECT `rules` FROM `zw_auth_group` WHERE `id` = 1 LIMIT 1   [ RunTime:0.0004s ]
SQL: SELECT `id` FROM `zw_auth_rule` WHERE `menu_name` = 'User/deleteUser' LIMIT 1   [ RunTime:0.0003s ]
SQL: SELECT `group_id` FROM `zw_auth_group_access` WHERE `uid` = 1 LIMIT 1   [ RunTime:0.0003s ]
SQL: SELECT `rules` FROM `zw_auth_group` WHERE `id` = 1 LIMIT 1   [ RunTime:0.0004s ]
SQL: SELECT `id` FROM `zw_auth_rule` WHERE `menu_name` = 'AuthGroup/giveRole' LIMIT 1   [ RunTime:0.0004s ]
SQL: SELECT `group_id` FROM `zw_auth_group_access` WHERE `uid` = 1 LIMIT 1   [ RunTime:0.0003s ]
SQL: SELECT `rules` FROM `zw_auth_group` WHERE `id` = 1 LIMIT 1   [ RunTime:0.0003s ]
INFO: Run Behavior\ParseTemplateBehavior [ RunTime:0.030019s ]
INFO: [ view_parse ] --END-- [ RunTime:0.030109s ]
INFO: [ view_filter ] --START--
INFO: Run Behavior\WriteHtmlCacheBehavior [ RunTime:0.000308s ]
INFO: [ view_filter ] --END-- [ RunTime:0.000392s ]
INFO: [ app_end ] --START--
INFO: Run Behavior\ShowPageTraceBehavior [ RunTime:0.000800s ]
INFO: [ app_end ] --END-- [ RunTime:0.000974s ]

[ 2018-09-25T10:26:54+08:00 ] 10.8.66.111 /Sso/User/index.html
INFO: [ app_init ] --START--
INFO: Run Behavior\BuildLiteBehavior [ RunTime:0.000019s ]
INFO: [ app_init ] --END-- [ RunTime:0.000130s ]
INFO: [ app_begin ] --START--
INFO: Run Behavior\ReadHtmlCacheBehavior [ RunTime:0.000443s ]
INFO: [ app_begin ] --END-- [ RunTime:0.000595s ]
SQL: SHOW COLUMNS FROM `zw_auth_group_access` [ RunTime:0.0011s ]
SQL: SELECT `uid`,`group_id`,`title`,`rules` FROM zw_auth_group_access a INNER JOIN zw_auth_group g on a.group_id=g.id  WHERE ( a.uid='1' and g.status='1' )  [ RunTime:0.0015s ]
SQL: SHOW COLUMNS FROM `zw_auth_rule` [ RunTime:0.0011s ]
SQL: SELECT `condition`,`menu_name` FROM `zw_auth_rule` WHERE `id` IN ('1','2','5','6','7','8','3','9','10','11','12','4','13','14','15','16','71','72','73','74') AND `type` = 1 AND `status` = 1  [ RunTime:0.0003s ]
SQL: SHOW COLUMNS FROM `zw_admin` [ RunTime:0.0012s ]
SQL: SELECT COUNT(*) AS tp_count FROM `zw_admin` WHERE `status` = 1 LIMIT 1   [ RunTime:0.0003s ]
SQL: SELECT * FROM `zw_admin` WHERE `status` = 1 LIMIT 0,10   [ RunTime:0.0003s ]
INFO: [ view_parse ] --START--
INFO: [ template_filter ] --START--
INFO: Run Behavior\ContentReplaceBehavior [ RunTime:0.000075s ]
INFO: [ template_filter ] --END-- [ RunTime:0.000172s ]
INFO: Run Behavior\ParseTemplateBehavior [ RunTime:0.010236s ]
INFO: [ view_parse ] --END-- [ RunTime:0.010333s ]
INFO: [ view_filter ] --START--
INFO: Run Behavior\WriteHtmlCacheBehavior [ RunTime:0.000187s ]
INFO: [ view_filter ] --END-- [ RunTime:0.000276s ]
INFO: [ app_end ] --START--
INFO: Run Behavior\ShowPageTraceBehavior [ RunTime:0.000439s ]
INFO: [ app_end ] --END-- [ RunTime:0.000541s ]

[ 2018-09-25T10:27:02+08:00 ] 10.8.66.111 /Sso/
INFO: [ app_init ] --START--
INFO: Run Behavior\BuildLiteBehavior [ RunTime:0.000020s ]
INFO: [ app_init ] --END-- [ RunTime:0.000132s ]
INFO: [ app_begin ] --START--
INFO: Run Behavior\ReadHtmlCacheBehavior [ RunTime:0.007197s ]
INFO: [ app_begin ] --END-- [ RunTime:0.007512s ]
SQL: SHOW COLUMNS FROM `zw_auth_group_access` [ RunTime:0.0018s ]
NOTIC: [8] Use of undefined constant DB_PREFIX - assumed 'DB_PREFIX' D:\www1\wang\Apps\Sso\Model\AuthGroupAccessModel.class.php 第 28 行.
SQL: SELECT b.rules FROM zw_auth_group_access a LEFT JOIN zw_auth_group b ON b.id=a.group_id  WHERE a.uid = '1'  [ RunTime:0.0010s ]
SQL: SHOW COLUMNS FROM `zw_auth_rule` [ RunTime:0.0012s ]
SQL: SELECT * FROM `zw_auth_rule` WHERE `id` IN ('1','2','5','6','7','8','3','9','10','11','12','4','13','14','15','16','71','72','73','74') AND `is_menu` = 1 AND `status` = 1  [ RunTime:0.0004s ]
INFO: [ view_parse ] --START--
INFO: [ template_filter ] --START--
INFO: Run Behavior\ContentReplaceBehavior [ RunTime:0.000114s ]
INFO: [ template_filter ] --END-- [ RunTime:0.000267s ]
INFO: Run Behavior\ParseTemplateBehavior [ RunTime:0.012186s ]
INFO: [ view_parse ] --END-- [ RunTime:0.012325s ]
INFO: [ view_filter ] --START--
INFO: Run Behavior\WriteHtmlCacheBehavior [ RunTime:0.000213s ]
INFO: [ view_filter ] --END-- [ RunTime:0.000302s ]
INFO: [ app_end ] --START--
INFO: Run Behavior\ShowPageTraceBehavior [ RunTime:0.000432s ]
INFO: [ app_end ] --END-- [ RunTime:0.000536s ]

[ 2018-09-25T10:27:03+08:00 ] 10.8.66.111 /Sso/Index/main.html
INFO: [ app_init ] --START--
INFO: Run Behavior\BuildLiteBehavior [ RunTime:0.000028s ]
INFO: [ app_init ] --END-- [ RunTime:0.000171s ]
INFO: [ app_begin ] --START--
INFO: Run Behavior\ReadHtmlCacheBehavior [ RunTime:0.000669s ]
INFO: [ app_begin ] --END-- [ RunTime:0.000843s ]
INFO: [ view_parse ] --START--
INFO: [ template_filter ] --START--
INFO: Run Behavior\ContentReplaceBehavior [ RunTime:0.000063s ]
INFO: [ template_filter ] --END-- [ RunTime:0.000203s ]
INFO: Run Behavior\ParseTemplateBehavior [ RunTime:0.006780s ]
INFO: [ view_parse ] --END-- [ RunTime:0.006912s ]
INFO: [ view_filter ] --START--
INFO: Run Behavior\WriteHtmlCacheBehavior [ RunTime:0.000285s ]
INFO: [ view_filter ] --END-- [ RunTime:0.000417s ]
INFO: [ app_end ] --START--
INFO: Run Behavior\ShowPageTraceBehavior [ RunTime:0.000574s ]
INFO: [ app_end ] --END-- [ RunTime:0.000696s ]

[ 2018-09-25T10:27:22+08:00 ] 10.8.66.111 /Sso/AuthGroup/authGroupList.html
INFO: [ app_init ] --START--
INFO: Run Behavior\BuildLiteBehavior [ RunTime:0.000020s ]
INFO: [ app_init ] --END-- [ RunTime:0.000125s ]
INFO: [ app_begin ] --START--
INFO: Run Behavior\ReadHtmlCacheBehavior [ RunTime:0.000655s ]
INFO: [ app_begin ] --END-- [ RunTime:0.000827s ]
SQL: SHOW COLUMNS FROM `zw_auth_group_access` [ RunTime:0.0013s ]
SQL: SELECT `uid`,`group_id`,`title`,`rules` FROM zw_auth_group_access a INNER JOIN zw_auth_group g on a.group_id=g.id  WHERE ( a.uid='1' and g.status='1' )  [ RunTime:0.0015s ]
SQL: SHOW COLUMNS FROM `zw_auth_rule` [ RunTime:0.0011s ]
SQL: SELECT `condition`,`menu_name` FROM `zw_auth_rule` WHERE `id` IN ('1','2','5','6','7','8','3','9','10','11','12','4','13','14','15','16','71','72','73','74') AND `type` = 1 AND `status` = 1  [ RunTime:0.0003s ]
SQL: SHOW COLUMNS FROM `zw_auth_group` [ RunTime:0.0004s ]
SQL: SELECT COUNT(*) AS tp_count FROM `zw_auth_group` WHERE `status` = 1 LIMIT 1   [ RunTime:0.0002s ]
SQL: SELECT * FROM `zw_auth_group` WHERE `status` = 1 ORDER BY is_manage DESC,id DESC LIMIT 0,15   [ RunTime:0.0003s ]
INFO: [ view_parse ] --START--
INFO: [ template_filter ] --START--
INFO: Run Behavior\ContentReplaceBehavior [ RunTime:0.000066s ]
INFO: [ template_filter ] --END-- [ RunTime:0.000162s ]
INFO: Run Behavior\ParseTemplateBehavior [ RunTime:0.012535s ]
INFO: [ view_parse ] --END-- [ RunTime:0.012670s ]
INFO: [ view_filter ] --START--
INFO: Run Behavior\WriteHtmlCacheBehavior [ RunTime:0.000290s ]
INFO: [ view_filter ] --END-- [ RunTime:0.000380s ]
INFO: [ app_end ] --START--
INFO: Run Behavior\ShowPageTraceBehavior [ RunTime:0.000470s ]
INFO: [ app_end ] --END-- [ RunTime:0.000699s ]

[ 2018-09-25T10:27:24+08:00 ] 10.8.66.111 /Sso/User/index.html
INFO: [ app_init ] --START--
INFO: Run Behavior\BuildLiteBehavior [ RunTime:0.000073s ]
INFO: [ app_init ] --END-- [ RunTime:0.000260s ]
INFO: [ app_begin ] --START--
INFO: Run Behavior\ReadHtmlCacheBehavior [ RunTime:0.000465s ]
INFO: [ app_begin ] --END-- [ RunTime:0.000580s ]
SQL: SHOW COLUMNS FROM `zw_auth_group_access` [ RunTime:0.0011s ]
SQL: SELECT `uid`,`group_id`,`title`,`rules` FROM zw_auth_group_access a INNER JOIN zw_auth_group g on a.group_id=g.id  WHERE ( a.uid='1' and g.status='1' )  [ RunTime:0.0009s ]
SQL: SHOW COLUMNS FROM `zw_auth_rule` [ RunTime:0.0010s ]
SQL: SELECT `condition`,`menu_name` FROM `zw_auth_rule` WHERE `id` IN ('1','2','5','6','7','8','3','9','10','11','12','4','13','14','15','16','71','72','73','74') AND `type` = 1 AND `status` = 1  [ RunTime:0.0003s ]
SQL: SHOW COLUMNS FROM `zw_admin` [ RunTime:0.0005s ]
SQL: SELECT COUNT(*) AS tp_count FROM `zw_admin` WHERE `status` = 1 LIMIT 1   [ RunTime:0.0005s ]
SQL: SELECT * FROM `zw_admin` WHERE `status` = 1 LIMIT 0,10   [ RunTime:0.0005s ]
INFO: [ view_parse ] --START--
INFO: [ template_filter ] --START--
INFO: Run Behavior\ContentReplaceBehavior [ RunTime:0.000065s ]
INFO: [ template_filter ] --END-- [ RunTime:0.000159s ]
INFO: Run Behavior\ParseTemplateBehavior [ RunTime:0.007695s ]
INFO: [ view_parse ] --END-- [ RunTime:0.007818s ]
INFO: [ view_filter ] --START--
INFO: Run Behavior\WriteHtmlCacheBehavior [ RunTime:0.000297s ]
INFO: [ view_filter ] --END-- [ RunTime:0.000385s ]
INFO: [ app_end ] --START--
INFO: Run Behavior\ShowPageTraceBehavior [ RunTime:0.000688s ]
INFO: [ app_end ] --END-- [ RunTime:0.000804s ]

[ 2018-09-25T10:27:27+08:00 ] 10.8.66.111 /Sso/AuthGroup/authGroupList.html
INFO: [ app_init ] --START--
INFO: Run Behavior\BuildLiteBehavior [ RunTime:0.000023s ]
INFO: [ app_init ] --END-- [ RunTime:0.000180s ]
INFO: [ app_begin ] --START--
INFO: Run Behavior\ReadHtmlCacheBehavior [ RunTime:0.000849s ]
INFO: [ app_begin ] --END-- [ RunTime:0.001132s ]
SQL: SHOW COLUMNS FROM `zw_auth_group_access` [ RunTime:0.0032s ]
SQL: SELECT `uid`,`group_id`,`title`,`rules` FROM zw_auth_group_access a INNER JOIN zw_auth_group g on a.group_id=g.id  WHERE ( a.uid='1' and g.status='1' )  [ RunTime:0.0017s ]
SQL: SHOW COLUMNS FROM `zw_auth_rule` [ RunTime:0.0012s ]
SQL: SELECT `condition`,`menu_name` FROM `zw_auth_rule` WHERE `id` IN ('1','2','5','6','7','8','3','9','10','11','12','4','13','14','15','16','71','72','73','74') AND `type` = 1 AND `status` = 1  [ RunTime:0.0003s ]
SQL: SHOW COLUMNS FROM `zw_auth_group` [ RunTime:0.0004s ]
SQL: SELECT COUNT(*) AS tp_count FROM `zw_auth_group` WHERE `status` = 1 LIMIT 1   [ RunTime:0.0002s ]
SQL: SELECT * FROM `zw_auth_group` WHERE `status` = 1 ORDER BY is_manage DESC,id DESC LIMIT 0,15   [ RunTime:0.0003s ]
INFO: [ view_parse ] --START--
INFO: [ template_filter ] --START--
INFO: Run Behavior\ContentReplaceBehavior [ RunTime:0.000075s ]
INFO: [ template_filter ] --END-- [ RunTime:0.000174s ]
INFO: Run Behavior\ParseTemplateBehavior [ RunTime:0.010085s ]
INFO: [ view_parse ] --END-- [ RunTime:0.010184s ]
INFO: [ view_filter ] --START--
INFO: Run Behavior\WriteHtmlCacheBehavior [ RunTime:0.000292s ]
INFO: [ view_filter ] --END-- [ RunTime:0.000378s ]
INFO: [ app_end ] --START--
INFO: Run Behavior\ShowPageTraceBehavior [ RunTime:0.000466s ]
INFO: [ app_end ] --END-- [ RunTime:0.000565s ]

[ 2018-09-25T10:27:37+08:00 ] 10.8.66.111 /Sso/
INFO: [ app_init ] --START--
INFO: Run Behavior\BuildLiteBehavior [ RunTime:0.000019s ]
INFO: [ app_init ] --END-- [ RunTime:0.000128s ]
INFO: [ app_begin ] --START--
INFO: Run Behavior\ReadHtmlCacheBehavior [ RunTime:0.000340s ]
INFO: [ app_begin ] --END-- [ RunTime:0.000446s ]
SQL: SHOW COLUMNS FROM `zw_auth_group_access` [ RunTime:0.0038s ]
NOTIC: [8] Use of undefined constant DB_PREFIX - assumed 'DB_PREFIX' D:\www1\wang\Apps\Sso\Model\AuthGroupAccessModel.class.php 第 28 行.
SQL: SELECT b.rules FROM zw_auth_group_access a LEFT JOIN zw_auth_group b ON b.id=a.group_id  WHERE a.uid = '1'  [ RunTime:0.0014s ]
SQL: SHOW COLUMNS FROM `zw_auth_rule` [ RunTime:0.0011s ]
SQL: SELECT * FROM `zw_auth_rule` WHERE `id` IN ('1','2','5','6','7','8','3','9','10','11','12','4','13','14','15','16','71','72','73','74') AND `is_menu` = 1 AND `status` = 1  [ RunTime:0.0003s ]
INFO: [ view_parse ] --START--
INFO: [ template_filter ] --START--
INFO: Run Behavior\ContentReplaceBehavior [ RunTime:0.000241s ]
INFO: [ template_filter ] --END-- [ RunTime:0.000601s ]
INFO: Run Behavior\ParseTemplateBehavior [ RunTime:0.014190s ]
INFO: [ view_parse ] --END-- [ RunTime:0.014295s ]
INFO: [ view_filter ] --START--
INFO: Run Behavior\WriteHtmlCacheBehavior [ RunTime:0.000293s ]
INFO: [ view_filter ] --END-- [ RunTime:0.000384s ]
INFO: [ app_end ] --START--
INFO: Run Behavior\ShowPageTraceBehavior [ RunTime:0.000452s ]
INFO: [ app_end ] --END-- [ RunTime:0.000554s ]

[ 2018-09-25T10:27:37+08:00 ] 10.8.66.111 /Sso/Index/main.html
INFO: [ app_init ] --START--
INFO: Run Behavior\BuildLiteBehavior [ RunTime:0.000025s ]
INFO: [ app_init ] --END-- [ RunTime:0.000201s ]
INFO: [ app_begin ] --START--
INFO: Run Behavior\ReadHtmlCacheBehavior [ RunTime:0.000505s ]
INFO: [ app_begin ] --END-- [ RunTime:0.000631s ]
INFO: [ view_parse ] --START--
INFO: [ template_filter ] --START--
INFO: Run Behavior\ContentReplaceBehavior [ RunTime:0.000074s ]
INFO: [ template_filter ] --END-- [ RunTime:0.000228s ]
INFO: Run Behavior\ParseTemplateBehavior [ RunTime:0.009512s ]
INFO: [ view_parse ] --END-- [ RunTime:0.009658s ]
INFO: [ view_filter ] --START--
INFO: Run Behavior\WriteHtmlCacheBehavior [ RunTime:0.000381s ]
INFO: [ view_filter ] --END-- [ RunTime:0.000474s ]
INFO: [ app_end ] --START--
INFO: Run Behavior\ShowPageTraceBehavior [ RunTime:0.001103s ]
INFO: [ app_end ] --END-- [ RunTime:0.001270s ]

[ 2018-09-25T10:27:43+08:00 ] 10.8.66.111 /Sso/AuthGroup/authGroupList.html
INFO: [ app_init ] --START--
INFO: Run Behavior\BuildLiteBehavior [ RunTime:0.000021s ]
INFO: [ app_init ] --END-- [ RunTime:0.000131s ]
INFO: [ app_begin ] --START--
INFO: Run Behavior\ReadHtmlCacheBehavior [ RunTime:0.000531s ]
INFO: [ app_begin ] --END-- [ RunTime:0.000685s ]
SQL: SHOW COLUMNS FROM `zw_auth_group_access` [ RunTime:0.0011s ]
SQL: SELECT `uid`,`group_id`,`title`,`rules` FROM zw_auth_group_access a INNER JOIN zw_auth_group g on a.group_id=g.id  WHERE ( a.uid='1' and g.status='1' )  [ RunTime:0.0009s ]
SQL: SHOW COLUMNS FROM `zw_auth_rule` [ RunTime:0.0017s ]
SQL: SELECT `condition`,`menu_name` FROM `zw_auth_rule` WHERE `id` IN ('1','2','5','6','7','8','3','9','10','11','12','4','13','14','15','16','71','72','73','74') AND `type` = 1 AND `status` = 1  [ RunTime:0.0005s ]
SQL: SHOW COLUMNS FROM `zw_auth_group` [ RunTime:0.0005s ]
SQL: SELECT COUNT(*) AS tp_count FROM `zw_auth_group` WHERE `status` = 1 LIMIT 1   [ RunTime:0.0003s ]
SQL: SELECT * FROM `zw_auth_group` WHERE `status` = 1 ORDER BY is_manage DESC,id DESC LIMIT 0,15   [ RunTime:0.0003s ]
INFO: [ view_parse ] --START--
INFO: [ template_filter ] --START--
INFO: Run Behavior\ContentReplaceBehavior [ RunTime:0.000065s ]
INFO: [ template_filter ] --END-- [ RunTime:0.000162s ]
INFO: Run Behavior\ParseTemplateBehavior [ RunTime:0.007788s ]
INFO: [ view_parse ] --END-- [ RunTime:0.007942s ]
INFO: [ view_filter ] --START--
INFO: Run Behavior\WriteHtmlCacheBehavior [ RunTime:0.000172s ]
INFO: [ view_filter ] --END-- [ RunTime:0.000273s ]
INFO: [ app_end ] --START--
INFO: Run Behavior\ShowPageTraceBehavior [ RunTime:0.000411s ]
INFO: [ app_end ] --END-- [ RunTime:0.000508s ]

[ 2018-09-25T10:32:55+08:00 ] 10.8.66.111 /Sso/AuthGroup/authGroupList.html
INFO: [ app_init ] --START--
INFO: Run Behavior\BuildLiteBehavior [ RunTime:0.000021s ]
INFO: [ app_init ] --END-- [ RunTime:0.000142s ]
INFO: [ app_begin ] --START--
INFO: Run Behavior\ReadHtmlCacheBehavior [ RunTime:0.000452s ]
INFO: [ app_begin ] --END-- [ RunTime:0.000572s ]
SQL: SHOW COLUMNS FROM `zw_auth_group_access` [ RunTime:0.0013s ]
SQL: SELECT `uid`,`group_id`,`title`,`rules` FROM zw_auth_group_access a INNER JOIN zw_auth_group g on a.group_id=g.id  WHERE ( a.uid='1' and g.status='1' )  [ RunTime:0.0011s ]
SQL: SHOW COLUMNS FROM `zw_auth_rule` [ RunTime:0.0013s ]
SQL: SELECT `condition`,`menu_name` FROM `zw_auth_rule` WHERE `id` IN ('1','2','5','6','7','8','3','9','10','11','12','4','13','14','15','16','71','72','73','74') AND `type` = 1 AND `status` = 1  [ RunTime:0.0004s ]
SQL: SHOW COLUMNS FROM `zw_auth_group` [ RunTime:0.0006s ]
SQL: SELECT COUNT(*) AS tp_count FROM `zw_auth_group` WHERE `status` = 1 LIMIT 1   [ RunTime:0.0003s ]
SQL: SELECT * FROM `zw_auth_group` WHERE `status` = 1 ORDER BY is_manage DESC,id DESC LIMIT 0,15   [ RunTime:0.0003s ]
INFO: [ view_parse ] --START--
INFO: [ template_filter ] --START--
INFO: Run Behavior\ContentReplaceBehavior [ RunTime:0.000083s ]
INFO: [ template_filter ] --END-- [ RunTime:0.000225s ]
INFO: Run Behavior\ParseTemplateBehavior [ RunTime:0.010524s ]
INFO: [ view_parse ] --END-- [ RunTime:0.010630s ]
INFO: [ view_filter ] --START--
INFO: Run Behavior\WriteHtmlCacheBehavior [ RunTime:0.000253s ]
INFO: [ view_filter ] --END-- [ RunTime:0.000341s ]
INFO: [ app_end ] --START--
INFO: Run Behavior\ShowPageTraceBehavior [ RunTime:0.000484s ]
INFO: [ app_end ] --END-- [ RunTime:0.000586s ]

[ 2018-09-25T11:00:12+08:00 ] 10.8.66.111 /Sso/Login/logout.html
INFO: [ app_init ] --START--
INFO: Run Behavior\BuildLiteBehavior [ RunTime:0.000057s ]
INFO: [ app_init ] --END-- [ RunTime:0.000206s ]
INFO: [ app_begin ] --START--
INFO: Run Behavior\ReadHtmlCacheBehavior [ RunTime:0.000417s ]
INFO: [ app_begin ] --END-- [ RunTime:0.000527s ]

[ 2018-09-25T11:00:12+08:00 ] 10.8.66.111 /Sso/Login/login.html
INFO: [ app_init ] --START--
INFO: Run Behavior\BuildLiteBehavior [ RunTime:0.000020s ]
INFO: [ app_init ] --END-- [ RunTime:0.000142s ]
INFO: [ app_begin ] --START--
INFO: Run Behavior\ReadHtmlCacheBehavior [ RunTime:0.000352s ]
INFO: [ app_begin ] --END-- [ RunTime:0.000459s ]
INFO: [ view_parse ] --START--
INFO: [ template_filter ] --START--
INFO: Run Behavior\ContentReplaceBehavior [ RunTime:0.000068s ]
INFO: [ template_filter ] --END-- [ RunTime:0.000162s ]
INFO: Run Behavior\ParseTemplateBehavior [ RunTime:0.006228s ]
INFO: [ view_parse ] --END-- [ RunTime:0.006405s ]
INFO: [ view_filter ] --START--
INFO: Run Behavior\WriteHtmlCacheBehavior [ RunTime:0.000961s ]
INFO: [ view_filter ] --END-- [ RunTime:0.001067s ]
INFO: [ app_end ] --START--
INFO: Run Behavior\ShowPageTraceBehavior [ RunTime:0.000687s ]
INFO: [ app_end ] --END-- [ RunTime:0.000918s ]

[ 2018-09-25T11:00:12+08:00 ] 10.8.66.111 /Sso/Login/verify.html
INFO: [ app_init ] --START--
INFO: Run Behavior\BuildLiteBehavior [ RunTime:0.000031s ]
INFO: [ app_init ] --END-- [ RunTime:0.000173s ]
INFO: [ app_begin ] --START--
INFO: Run Behavior\ReadHtmlCacheBehavior [ RunTime:0.000612s ]
INFO: [ app_begin ] --END-- [ RunTime:0.000776s ]
INFO: [ app_end ] --START--
INFO: Run Behavior\ShowPageTraceBehavior [ RunTime:0.000626s ]
INFO: [ app_end ] --END-- [ RunTime:0.000763s ]

[ 2018-09-25T11:00:13+08:00 ] 10.8.66.111 /Sso/Login/login.html
INFO: [ app_init ] --START--
INFO: Run Behavior\BuildLiteBehavior [ RunTime:0.000022s ]
INFO: [ app_init ] --END-- [ RunTime:0.000167s ]
INFO: [ app_begin ] --START--
INFO: Run Behavior\ReadHtmlCacheBehavior [ RunTime:0.000515s ]
INFO: [ app_begin ] --END-- [ RunTime:0.000659s ]
INFO: [ view_parse ] --START--
INFO: [ template_filter ] --START--
INFO: Run Behavior\ContentReplaceBehavior [ RunTime:0.000061s ]
INFO: [ template_filter ] --END-- [ RunTime:0.000163s ]
INFO: Run Behavior\ParseTemplateBehavior [ RunTime:0.006993s ]
INFO: [ view_parse ] --END-- [ RunTime:0.007148s ]
INFO: [ view_filter ] --START--
INFO: Run Behavior\WriteHtmlCacheBehavior [ RunTime:0.000254s ]
INFO: [ view_filter ] --END-- [ RunTime:0.000345s ]
INFO: [ app_end ] --START--
INFO: Run Behavior\ShowPageTraceBehavior [ RunTime:0.000527s ]
INFO: [ app_end ] --END-- [ RunTime:0.000635s ]

[ 2018-09-25T11:00:13+08:00 ] 10.8.66.111 /Sso/Login/verify.html
INFO: [ app_init ] --START--
INFO: Run Behavior\BuildLiteBehavior [ RunTime:0.000023s ]
INFO: [ app_init ] --END-- [ RunTime:0.000150s ]
INFO: [ app_begin ] --START--
INFO: Run Behavior\ReadHtmlCacheBehavior [ RunTime:0.000681s ]
INFO: [ app_begin ] --END-- [ RunTime:0.000905s ]
INFO: [ app_end ] --START--
INFO: Run Behavior\ShowPageTraceBehavior [ RunTime:0.000778s ]
INFO: [ app_end ] --END-- [ RunTime:0.000929s ]

[ 2018-09-25T11:00:14+08:00 ] 10.8.66.111 /Sso/Login/verify.html?0.409307408075241
INFO: [ app_init ] --START--
INFO: Run Behavior\BuildLiteBehavior [ RunTime:0.000039s ]
INFO: [ app_init ] --END-- [ RunTime:0.000249s ]
INFO: [ app_begin ] --START--
INFO: Run Behavior\ReadHtmlCacheBehavior [ RunTime:0.000738s ]
INFO: [ app_begin ] --END-- [ RunTime:0.000994s ]
INFO: [ app_end ] --START--
INFO: Run Behavior\ShowPageTraceBehavior [ RunTime:0.000469s ]
INFO: [ app_end ] --END-- [ RunTime:0.000582s ]

[ 2018-09-25T11:00:15+08:00 ] 10.8.66.111 /Sso/Login/verify.html?0.409307408075241?0.8792680641343693
INFO: [ app_init ] --START--
INFO: Run Behavior\BuildLiteBehavior [ RunTime:0.000035s ]
INFO: [ app_init ] --END-- [ RunTime:0.000182s ]
INFO: [ app_begin ] --START--
INFO: Run Behavior\ReadHtmlCacheBehavior [ RunTime:0.000336s ]
INFO: [ app_begin ] --END-- [ RunTime:0.000448s ]
INFO: [ app_end ] --START--
INFO: Run Behavior\ShowPageTraceBehavior [ RunTime:0.000432s ]
INFO: [ app_end ] --END-- [ RunTime:0.000540s ]

[ 2018-09-25T11:00:16+08:00 ] 10.8.66.111 /Sso/Login/verify.html?0.409307408075241?0.8792680641343693?0.7107001213490438
INFO: [ app_init ] --START--
INFO: Run Behavior\BuildLiteBehavior [ RunTime:0.000019s ]
INFO: [ app_init ] --END-- [ RunTime:0.000123s ]
INFO: [ app_begin ] --START--
INFO: Run Behavior\ReadHtmlCacheBehavior [ RunTime:0.000342s ]
INFO: [ app_begin ] --END-- [ RunTime:0.000448s ]
INFO: [ app_end ] --START--
INFO: Run Behavior\ShowPageTraceBehavior [ RunTime:0.000699s ]
INFO: [ app_end ] --END-- [ RunTime:0.000805s ]

[ 2018-09-25T11:00:24+08:00 ] 10.8.66.111 /Sso/Login/verify.html?0.409307408075241?0.8792680641343693?0.7107001213490438?0.2934805835482439
INFO: [ app_init ] --START--
INFO: Run Behavior\BuildLiteBehavior [ RunTime:0.000023s ]
INFO: [ app_init ] --END-- [ RunTime:0.000177s ]
INFO: [ app_begin ] --START--
INFO: Run Behavior\ReadHtmlCacheBehavior [ RunTime:0.000494s ]
INFO: [ app_begin ] --END-- [ RunTime:0.000639s ]
INFO: [ app_end ] --START--
INFO: Run Behavior\ShowPageTraceBehavior [ RunTime:0.000520s ]
INFO: [ app_end ] --END-- [ RunTime:0.000638s ]

[ 2018-09-25T14:39:38+08:00 ] 10.8.66.111 /Sso/
INFO: [ app_init ] --START--
INFO: Run Behavior\BuildLiteBehavior [ RunTime:0.000027s ]
INFO: [ app_init ] --END-- [ RunTime:0.000150s ]
INFO: [ app_begin ] --START--
INFO: Run Behavior\ReadHtmlCacheBehavior [ RunTime:0.000456s ]
INFO: [ app_begin ] --END-- [ RunTime:0.000567s ]

[ 2018-09-25T14:39:38+08:00 ] 10.8.66.111 /Sso/Login/login.html
INFO: [ app_init ] --START--
INFO: Run Behavior\BuildLiteBehavior [ RunTime:0.000025s ]
INFO: [ app_init ] --END-- [ RunTime:0.000148s ]
INFO: [ app_begin ] --START--
INFO: Run Behavior\ReadHtmlCacheBehavior [ RunTime:0.000345s ]
INFO: [ app_begin ] --END-- [ RunTime:0.000454s ]
INFO: [ view_parse ] --START--
INFO: [ template_filter ] --START--
INFO: Run Behavior\ContentReplaceBehavior [ RunTime:0.000097s ]
INFO: [ template_filter ] --END-- [ RunTime:0.000206s ]
INFO: Run Behavior\ParseTemplateBehavior [ RunTime:0.009133s ]
INFO: [ view_parse ] --END-- [ RunTime:0.009306s ]
INFO: [ view_filter ] --START--
INFO: Run Behavior\WriteHtmlCacheBehavior [ RunTime:0.004583s ]
INFO: [ view_filter ] --END-- [ RunTime:0.004671s ]
INFO: [ app_end ] --START--
INFO: Run Behavior\ShowPageTraceBehavior [ RunTime:0.000450s ]
INFO: [ app_end ] --END-- [ RunTime:0.000566s ]

[ 2018-09-25T14:39:39+08:00 ] 10.8.66.111 /Sso/Login/verify.html
INFO: [ app_init ] --START--
INFO: Run Behavior\BuildLiteBehavior [ RunTime:0.000027s ]
INFO: [ app_init ] --END-- [ RunTime:0.000162s ]
INFO: [ app_begin ] --START--
INFO: Run Behavior\ReadHtmlCacheBehavior [ RunTime:0.000807s ]
INFO: [ app_begin ] --END-- [ RunTime:0.000952s ]
INFO: [ app_end ] --START--
INFO: Run Behavior\ShowPageTraceBehavior [ RunTime:0.001255s ]
INFO: [ app_end ] --END-- [ RunTime:0.001462s ]

[ 2018-09-25T16:20:43+08:00 ] 10.8.66.111 /Sso/Test/index/
INFO: [ app_init ] --START--
INFO: Run Behavior\BuildLiteBehavior [ RunTime:0.000022s ]
INFO: [ app_init ] --END-- [ RunTime:0.000144s ]
INFO: [ app_begin ] --START--
INFO: Run Behavior\ReadHtmlCacheBehavior [ RunTime:0.000474s ]
INFO: [ app_begin ] --END-- [ RunTime:0.000601s ]

[ 2018-09-25T16:20:43+08:00 ] 10.8.66.111 /Sso/Login/login.html
INFO: [ app_init ] --START--
INFO: Run Behavior\BuildLiteBehavior [ RunTime:0.000021s ]
INFO: [ app_init ] --END-- [ RunTime:0.000139s ]
INFO: [ app_begin ] --START--
INFO: Run Behavior\ReadHtmlCacheBehavior [ RunTime:0.000399s ]
INFO: [ app_begin ] --END-- [ RunTime:0.000524s ]
INFO: [ view_parse ] --START--
INFO: [ template_filter ] --START--
INFO: Run Behavior\ContentReplaceBehavior [ RunTime:0.000063s ]
INFO: [ template_filter ] --END-- [ RunTime:0.000177s ]
INFO: Run Behavior\ParseTemplateBehavior [ RunTime:0.006606s ]
INFO: [ view_parse ] --END-- [ RunTime:0.006722s ]
INFO: [ view_filter ] --START--
INFO: Run Behavior\WriteHtmlCacheBehavior [ RunTime:0.000273s ]
INFO: [ view_filter ] --END-- [ RunTime:0.000391s ]
INFO: [ app_end ] --START--
INFO: Run Behavior\ShowPageTraceBehavior [ RunTime:0.000445s ]
INFO: [ app_end ] --END-- [ RunTime:0.000543s ]

[ 2018-09-25T16:20:43+08:00 ] 10.8.66.111 /Sso/Login/verify.html
INFO: [ app_init ] --START--
INFO: Run Behavior\BuildLiteBehavior [ RunTime:0.000026s ]
INFO: [ app_init ] --END-- [ RunTime:0.000171s ]
INFO: [ app_begin ] --START--
INFO: Run Behavior\ReadHtmlCacheBehavior [ RunTime:0.000471s ]
INFO: [ app_begin ] --END-- [ RunTime:0.000614s ]
INFO: [ app_end ] --START--
INFO: Run Behavior\ShowPageTraceBehavior [ RunTime:0.000580s ]
INFO: [ app_end ] --END-- [ RunTime:0.000724s ]

[ 2018-09-25T16:20:54+08:00 ] 10.8.66.111 /Sso/Login/login.html
INFO: [ app_init ] --START--
INFO: Run Behavior\BuildLiteBehavior [ RunTime:0.000056s ]
INFO: [ app_init ] --END-- [ RunTime:0.000240s ]
INFO: [ app_begin ] --START--
INFO: Run Behavior\ReadHtmlCacheBehavior [ RunTime:0.000467s ]
INFO: [ app_begin ] --END-- [ RunTime:0.000594s ]
INFO: [ view_parse ] --START--
INFO: [ template_filter ] --START--
INFO: Run Behavior\ContentReplaceBehavior [ RunTime:0.000114s ]
INFO: [ template_filter ] --END-- [ RunTime:0.000362s ]
INFO: Run Behavior\ParseTemplateBehavior [ RunTime:0.009074s ]
INFO: [ view_parse ] --END-- [ RunTime:0.009199s ]
INFO: [ view_filter ] --START--
INFO: Run Behavior\WriteHtmlCacheBehavior [ RunTime:0.000311s ]
INFO: [ view_filter ] --END-- [ RunTime:0.000402s ]
INFO: [ app_end ] --START--
INFO: Run Behavior\ShowPageTraceBehavior [ RunTime:0.000518s ]
INFO: [ app_end ] --END-- [ RunTime:0.000622s ]

[ 2018-09-25T16:20:54+08:00 ] 10.8.66.111 /Sso/Login/verify.html
INFO: [ app_init ] --START--
INFO: Run Behavior\BuildLiteBehavior [ RunTime:0.000022s ]
INFO: [ app_init ] --END-- [ RunTime:0.000170s ]
INFO: [ app_begin ] --START--
INFO: Run Behavior\ReadHtmlCacheBehavior [ RunTime:0.000403s ]
INFO: [ app_begin ] --END-- [ RunTime:0.000524s ]
INFO: [ app_end ] --START--
INFO: Run Behavior\ShowPageTraceBehavior [ RunTime:0.000518s ]
INFO: [ app_end ] --END-- [ RunTime:0.000646s ]

[ 2018-09-25T16:21:01+08:00 ] 10.8.66.111 /Sso/Login/doLogin.html
INFO: [ app_init ] --START--
INFO: Run Behavior\BuildLiteBehavior [ RunTime:0.000021s ]
INFO: [ app_init ] --END-- [ RunTime:0.000223s ]
INFO: [ app_begin ] --START--
INFO: Run Behavior\ReadHtmlCacheBehavior [ RunTime:0.000768s ]
INFO: [ app_begin ] --END-- [ RunTime:0.000927s ]
SQL: SHOW COLUMNS FROM `zw_admin` [ RunTime:0.0014s ]
SQL: SELECT * FROM `zw_admin` WHERE `user_name` = 'admin' AND `password` = 'e10adc3949ba59abbe56e057f20f883e' AND `status` = 1 LIMIT 1   [ RunTime:0.0003s ]
SQL: UPDATE `zw_admin` SET `lastlogin_time`='1537863661' WHERE `id` = 1 [ RunTime:0.0016s ]

[ 2018-09-25T16:21:01+08:00 ] 10.8.66.111 /Sso/Index/index.html
INFO: [ app_init ] --START--
INFO: Run Behavior\BuildLiteBehavior [ RunTime:0.000020s ]
INFO: [ app_init ] --END-- [ RunTime:0.000130s ]
INFO: [ app_begin ] --START--
INFO: Run Behavior\ReadHtmlCacheBehavior [ RunTime:0.000345s ]
INFO: [ app_begin ] --END-- [ RunTime:0.000452s ]
SQL: SHOW COLUMNS FROM `zw_auth_group_access` [ RunTime:0.0004s ]
NOTIC: [8] Use of undefined constant DB_PREFIX - assumed 'DB_PREFIX' D:\www1\wang\Apps\Sso\Model\AuthGroupAccessModel.class.php 第 28 行.
SQL: SELECT b.rules FROM zw_auth_group_access a LEFT JOIN zw_auth_group b ON b.id=a.group_id  WHERE a.uid = '1'  [ RunTime:0.0003s ]
SQL: SHOW COLUMNS FROM `zw_auth_rule` [ RunTime:0.0004s ]
SQL: SELECT * FROM `zw_auth_rule` WHERE `id` IN ('1','2','5','6','7','8','3','9','10','11','12','4','13','14','15','16','71','72','73','74') AND `is_menu` = 1 AND `status` = 1  [ RunTime:0.0003s ]
INFO: [ view_parse ] --START--
INFO: [ template_filter ] --START--
INFO: Run Behavior\ContentReplaceBehavior [ RunTime:0.000157s ]
INFO: [ template_filter ] --END-- [ RunTime:0.000284s ]
INFO: Run Behavior\ParseTemplateBehavior [ RunTime:0.011421s ]
INFO: [ view_parse ] --END-- [ RunTime:0.011521s ]
INFO: [ view_filter ] --START--
INFO: Run Behavior\WriteHtmlCacheBehavior [ RunTime:0.000187s ]
INFO: [ view_filter ] --END-- [ RunTime:0.000318s ]
INFO: [ app_end ] --START--
INFO: Run Behavior\ShowPageTraceBehavior [ RunTime:0.000428s ]
INFO: [ app_end ] --END-- [ RunTime:0.000530s ]

[ 2018-09-25T16:21:01+08:00 ] 10.8.66.111 /Sso/Index/main.html
INFO: [ app_init ] --START--
INFO: Run Behavior\BuildLiteBehavior [ RunTime:0.000021s ]
INFO: [ app_init ] --END-- [ RunTime:0.000158s ]
INFO: [ app_begin ] --START--
INFO: Run Behavior\ReadHtmlCacheBehavior [ RunTime:0.001059s ]
INFO: [ app_begin ] --END-- [ RunTime:0.001530s ]
INFO: [ view_parse ] --START--
INFO: [ template_filter ] --START--
INFO: Run Behavior\ContentReplaceBehavior [ RunTime:0.000096s ]
INFO: [ template_filter ] --END-- [ RunTime:0.000250s ]
INFO: Run Behavior\ParseTemplateBehavior [ RunTime:0.006231s ]
INFO: [ view_parse ] --END-- [ RunTime:0.006348s ]
INFO: [ view_filter ] --START--
INFO: Run Behavior\WriteHtmlCacheBehavior [ RunTime:0.000228s ]
INFO: [ view_filter ] --END-- [ RunTime:0.000323s ]
INFO: [ app_end ] --START--
INFO: Run Behavior\ShowPageTraceBehavior [ RunTime:0.000924s ]
INFO: [ app_end ] --END-- [ RunTime:0.001070s ]

[ 2018-09-25T16:21:09+08:00 ] 10.8.66.111 /Sso/Test/index/
INFO: [ app_init ] --START--
INFO: Run Behavior\BuildLiteBehavior [ RunTime:0.000022s ]
INFO: [ app_init ] --END-- [ RunTime:0.000140s ]
INFO: [ app_begin ] --START--
INFO: Run Behavior\ReadHtmlCacheBehavior [ RunTime:0.000409s ]
INFO: [ app_begin ] --END-- [ RunTime:0.000532s ]
SQL: SHOW COLUMNS FROM `zw_auth_group_access` [ RunTime:0.0005s ]
SQL: SELECT `uid`,`group_id`,`title`,`rules` FROM zw_auth_group_access a INNER JOIN zw_auth_group g on a.group_id=g.id  WHERE ( a.uid='1' and g.status='1' )  [ RunTime:0.0004s ]
SQL: SHOW COLUMNS FROM `zw_auth_rule` [ RunTime:0.0008s ]
SQL: SELECT `condition`,`menu_name` FROM `zw_auth_rule` WHERE `id` IN ('1','2','5','6','7','8','3','9','10','11','12','4','13','14','15','16','71','72','73','74') AND `type` = 1 AND `status` = 1  [ RunTime:0.0006s ]
INFO: [ view_parse ] --START--
INFO: [ template_filter ] --START--
INFO: Run Behavior\ContentReplaceBehavior [ RunTime:0.000066s ]
INFO: [ template_filter ] --END-- [ RunTime:0.000188s ]
INFO: Run Behavior\ParseTemplateBehavior [ RunTime:0.009962s ]
INFO: [ view_parse ] --END-- [ RunTime:0.010149s ]
INFO: [ view_filter ] --START--
INFO: Run Behavior\WriteHtmlCacheBehavior [ RunTime:0.000421s ]
INFO: [ view_filter ] --END-- [ RunTime:0.000552s ]

[ 2018-09-25T16:22:50+08:00 ] 10.8.66.111 /Sso/Test/index/
INFO: [ app_init ] --START--
INFO: Run Behavior\BuildLiteBehavior [ RunTime:0.000022s ]
INFO: [ app_init ] --END-- [ RunTime:0.000141s ]
INFO: [ app_begin ] --START--
INFO: Run Behavior\ReadHtmlCacheBehavior [ RunTime:0.000461s ]
INFO: [ app_begin ] --END-- [ RunTime:0.000583s ]
SQL: SHOW COLUMNS FROM `zw_auth_group_access` [ RunTime:0.0007s ]
SQL: SELECT `uid`,`group_id`,`title`,`rules` FROM zw_auth_group_access a INNER JOIN zw_auth_group g on a.group_id=g.id  WHERE ( a.uid='1' and g.status='1' )  [ RunTime:0.0004s ]
SQL: SHOW COLUMNS FROM `zw_auth_rule` [ RunTime:0.0008s ]
SQL: SELECT `condition`,`menu_name` FROM `zw_auth_rule` WHERE `id` IN ('1','2','5','6','7','8','3','9','10','11','12','4','13','14','15','16','71','72','73','74') AND `type` = 1 AND `status` = 1  [ RunTime:0.0006s ]
INFO: [ view_parse ] --START--
INFO: [ template_filter ] --START--
INFO: Run Behavior\ContentReplaceBehavior [ RunTime:0.000143s ]
INFO: [ template_filter ] --END-- [ RunTime:0.000345s ]
INFO: Run Behavior\ParseTemplateBehavior [ RunTime:0.010989s ]
INFO: [ view_parse ] --END-- [ RunTime:0.011124s ]
INFO: [ view_filter ] --START--
INFO: Run Behavior\WriteHtmlCacheBehavior [ RunTime:0.000309s ]
INFO: [ view_filter ] --END-- [ RunTime:0.000401s ]

